12/17 01:41:28 [7500 12544 ..\NdCef\NDCefMain.cpp,176] [ShellExecuteExPPT] [ path:C:\Users\Administrator\Desktop\Edbox_ND03041\LobbyProject\Assets\StreamingAssets\NdWebPlugin\CefWebKit\CoursePlayer\3DCefClients.exe]
12/17 01:41:28 [13824 11728 NdCefClientMain.cpp,69] [RunMain 2526:0 "C:\Users\Administrator\Desktop\Edbox_ND03041\LobbyProject\Assets\StreamingAssets\NdWebPlugin\CefWebKit\CoursePlayer\3DCefClients.exe"]
12/17 01:41:28 [13824 11728 NdCefClientAppBrowser.cpp,73] [OnContextInitialized]
12/17 01:41:28 [11000 12308 NdCefClientMain.cpp,69] [RunMain 2526:3 "C:\Users\Administrator\Desktop\Edbox_ND03041\LobbyProject\Assets\StreamingAssets\NdWebPlugin\CefWebKit\CoursePlayer\3DCefClients.exe" --type=gpu-process --channel="13824.0.1957679440\757896967" --no-sandbox --lang=en-US --log-file="C:\Users\Administrator\Desktop\Edbox_ND03041\LobbyProject\Assets\StreamingAssets\NdWebPlugin\CefWebKit\CoursePlayer\debug.log" --supports-dual-gpus=false --gpu-driver-bug-workarounds=2,12,23,51,61 --gpu-vendor-id=0x10de --gpu-device-id=0x1c81 --gpu-driver-vendor=NVIDIA --gpu-driver-version=22.21.13.8476 --lang=en-US --log-file="C:\Users\Administrator\Desktop\Edbox_ND03041\LobbyProject\Assets\StreamingAssets\NdWebPlugin\CefWebKit\CoursePlayer\debug.log" /prefetch:822062411]
12/17 01:41:54 [13824 11728 ..\NdCef\NdCefCommand.cpp,233] [CommandName:OnLoadUrl HWND:3738576] [ParseCommand:{
   "command" : 2,
   "height" : 600,
   "hwnd" : 6621348,
   "id" : 1,
   "ocx" : false,
   "osr" : true,
   "pop" : false,
   "render" : true,
   "show" : false,
   "url" : "https://ndim.101.com/?auth=MAC id=\"F7450F2A0A2FECCD62D63CB678256D75A9A948D7524557047F9CB9BFFF3017966546019F05F093DF\",nonce=\"1544982114921:6maESf3F\",mac=\"zcMYyrv1ghS4dNz2Pw46EImlWbFB6rkcspRniARNo14=\"&app=edbox&lng=zh-CN",
   "width" : 800,
   "x" : 0,
   "y" : 0
}
]
12/17 01:41:54 [13824 11728 browser\NdCefRootWindowWin.cpp,169] [InitAsRender] [with_osr_ browserid:2] [x:0 y:0 width:800 height:600]
12/17 01:41:54 [13824 11728 browser\NdCefRootWindowWin.cpp,685] [CreateNdCefRootWindow] [CreateWindow] [is_popup_:0,with_osr_:1,parent:0 hwnd_:199846 x:0,y:0,width:800,height:600]
12/17 01:41:55 [13824 11728 ..\NdCef\NdCefCommand.cpp,233] [CommandName:OnLoadUrl HWND:3738576] [ParseCommand:{
   "command" : 2,
   "height" : 600,
   "hwnd" : 6621348,
   "id" : 2,
   "ocx" : false,
   "osr" : true,
   "pop" : false,
   "render" : true,
   "show" : false,
   "url" : "https://ndim.101.com/?auth=MAC id=\"F7450F2A0A2FECCD62D63CB678256D75A9A948D7524557047F9CB9BFFF3017966546019F05F093DF\",nonce=\"1544982115002:VyAy98KM\",mac=\"dm6pj39ugYcf44QwSeR4NF8oJudfelSGqlJ/AKYlSpc=\"&app=edbox&lng=zh-CN",
   "width" : 800,
   "x" : 0,
   "y" : 0
}
]
12/17 01:41:55 [13824 11728 browser\NdCefRootWindowWin.cpp,169] [InitAsRender] [with_osr_ browserid:2] [x:0 y:0 width:800 height:600]
12/17 01:41:55 [13824 11728 browser\NdCefRootWindowWin.cpp,685] [CreateNdCefRootWindow] [CreateWindow] [is_popup_:0,with_osr_:1,parent:0 hwnd_:1248360 x:0,y:0,width:800,height:600]
12/17 01:41:55 [13824 11728 browser\NdCefClientHandler.cpp,1039] [OnAfterCreated] [browser:1] [browser_count_:1]
12/17 01:41:55 [13712 8304 NdCefClientMain.cpp,69] [RunMain 2526:1 "C:\Users\Administrator\Desktop\Edbox_ND03041\LobbyProject\Assets\StreamingAssets\NdWebPlugin\CefWebKit\CoursePlayer\3DCefClients.exe" --type=renderer --force-device-scale-factor=1 --no-sandbox --lang=en-US --lang=en-US --log-file="C:\Users\Administrator\Desktop\Edbox_ND03041\LobbyProject\Assets\StreamingAssets\NdWebPlugin\CefWebKit\CoursePlayer\debug.log" --ppapi-flash-path="PepperFlash\pepflashplayer.dll" --ppapi-flash-version=23.0.0.207 --enable-pinch --device-scale-factor=1 --num-raster-threads=2 --content-image-texture-target=3553,3553,3553,3553,3553,3553,3553,3553,3553,3553,3553,3553,3553 --video-image-texture-target=3553 --channel="13824.1.1345375185\358228634" /prefetch:673131151]
12/17 01:41:55 [13824 11728 browser\NdCefClientHandler.cpp,1039] [OnAfterCreated] [browser:2] [browser_count_:1]
12/17 01:41:55 [13116 12984 NdCefClientMain.cpp,69] [RunMain 2526:1 "C:\Users\Administrator\Desktop\Edbox_ND03041\LobbyProject\Assets\StreamingAssets\NdWebPlugin\CefWebKit\CoursePlayer\3DCefClients.exe" --type=renderer --force-device-scale-factor=1 --no-sandbox --lang=en-US --lang=en-US --log-file="C:\Users\Administrator\Desktop\Edbox_ND03041\LobbyProject\Assets\StreamingAssets\NdWebPlugin\CefWebKit\CoursePlayer\debug.log" --ppapi-flash-path="PepperFlash\pepflashplayer.dll" --ppapi-flash-version=23.0.0.207 --enable-pinch --device-scale-factor=1 --num-raster-threads=2 --content-image-texture-target=3553,3553,3553,3553,3553,3553,3553,3553,3553,3553,3553,3553,3553 --video-image-texture-target=3553 --channel="13824.2.1021371702\403511726" /prefetch:673131151]
12/17 01:41:57 [13116 12984 NdCefClientAppRenderer.cpp,37] [OnBrowserCreated:2]
12/17 01:41:59 [13824 11728 browser\NdCefClientHandler.cpp,754] [OnAddressChange] [browserid:2]  [url:https://ndim.101.com/?auth=MAC%20id=%22F7450F2A0A2FECCD62D63CB678256D75A9A948D7524557047F9CB9BFFF3017966546019F05F093DF%22,nonce=%221544982115002:VyAy98KM%22,mac=%22dm6pj39ugYcf44QwSeR4NF8oJudfelSGqlJ/AKYlSpc=%22&app=edbox&lng=zh-CN]
12/17 01:41:59 [13824 11728 browser\NdCefClientHandler.cpp,754] [OnAddressChange] [browserid:1]  [url:https://ndim.101.com/?auth=MAC%20id=%22F7450F2A0A2FECCD62D63CB678256D75A9A948D7524557047F9CB9BFFF3017966546019F05F093DF%22,nonce=%221544982114921:6maESf3F%22,mac=%22zcMYyrv1ghS4dNz2Pw46EImlWbFB6rkcspRniARNo14=%22&app=edbox&lng=zh-CN]
12/17 01:42:03 [13824 11728 browser\NdCefClientHandler.cpp,754] [OnAddressChange] [browserid:1]  [url:https://ndim.101.com/?app=edbox&lng=zh-CN]
12/17 01:42:03 [13824 11728 browser\NdCefClientHandler.cpp,754] [OnAddressChange] [browserid:2]  [url:https://ndim.101.com/?app=edbox&lng=zh-CN]
12/17 01:42:05 [13824 11728 browser\NdCefClientHandler.cpp,754] [OnAddressChange] [browserid:2]  [url:https://ndim.101.com/?app=edbox&lng=zh-CN#/]
12/17 01:42:05 [13824 11728 browser\NdCefClientHandler.cpp,754] [OnAddressChange] [browserid:2]  [url:https://ndim.101.com/?app=edbox&lng=zh-CN#/?_k=6xolcf]
12/17 01:42:05 [13824 11728 browser\NdCefClientHandler.cpp,754] [OnAddressChange] [browserid:1]  [url:https://ndim.101.com/?app=edbox&lng=zh-CN#/]
12/17 01:42:05 [13824 11728 browser\NdCefClientHandler.cpp,754] [OnAddressChange] [browserid:1]  [url:https://ndim.101.com/?app=edbox&lng=zh-CN#/?_k=m18ti3]
12/17 01:42:05 [13824 11728 browser\NdCefClientHandler.cpp,754] [OnAddressChange] [browserid:2]  [url:https://ndim.101.com/?app=edbox&lng=zh-CN#/login?_k=fqmsqj]
12/17 01:42:05 [13824 11728 browser\NdCefClientHandler.cpp,754] [OnAddressChange] [browserid:1]  [url:https://ndim.101.com/?app=edbox&lng=zh-CN#/login?_k=pim2ob]
12/17 01:44:05 [13824 11728 ..\NdCef\NdCefCommand.cpp,233] [CommandName:OnLoadUrl HWND:3738576] [ParseCommand:{
   "command" : 2,
   "height" : 600,
   "hwnd" : 6621348,
   "id" : 3,
   "ocx" : false,
   "osr" : true,
   "pop" : false,
   "render" : true,
   "show" : false,
   "url" : "https://ndim.101.com/?auth=MAC id=\"F7450F2A0A2FECCD62D63CB678256D75A9A948D7524557047F9CB9BFFF3017966546019F05F093DF\",nonce=\"1544982245651:ynlOt7Os\",mac=\"Bu6xZKdJKauR/XhgZBpukbSA9MY5wbC+uYo/TgLj3XM=\"&app=edbox&lng=zh-CN",
   "width" : 800,
   "x" : 0,
   "y" : 0
}
]
12/17 01:44:05 [13824 11728 browser\NdCefRootWindowWin.cpp,169] [InitAsRender] [with_osr_ browserid:2] [x:0 y:0 width:800 height:600]
12/17 01:44:05 [13824 11728 browser\NdCefRootWindowWin.cpp,685] [CreateNdCefRootWindow] [CreateWindow] [is_popup_:0,with_osr_:1,parent:0 hwnd_:47844462 x:0,y:0,width:800,height:600]
12/17 01:44:05 [13824 11728 ..\NdCef\NdCefCommand.cpp,233] [CommandName:OnLoadUrl HWND:3738576] [ParseCommand:{
   "command" : 2,
   "height" : 600,
   "hwnd" : 6621348,
   "id" : 4,
   "ocx" : false,
   "osr" : true,
   "pop" : false,
   "render" : true,
   "show" : false,
   "url" : "https://ndim.101.com/?auth=MAC id=\"F7450F2A0A2FECCD62D63CB678256D75A9A948D7524557047F9CB9BFFF3017966546019F05F093DF\",nonce=\"1544982245671:GBBr3Zl3\",mac=\"TShoDdw3dbi4CTmTBkHDCJ6o7rzrpKelGQb7x4cYi6o=\"&app=edbox&lng=zh-CN",
   "width" : 800,
   "x" : 0,
   "y" : 0
}
]
12/17 01:44:05 [13824 11728 browser\NdCefRootWindowWin.cpp,169] [InitAsRender] [with_osr_ browserid:2] [x:0 y:0 width:800 height:600]
12/17 01:44:05 [13824 11728 browser\NdCefRootWindowWin.cpp,685] [CreateNdCefRootWindow] [CreateWindow] [is_popup_:0,with_osr_:1,parent:0 hwnd_:25103366 x:0,y:0,width:800,height:600]
12/17 01:44:05 [13824 11728 browser\NdCefClientHandler.cpp,1039] [OnAfterCreated] [browser:3] [browser_count_:1]
12/17 01:44:05 [13824 11728 browser\NdCefClientHandler.cpp,1039] [OnAfterCreated] [browser:4] [browser_count_:1]
12/17 01:44:05 [11988 13372 NdCefClientMain.cpp,69] [RunMain 2526:1 "C:\Users\Administrator\Desktop\Edbox_ND03041\LobbyProject\Assets\StreamingAssets\NdWebPlugin\CefWebKit\CoursePlayer\3DCefClients.exe" --type=renderer --force-device-scale-factor=1 --no-sandbox --lang=en-US --lang=en-US --log-file="C:\Users\Administrator\Desktop\Edbox_ND03041\LobbyProject\Assets\StreamingAssets\NdWebPlugin\CefWebKit\CoursePlayer\debug.log" --ppapi-flash-path="PepperFlash\pepflashplayer.dll" --ppapi-flash-version=23.0.0.207 --enable-pinch --device-scale-factor=1 --num-raster-threads=2 --content-image-texture-target=3553,3553,3553,3553,3553,3553,3553,3553,3553,3553,3553,3553,3553 --video-image-texture-target=3553 --channel="13824.4.1286657356\1150968268" /prefetch:673131151]
12/17 01:44:05 [11988 13372 NdCefClientAppRenderer.cpp,37] [OnBrowserCreated:4]
12/17 01:44:05 [3508 11612 NdCefClientMain.cpp,69] [RunMain 2526:1 "C:\Users\Administrator\Desktop\Edbox_ND03041\LobbyProject\Assets\StreamingAssets\NdWebPlugin\CefWebKit\CoursePlayer\3DCefClients.exe" --type=renderer --force-device-scale-factor=1 --no-sandbox --lang=en-US --lang=en-US --log-file="C:\Users\Administrator\Desktop\Edbox_ND03041\LobbyProject\Assets\StreamingAssets\NdWebPlugin\CefWebKit\CoursePlayer\debug.log" --ppapi-flash-path="PepperFlash\pepflashplayer.dll" --ppapi-flash-version=23.0.0.207 --enable-pinch --device-scale-factor=1 --num-raster-threads=2 --content-image-texture-target=3553,3553,3553,3553,3553,3553,3553,3553,3553,3553,3553,3553,3553 --video-image-texture-target=3553 --channel="13824.3.665272569\736113840" /prefetch:673131151]
12/17 01:44:05 [3508 11612 NdCefClientAppRenderer.cpp,37] [OnBrowserCreated:3]
12/17 01:44:05 [13824 11728 browser\NdCefClientHandler.cpp,754] [OnAddressChange] [browserid:4]  [url:https://ndim.101.com/?auth=MAC%20id=%22F7450F2A0A2FECCD62D63CB678256D75A9A948D7524557047F9CB9BFFF3017966546019F05F093DF%22,nonce=%221544982245671:GBBr3Zl3%22,mac=%22TShoDdw3dbi4CTmTBkHDCJ6o7rzrpKelGQb7x4cYi6o=%22&app=edbox&lng=zh-CN]
12/17 01:44:05 [13824 11728 browser\NdCefClientHandler.cpp,754] [OnAddressChange] [browserid:3]  [url:https://ndim.101.com/?auth=MAC%20id=%22F7450F2A0A2FECCD62D63CB678256D75A9A948D7524557047F9CB9BFFF3017966546019F05F093DF%22,nonce=%221544982245651:ynlOt7Os%22,mac=%22Bu6xZKdJKauR/XhgZBpukbSA9MY5wbC+uYo/TgLj3XM=%22&app=edbox&lng=zh-CN]
12/17 01:44:07 [13824 11728 browser\NdCefClientHandler.cpp,754] [OnAddressChange] [browserid:4]  [url:https://ndim.101.com/?app=edbox&lng=zh-CN]
12/17 01:44:07 [13824 11728 browser\NdCefClientHandler.cpp,754] [OnAddressChange] [browserid:3]  [url:https://ndim.101.com/?app=edbox&lng=zh-CN]
12/17 01:44:08 [13824 11728 browser\NdCefClientHandler.cpp,754] [OnAddressChange] [browserid:3]  [url:https://ndim.101.com/?app=edbox&lng=zh-CN#/]
12/17 01:44:08 [13824 11728 browser\NdCefClientHandler.cpp,754] [OnAddressChange] [browserid:3]  [url:https://ndim.101.com/?app=edbox&lng=zh-CN#/?_k=1pck71]
12/17 01:44:08 [13824 11728 browser\NdCefClientHandler.cpp,754] [OnAddressChange] [browserid:3]  [url:https://ndim.101.com/?app=edbox&lng=zh-CN#/login?_k=lj1zsj]
12/17 01:44:08 [13824 11728 browser\NdCefClientHandler.cpp,754] [OnAddressChange] [browserid:4]  [url:https://ndim.101.com/?app=edbox&lng=zh-CN#/]
12/17 01:44:08 [13824 11728 browser\NdCefClientHandler.cpp,754] [OnAddressChange] [browserid:4]  [url:https://ndim.101.com/?app=edbox&lng=zh-CN#/?_k=vfrmqm]
12/17 01:44:08 [13824 11728 browser\NdCefClientHandler.cpp,754] [OnAddressChange] [browserid:4]  [url:https://ndim.101.com/?app=edbox&lng=zh-CN#/login?_k=co0w1o]
12/17 01:44:13 [13824 11728 ..\NdCef\NdCefCommand.cpp,233] [CommandName:OnLoadUrl HWND:3738576] [ParseCommand:{
   "command" : 2,
   "height" : 600,
   "hwnd" : 6621348,
   "id" : 5,
   "ocx" : false,
   "osr" : true,
   "pop" : false,
   "render" : true,
   "show" : false,
   "url" : "https://ndim.101.com/?auth=MAC id=\"F7450F2A0A2FECCD62D63CB678256D75A9A948D7524557047F9CB9BFFF3017966546019F05F093DF\",nonce=\"1544982253114:DwJF0XE4\",mac=\"Ldc4RdabbHnMmza+vlu02iva6G1os8JUnSAFjpZ+ZPw=\"&app=edbox&lng=zh-CN",
   "width" : 800,
   "x" : 0,
   "y" : 0
}
]
12/17 01:44:13 [13824 11728 browser\NdCefRootWindowWin.cpp,169] [InitAsRender] [with_osr_ browserid:2] [x:0 y:0 width:800 height:600]
12/17 01:44:13 [13824 11728 browser\NdCefRootWindowWin.cpp,685] [CreateNdCefRootWindow] [CreateWindow] [is_popup_:0,with_osr_:1,parent:0 hwnd_:265372 x:0,y:0,width:800,height:600]
12/17 01:44:13 [13824 11728 ..\NdCef\NdCefCommand.cpp,233] [CommandName:OnLoadUrl HWND:3738576] [ParseCommand:{
   "command" : 2,
   "height" : 600,
   "hwnd" : 6621348,
   "id" : 6,
   "ocx" : false,
   "osr" : true,
   "pop" : false,
   "render" : true,
   "show" : false,
   "url" : "https://ndim.101.com/?auth=MAC id=\"F7450F2A0A2FECCD62D63CB678256D75A9A948D7524557047F9CB9BFFF3017966546019F05F093DF\",nonce=\"1544982253133:kM2cN5cK\",mac=\"0Bqf4t/P0jNKg7sAsefkKRrjhTq8xKMJkxbVTG597/E=\"&app=edbox&lng=zh-CN",
   "width" : 800,
   "x" : 0,
   "y" : 0
}
]
12/17 01:44:13 [13824 11728 browser\NdCefRootWindowWin.cpp,169] [InitAsRender] [with_osr_ browserid:2] [x:0 y:0 width:800 height:600]
12/17 01:44:13 [13824 11728 browser\NdCefRootWindowWin.cpp,685] [CreateNdCefRootWindow] [CreateWindow] [is_popup_:0,with_osr_:1,parent:0 hwnd_:134296 x:0,y:0,width:800,height:600]
12/17 01:44:13 [13824 11728 browser\NdCefClientHandler.cpp,1039] [OnAfterCreated] [browser:5] [browser_count_:1]
12/17 01:44:13 [13824 11728 browser\NdCefClientHandler.cpp,1039] [OnAfterCreated] [browser:6] [browser_count_:1]
12/17 01:44:13 [14240 13016 NdCefClientMain.cpp,69] [RunMain 2526:1 "C:\Users\Administrator\Desktop\Edbox_ND03041\LobbyProject\Assets\StreamingAssets\NdWebPlugin\CefWebKit\CoursePlayer\3DCefClients.exe" --type=renderer --force-device-scale-factor=1 --no-sandbox --lang=en-US --lang=en-US --log-file="C:\Users\Administrator\Desktop\Edbox_ND03041\LobbyProject\Assets\StreamingAssets\NdWebPlugin\CefWebKit\CoursePlayer\debug.log" --ppapi-flash-path="PepperFlash\pepflashplayer.dll" --ppapi-flash-version=23.0.0.207 --enable-pinch --device-scale-factor=1 --num-raster-threads=2 --content-image-texture-target=3553,3553,3553,3553,3553,3553,3553,3553,3553,3553,3553,3553,3553 --video-image-texture-target=3553 --channel="13824.5.242874016\565742641" /prefetch:673131151]
12/17 01:44:13 [13608 14128 NdCefClientMain.cpp,69] [RunMain 2526:1 "C:\Users\Administrator\Desktop\Edbox_ND03041\LobbyProject\Assets\StreamingAssets\NdWebPlugin\CefWebKit\CoursePlayer\3DCefClients.exe" --type=renderer --force-device-scale-factor=1 --no-sandbox --lang=en-US --lang=en-US --log-file="C:\Users\Administrator\Desktop\Edbox_ND03041\LobbyProject\Assets\StreamingAssets\NdWebPlugin\CefWebKit\CoursePlayer\debug.log" --ppapi-flash-path="PepperFlash\pepflashplayer.dll" --ppapi-flash-version=23.0.0.207 --enable-pinch --device-scale-factor=1 --num-raster-threads=2 --content-image-texture-target=3553,3553,3553,3553,3553,3553,3553,3553,3553,3553,3553,3553,3553 --video-image-texture-target=3553 --channel="13824.6.1930769489\2036825496" /prefetch:673131151]
12/17 01:44:13 [14240 13016 NdCefClientAppRenderer.cpp,37] [OnBrowserCreated:5]
12/17 01:44:13 [13608 14128 NdCefClientAppRenderer.cpp,37] [OnBrowserCreated:6]
12/17 01:44:13 [13824 11728 browser\NdCefClientHandler.cpp,754] [OnAddressChange] [browserid:5]  [url:https://ndim.101.com/?auth=MAC%20id=%22F7450F2A0A2FECCD62D63CB678256D75A9A948D7524557047F9CB9BFFF3017966546019F05F093DF%22,nonce=%221544982253114:DwJF0XE4%22,mac=%22Ldc4RdabbHnMmza+vlu02iva6G1os8JUnSAFjpZ+ZPw=%22&app=edbox&lng=zh-CN]
12/17 01:44:13 [13824 11728 browser\NdCefClientHandler.cpp,754] [OnAddressChange] [browserid:6]  [url:https://ndim.101.com/?auth=MAC%20id=%22F7450F2A0A2FECCD62D63CB678256D75A9A948D7524557047F9CB9BFFF3017966546019F05F093DF%22,nonce=%221544982253133:kM2cN5cK%22,mac=%220Bqf4t/P0jNKg7sAsefkKRrjhTq8xKMJkxbVTG597/E=%22&app=edbox&lng=zh-CN]
12/17 01:44:14 [13824 11728 browser\NdCefClientHandler.cpp,754] [OnAddressChange] [browserid:6]  [url:https://ndim.101.com/?app=edbox&lng=zh-CN]
12/17 01:44:14 [13824 11728 browser\NdCefClientHandler.cpp,754] [OnAddressChange] [browserid:5]  [url:https://ndim.101.com/?app=edbox&lng=zh-CN]
12/17 01:44:15 [13824 11728 browser\NdCefClientHandler.cpp,754] [OnAddressChange] [browserid:5]  [url:https://ndim.101.com/?app=edbox&lng=zh-CN#/]
12/17 01:44:15 [13824 11728 browser\NdCefClientHandler.cpp,754] [OnAddressChange] [browserid:5]  [url:https://ndim.101.com/?app=edbox&lng=zh-CN#/?_k=gffdvt]
12/17 01:44:15 [13824 11728 browser\NdCefClientHandler.cpp,754] [OnAddressChange] [browserid:5]  [url:https://ndim.101.com/?app=edbox&lng=zh-CN#/login?_k=xb31qb]
12/17 01:44:15 [13824 11728 browser\NdCefClientHandler.cpp,754] [OnAddressChange] [browserid:6]  [url:https://ndim.101.com/?app=edbox&lng=zh-CN#/]
12/17 01:44:15 [13824 11728 browser\NdCefClientHandler.cpp,754] [OnAddressChange] [browserid:6]  [url:https://ndim.101.com/?app=edbox&lng=zh-CN#/?_k=j0gf90]
12/17 01:44:15 [13824 11728 browser\NdCefClientHandler.cpp,754] [OnAddressChange] [browserid:6]  [url:https://ndim.101.com/?app=edbox&lng=zh-CN#/login?_k=8m5jig]
12/17 01:44:42 [13824 11728 ..\NdCef\NdCefCommand.cpp,233] [CommandName:OnCloseByWnd HWND:3738576] [ParseCommand:{
   "command" : 8,
   "hwnd" : 0,
   "id" : 7
}
]
12/17 01:44:42 [13824 11728 ..\NdCef\NdCefCommand.cpp,233] [CommandName:OnCloseByWnd HWND:3738576] [ParseCommand:{
   "command" : 8,
   "hwnd" : 0,
   "id" : 8
}
]
12/17 01:44:42 [13824 11728 ..\NdCef\NdCefCommand.cpp,233] [CommandName:OnCloseByWnd HWND:3738576] [ParseCommand:{
   "command" : 8,
   "hwnd" : 0,
   "id" : 9
}
]
12/17 01:44:42 [13824 11728 ..\NdCef\NdCefCommand.cpp,233] [CommandName:OnCloseByWnd HWND:3738576] [ParseCommand:{
   "command" : 8,
   "hwnd" : 0,
   "id" : 10
}
]
12/17 01:44:42 [13824 11728 ..\NdCef\NdCefCommand.cpp,233] [CommandName:OnCloseByWnd HWND:3738576] [ParseCommand:{
   "command" : 8,
   "hwnd" : 0,
   "id" : 11
}
]
12/17 01:44:42 [13824 11728 ..\NdCef\NdCefCommand.cpp,233] [CommandName:OnCloseByWnd HWND:3738576] [ParseCommand:{
   "command" : 8,
   "hwnd" : 0,
   "id" : 12
}
]
12/17 01:44:42 [13824 11728 ..\NdCef\NdCefCommand.cpp,233] [CommandName:OnCloseByWnd HWND:3738576] [ParseCommand:{
   "command" : 8,
   "hwnd" : 0,
   "id" : 13
}
]
12/17 01:44:42 [13824 11728 ..\NdCef\NdCefCommand.cpp,233] [CommandName:OnCloseByWnd HWND:3738576] [ParseCommand:{
   "command" : 8,
   "hwnd" : 0,
   "id" : 14
}
]
12/17 01:44:42 [13824 11728 ..\NdCef\NdCefCommand.cpp,233] [CommandName:OnCloseByWnd HWND:3738576] [ParseCommand:{
   "command" : 8,
   "hwnd" : 0,
   "id" : 15
}
]
12/17 01:44:42 [13824 11728 ..\NdCef\NdCefCommand.cpp,233] [CommandName:OnCloseByWnd HWND:3738576] [ParseCommand:{
   "command" : 8,
   "hwnd" : 0,
   "id" : 16
}
]
12/17 01:44:42 [13824 11728 ..\NdCef\NdCefCommand.cpp,233] [CommandName:OnCloseByWnd HWND:3738576] [ParseCommand:{
   "command" : 8,
   "hwnd" : 0,
   "id" : 17
}
]
12/17 01:44:42 [13824 11728 ..\NdCef\NdCefCommand.cpp,233] [CommandName:OnCloseByWnd HWND:3738576] [ParseCommand:{
   "command" : 8,
   "hwnd" : 0,
   "id" : 18
}
]
12/17 01:44:55 [7500 5204 ..\NdCef\NDCefMain.cpp,176] [ShellExecuteExPPT] [ path:C:\Users\Administrator\Desktop\Edbox_ND03041\LobbyProject\Assets\StreamingAssets\NdWebPlugin\CefWebKit\CoursePlayer\3DCefClients.exe]
12/17 01:44:55 [9856 2884 NdCefClientMain.cpp,69] [RunMain 2526:0 "C:\Users\Administrator\Desktop\Edbox_ND03041\LobbyProject\Assets\StreamingAssets\NdWebPlugin\CefWebKit\CoursePlayer\3DCefClients.exe"]
12/17 01:44:56 [9856 2884 NdCefClientAppBrowser.cpp,73] [OnContextInitialized]
12/17 01:44:56 [2440 2476 NdCefClientMain.cpp,69] [RunMain 2526:3 "C:\Users\Administrator\Desktop\Edbox_ND03041\LobbyProject\Assets\StreamingAssets\NdWebPlugin\CefWebKit\CoursePlayer\3DCefClients.exe" --type=gpu-process --channel="9856.0.1957964245\309582937" --no-sandbox --lang=en-US --log-file="C:\Users\Administrator\Desktop\Edbox_ND03041\LobbyProject\Assets\StreamingAssets\NdWebPlugin\CefWebKit\CoursePlayer\debug.log" --supports-dual-gpus=false --gpu-driver-bug-workarounds=2,12,23,51,61 --gpu-vendor-id=0x10de --gpu-device-id=0x1c81 --gpu-driver-vendor=NVIDIA --gpu-driver-version=22.21.13.8476 --lang=en-US --log-file="C:\Users\Administrator\Desktop\Edbox_ND03041\LobbyProject\Assets\StreamingAssets\NdWebPlugin\CefWebKit\CoursePlayer\debug.log" /prefetch:822062411]
12/17 01:45:18 [9856 2884 ..\NdCef\NdCefCommand.cpp,233] [CommandName:OnLoadUrl HWND:34671516] [ParseCommand:{
   "command" : 2,
   "height" : 600,
   "hwnd" : 6621348,
   "id" : 1,
   "ocx" : false,
   "osr" : true,
   "pop" : false,
   "render" : true,
   "show" : false,
   "url" : "https://ndim.101.com/?auth=MAC id=\"F7450F2A0A2FECCD62D63CB678256D757FF5B54F6A445863D38B674C4008FD8C0866ABB20AC69494\",nonce=\"1544982318367:DJGUoyvh\",mac=\"wTs1rayHnVprd9gEoKk+YLP/P2d7n5/w8ZMax4zO/90=\"&app=edbox&lng=zh-CN",
   "width" : 800,
   "x" : 0,
   "y" : 0
}
]
12/17 01:45:18 [9856 2884 browser\NdCefRootWindowWin.cpp,169] [InitAsRender] [with_osr_ browserid:2] [x:0 y:0 width:800 height:600]
12/17 01:45:18 [9856 2884 browser\NdCefRootWindowWin.cpp,685] [CreateNdCefRootWindow] [CreateWindow] [is_popup_:0,with_osr_:1,parent:0 hwnd_:658586 x:0,y:0,width:800,height:600]
12/17 01:45:18 [9856 2884 ..\NdCef\NdCefCommand.cpp,233] [CommandName:OnLoadUrl HWND:34671516] [ParseCommand:{
   "command" : 2,
   "height" : 600,
   "hwnd" : 6621348,
   "id" : 2,
   "ocx" : false,
   "osr" : true,
   "pop" : false,
   "render" : true,
   "show" : false,
   "url" : "https://ndim.101.com/?auth=MAC id=\"F7450F2A0A2FECCD62D63CB678256D757FF5B54F6A445863D38B674C4008FD8C0866ABB20AC69494\",nonce=\"1544982318399:tdg3KyAy\",mac=\"306YD4PnyB87vI17kd+UMZZeBHxz0YOfUNpXdIM63oY=\"&app=edbox&lng=zh-CN",
   "width" : 800,
   "x" : 0,
   "y" : 0
}
]
12/17 01:45:18 [9856 2884 browser\NdCefRootWindowWin.cpp,169] [InitAsRender] [with_osr_ browserid:2] [x:0 y:0 width:800 height:600]
12/17 01:45:18 [9856 2884 browser\NdCefRootWindowWin.cpp,685] [CreateNdCefRootWindow] [CreateWindow] [is_popup_:0,with_osr_:1,parent:0 hwnd_:199826 x:0,y:0,width:800,height:600]
12/17 01:45:18 [9856 2884 browser\NdCefClientHandler.cpp,1039] [OnAfterCreated] [browser:1] [browser_count_:1]
12/17 01:45:18 [9856 2884 ..\NdCef\NdCefCommand.cpp,233] [CommandName:OnLoadUrl HWND:34671516] [ParseCommand:{
   "command" : 2,
   "height" : 100,
   "hwnd" : 6621348,
   "id" : 1,
   "ocx" : false,
   "osr" : true,
   "pop" : false,
   "render" : true,
   "show" : false,
   "url" : "https://www.baidu.com",
   "width" : 100,
   "x" : 0,
   "y" : 0
}
]
12/17 01:45:18 [744 12544 NdCefClientMain.cpp,69] [RunMain 2526:1 "C:\Users\Administrator\Desktop\Edbox_ND03041\LobbyProject\Assets\StreamingAssets\NdWebPlugin\CefWebKit\CoursePlayer\3DCefClients.exe" --type=renderer --force-device-scale-factor=1 --no-sandbox --lang=en-US --lang=en-US --log-file="C:\Users\Administrator\Desktop\Edbox_ND03041\LobbyProject\Assets\StreamingAssets\NdWebPlugin\CefWebKit\CoursePlayer\debug.log" --ppapi-flash-path="PepperFlash\pepflashplayer.dll" --ppapi-flash-version=23.0.0.207 --enable-pinch --device-scale-factor=1 --num-raster-threads=2 --content-image-texture-target=3553,3553,3553,3553,3553,3553,3553,3553,3553,3553,3553,3553,3553 --video-image-texture-target=3553 --channel="9856.1.771076052\666237205" /prefetch:673131151]
12/17 01:45:18 [7500 5848 ..\NdCef\NDCefMain.cpp,176] [ShellExecuteExPPT] [ path:C:\Users\Administrator\Desktop\Edbox_ND03041\LobbyProject\Assets\StreamingAssets\NdWebPlugin\CefWebKit\CoursePlayer\3DCefClients.exe]
12/17 01:45:18 [14156 11116 NdCefClientMain.cpp,69] [RunMain 2526:0 "C:\Users\Administrator\Desktop\Edbox_ND03041\LobbyProject\Assets\StreamingAssets\NdWebPlugin\CefWebKit\CoursePlayer\3DCefClients.exe"]
12/17 01:45:18 [14156 11116 NdCefClientAppBrowser.cpp,73] [OnContextInitialized]
12/17 01:45:18 [484 504 NdCefClientMain.cpp,69] [RunMain 2526:3 "C:\Users\Administrator\Desktop\Edbox_ND03041\LobbyProject\Assets\StreamingAssets\NdWebPlugin\CefWebKit\CoursePlayer\3DCefClients.exe" --type=gpu-process --channel="14156.0.647026387\1422764457" --no-sandbox --lang=en-US --log-file="C:\Users\Administrator\Desktop\Edbox_ND03041\LobbyProject\Assets\StreamingAssets\NdWebPlugin\CefWebKit\CoursePlayer\debug.log" --supports-dual-gpus=false --gpu-driver-bug-workarounds=2,12,23,51,61 --gpu-vendor-id=0x10de --gpu-device-id=0x1c81 --gpu-driver-vendor=NVIDIA --gpu-driver-version=22.21.13.8476 --lang=en-US --log-file="C:\Users\Administrator\Desktop\Edbox_ND03041\LobbyProject\Assets\StreamingAssets\NdWebPlugin\CefWebKit\CoursePlayer\debug.log" /prefetch:822062411]
12/17 01:46:19 [14156 11116 ..\NdCef\NdCefCommand.cpp,233] [CommandName:OnCloseByWnd HWND:34671516] [ParseCommand:{
   "command" : 8,
   "hwnd" : 0,
   "id" : 3
}
]
12/17 01:46:19 [14156 11116 ..\NdCef\NdCefCommand.cpp,233] [CommandName:OnCloseByWnd HWND:34671516] [ParseCommand:{
   "command" : 8,
   "hwnd" : 0,
   "id" : 4
}
]
12/17 01:46:19 [14156 11116 ..\NdCef\NdCefCommand.cpp,233] [CommandName:OnCloseByWnd HWND:34671516] [ParseCommand:{
   "command" : 8,
   "hwnd" : 0,
   "id" : 5
}
]
12/17 01:46:19 [14156 11116 ..\NdCef\NdCefCommand.cpp,233] [CommandName:OnCloseByWnd HWND:34671516] [ParseCommand:{
   "command" : 8,
   "hwnd" : 0,
   "id" : 6
}
]
12/17 01:46:54 [7500 1676 ..\NdCef\NDCefMain.cpp,176] [ShellExecuteExPPT] [ path:C:\Users\Administrator\Desktop\Edbox_ND03041\LobbyProject\Assets\StreamingAssets\NdWebPlugin\CefWebKit\CoursePlayer\3DCefClients.exe]
12/17 01:46:54 [752 9784 NdCefClientMain.cpp,69] [RunMain 2526:0 "C:\Users\Administrator\Desktop\Edbox_ND03041\LobbyProject\Assets\StreamingAssets\NdWebPlugin\CefWebKit\CoursePlayer\3DCefClients.exe"]
12/17 01:46:54 [752 9784 NdCefClientAppBrowser.cpp,73] [OnContextInitialized]
12/17 01:46:54 [13980 11612 NdCefClientMain.cpp,69] [RunMain 2526:3 "C:\Users\Administrator\Desktop\Edbox_ND03041\LobbyProject\Assets\StreamingAssets\NdWebPlugin\CefWebKit\CoursePlayer\3DCefClients.exe" --type=gpu-process --channel="752.0.1219030042\1269017151" --no-sandbox --lang=en-US --log-file="C:\Users\Administrator\Desktop\Edbox_ND03041\LobbyProject\Assets\StreamingAssets\NdWebPlugin\CefWebKit\CoursePlayer\debug.log" --supports-dual-gpus=false --gpu-driver-bug-workarounds=2,12,23,51,61 --gpu-vendor-id=0x10de --gpu-device-id=0x1c81 --gpu-driver-vendor=NVIDIA --gpu-driver-version=22.21.13.8476 --lang=en-US --log-file="C:\Users\Administrator\Desktop\Edbox_ND03041\LobbyProject\Assets\StreamingAssets\NdWebPlugin\CefWebKit\CoursePlayer\debug.log" /prefetch:822062411]
12/17 01:47:11 [752 9784 ..\NdCef\NdCefCommand.cpp,233] [CommandName:OnLoadUrl HWND:986252] [ParseCommand:{
   "command" : 2,
   "height" : 600,
   "hwnd" : 6621348,
   "id" : 1,
   "ocx" : false,
   "osr" : true,
   "pop" : false,
   "render" : true,
   "show" : false,
   "url" : "https://ndim.101.com/?auth=MAC id=\"F7450F2A0A2FECCD62D63CB678256D75174C5FD310F8F6D0E14DFE290AB245F8A2429632C0E166EC\",nonce=\"1544982431728:2dRKtSLG\",mac=\"jtbl8vCY8G/uRiqPnjTWJPlaPRARCmnT++AkP6iASeg=\"&app=edbox&lng=zh-CN",
   "width" : 800,
   "x" : 0,
   "y" : 0
}
]
12/17 01:47:11 [752 9784 browser\NdCefRootWindowWin.cpp,169] [InitAsRender] [with_osr_ browserid:2] [x:0 y:0 width:800 height:600]
12/17 01:47:11 [752 9784 browser\NdCefRootWindowWin.cpp,685] [CreateNdCefRootWindow] [CreateWindow] [is_popup_:0,with_osr_:1,parent:0 hwnd_:29690232 x:0,y:0,width:800,height:600]
12/17 01:47:11 [752 9784 ..\NdCef\NdCefCommand.cpp,233] [CommandName:OnLoadUrl HWND:986252] [ParseCommand:{
   "command" : 2,
   "height" : 600,
   "hwnd" : 6621348,
   "id" : 2,
   "ocx" : false,
   "osr" : true,
   "pop" : false,
   "render" : true,
   "show" : false,
   "url" : "https://ndim.101.com/?auth=MAC id=\"F7450F2A0A2FECCD62D63CB678256D75174C5FD310F8F6D0E14DFE290AB245F8A2429632C0E166EC\",nonce=\"1544982431762:SHqSPTQX\",mac=\"vX8GQNqs5UxaYFqUBVt5hJ2kjWz5TTra0Scs0WgGV20=\"&app=edbox&lng=zh-CN",
   "width" : 800,
   "x" : 0,
   "y" : 0
}
]
12/17 01:47:11 [752 9784 browser\NdCefRootWindowWin.cpp,169] [InitAsRender] [with_osr_ browserid:2] [x:0 y:0 width:800 height:600]
12/17 01:47:11 [752 9784 browser\NdCefRootWindowWin.cpp,685] [CreateNdCefRootWindow] [CreateWindow] [is_popup_:0,with_osr_:1,parent:0 hwnd_:7736378 x:0,y:0,width:800,height:600]
12/17 01:47:11 [752 9784 browser\NdCefClientHandler.cpp,1039] [OnAfterCreated] [browser:1] [browser_count_:1]
12/17 01:47:11 [752 9784 ..\NdCef\NdCefCommand.cpp,233] [CommandName:OnLoadUrl HWND:986252] [ParseCommand:{
   "command" : 2,
   "height" : 100,
   "hwnd" : 6621348,
   "id" : 1,
   "ocx" : false,
   "osr" : true,
   "pop" : false,
   "render" : true,
   "show" : false,
   "url" : "https://www.baidu.com",
   "width" : 100,
   "x" : 0,
   "y" : 0
}
]
12/17 01:47:11 [7812 996 NdCefClientMain.cpp,69] [RunMain 2526:1 "C:\Users\Administrator\Desktop\Edbox_ND03041\LobbyProject\Assets\StreamingAssets\NdWebPlugin\CefWebKit\CoursePlayer\3DCefClients.exe" --type=renderer --force-device-scale-factor=1 --no-sandbox --lang=en-US --lang=en-US --log-file="C:\Users\Administrator\Desktop\Edbox_ND03041\LobbyProject\Assets\StreamingAssets\NdWebPlugin\CefWebKit\CoursePlayer\debug.log" --ppapi-flash-path="PepperFlash\pepflashplayer.dll" --ppapi-flash-version=23.0.0.207 --enable-pinch --device-scale-factor=1 --num-raster-threads=2 --content-image-texture-target=3553,3553,3553,3553,3553,3553,3553,3553,3553,3553,3553,3553,3553 --video-image-texture-target=3553 --channel="752.1.105451736\478029881" /prefetch:673131151]
12/17 01:47:11 [7500 5848 ..\NdCef\NDCefMain.cpp,176] [ShellExecuteExPPT] [ path:C:\Users\Administrator\Desktop\Edbox_ND03041\LobbyProject\Assets\StreamingAssets\NdWebPlugin\CefWebKit\CoursePlayer\3DCefClients.exe]
12/17 01:47:11 [7440 14188 NdCefClientMain.cpp,69] [RunMain 2526:0 "C:\Users\Administrator\Desktop\Edbox_ND03041\LobbyProject\Assets\StreamingAssets\NdWebPlugin\CefWebKit\CoursePlayer\3DCefClients.exe"]
12/17 01:47:11 [7440 14188 NdCefClientAppBrowser.cpp,73] [OnContextInitialized]
12/17 01:47:12 [10548 11148 NdCefClientMain.cpp,69] [RunMain 2526:3 "C:\Users\Administrator\Desktop\Edbox_ND03041\LobbyProject\Assets\StreamingAssets\NdWebPlugin\CefWebKit\CoursePlayer\3DCefClients.exe" --type=gpu-process --channel="7440.0.1087405503\1726016888" --no-sandbox --lang=en-US --log-file="C:\Users\Administrator\Desktop\Edbox_ND03041\LobbyProject\Assets\StreamingAssets\NdWebPlugin\CefWebKit\CoursePlayer\debug.log" --supports-dual-gpus=false --gpu-driver-bug-workarounds=2,12,23,51,61 --gpu-vendor-id=0x10de --gpu-device-id=0x1c81 --gpu-driver-vendor=NVIDIA --gpu-driver-version=22.21.13.8476 --lang=en-US --log-file="C:\Users\Administrator\Desktop\Edbox_ND03041\LobbyProject\Assets\StreamingAssets\NdWebPlugin\CefWebKit\CoursePlayer\debug.log" /prefetch:822062411]
12/17 01:59:18 [7440 14188 ..\NdCef\NdCefCommand.cpp,233] [CommandName:OnCloseByWnd HWND:986252] [ParseCommand:{
   "command" : 8,
   "hwnd" : 0,
   "id" : 3
}
]
12/17 01:59:18 [7440 14188 ..\NdCef\NdCefCommand.cpp,233] [CommandName:OnCloseByWnd HWND:986252] [ParseCommand:{
   "command" : 8,
   "hwnd" : 0,
   "id" : 4
}
]
12/17 01:59:18 [7440 14188 ..\NdCef\NdCefCommand.cpp,233] [CommandName:OnCloseByWnd HWND:986252] [ParseCommand:{
   "command" : 8,
   "hwnd" : 0,
   "id" : 5
}
]
12/17 01:59:18 [7440 14188 ..\NdCef\NdCefCommand.cpp,233] [CommandName:OnCloseByWnd HWND:986252] [ParseCommand:{
   "command" : 8,
   "hwnd" : 0,
   "id" : 6
}
]
12/17 01:59:29 [7500 10340 ..\NdCef\NDCefMain.cpp,176] [ShellExecuteExPPT] [ path:C:\Users\Administrator\Desktop\Edbox_ND03041\LobbyProject\Assets\StreamingAssets\NdWebPlugin\CefWebKit\CoursePlayer\3DCefClients.exe]
12/17 01:59:29 [11612 2804 NdCefClientMain.cpp,69] [RunMain 2526:0 "C:\Users\Administrator\Desktop\Edbox_ND03041\LobbyProject\Assets\StreamingAssets\NdWebPlugin\CefWebKit\CoursePlayer\3DCefClients.exe"]
12/17 01:59:30 [11612 2804 NdCefClientAppBrowser.cpp,73] [OnContextInitialized]
12/17 01:59:30 [12520 13164 NdCefClientMain.cpp,69] [RunMain 2526:3 "C:\Users\Administrator\Desktop\Edbox_ND03041\LobbyProject\Assets\StreamingAssets\NdWebPlugin\CefWebKit\CoursePlayer\3DCefClients.exe" --type=gpu-process --channel="11612.0.1288492657\1638563819" --no-sandbox --lang=en-US --log-file="C:\Users\Administrator\Desktop\Edbox_ND03041\LobbyProject\Assets\StreamingAssets\NdWebPlugin\CefWebKit\CoursePlayer\debug.log" --supports-dual-gpus=false --gpu-driver-bug-workarounds=2,12,23,51,61 --gpu-vendor-id=0x10de --gpu-device-id=0x1c81 --gpu-driver-vendor=NVIDIA --gpu-driver-version=22.21.13.8476 --lang=en-US --log-file="C:\Users\Administrator\Desktop\Edbox_ND03041\LobbyProject\Assets\StreamingAssets\NdWebPlugin\CefWebKit\CoursePlayer\debug.log" /prefetch:822062411]
12/17 01:59:32 [11612 2804 ..\NdCef\NdCefCommand.cpp,233] [CommandName:OnLoadUrl HWND:7932986] [ParseCommand:{
   "command" : 2,
   "height" : 100,
   "hwnd" : 6621348,
   "id" : 1,
   "ocx" : false,
   "osr" : true,
   "pop" : false,
   "render" : true,
   "show" : false,
   "url" : "https://www.baidu.com",
   "width" : 100,
   "x" : 0,
   "y" : 0
}
]
12/17 01:59:32 [11612 2804 browser\NdCefRootWindowWin.cpp,169] [InitAsRender] [with_osr_ browserid:2] [x:0 y:0 width:100 height:100]
12/17 01:59:32 [11612 2804 browser\NdCefRootWindowWin.cpp,685] [CreateNdCefRootWindow] [CreateWindow] [is_popup_:0,with_osr_:1,parent:0 hwnd_:59575396 x:0,y:0,width:100,height:100]
12/17 01:59:32 [11612 2804 browser\NdCefClientHandler.cpp,1039] [OnAfterCreated] [browser:1] [browser_count_:1]
12/17 01:59:32 [9308 11384 NdCefClientMain.cpp,69] [RunMain 2526:1 "C:\Users\Administrator\Desktop\Edbox_ND03041\LobbyProject\Assets\StreamingAssets\NdWebPlugin\CefWebKit\CoursePlayer\3DCefClients.exe" --type=renderer --force-device-scale-factor=1 --no-sandbox --lang=en-US --lang=en-US --log-file="C:\Users\Administrator\Desktop\Edbox_ND03041\LobbyProject\Assets\StreamingAssets\NdWebPlugin\CefWebKit\CoursePlayer\debug.log" --ppapi-flash-path="PepperFlash\pepflashplayer.dll" --ppapi-flash-version=23.0.0.207 --enable-pinch --device-scale-factor=1 --num-raster-threads=2 --content-image-texture-target=3553,3553,3553,3553,3553,3553,3553,3553,3553,3553,3553,3553,3553 --video-image-texture-target=3553 --channel="11612.1.1458267778\936025181" /prefetch:673131151]
12/17 01:59:32 [9308 11384 NdCefClientAppRenderer.cpp,37] [OnBrowserCreated:1]
12/17 01:59:34 [11612 2804 browser\NdCefClientHandler.cpp,754] [OnAddressChange] [browserid:1]  [url:https://www.baidu.com/]
12/17 02:01:13 [11612 2804 ..\NdCef\NdCefCommand.cpp,233] [CommandName:OnCloseByWnd HWND:7932986] [ParseCommand:{
   "command" : 8,
   "hwnd" : 0,
   "id" : 2
}
]
12/17 02:01:13 [11612 2804 ..\NdCef\NdCefCommand.cpp,233] [CommandName:OnCloseByWnd HWND:7932986] [ParseCommand:{
   "command" : 8,
   "hwnd" : 0,
   "id" : 3
}
]
12/17 02:01:28 [7500 11472 ..\NdCef\NDCefMain.cpp,176] [ShellExecuteExPPT] [ path:C:\Users\Administrator\Desktop\Edbox_ND03041\LobbyProject\Assets\StreamingAssets\NdWebPlugin\CefWebKit\CoursePlayer\3DCefClients.exe]
12/17 02:01:28 [7224 11164 NdCefClientMain.cpp,69] [RunMain 2526:0 "C:\Users\Administrator\Desktop\Edbox_ND03041\LobbyProject\Assets\StreamingAssets\NdWebPlugin\CefWebKit\CoursePlayer\3DCefClients.exe"]
12/17 02:01:28 [7224 11164 NdCefClientAppBrowser.cpp,73] [OnContextInitialized]
12/17 02:01:28 [13984 11200 NdCefClientMain.cpp,69] [RunMain 2526:3 "C:\Users\Administrator\Desktop\Edbox_ND03041\LobbyProject\Assets\StreamingAssets\NdWebPlugin\CefWebKit\CoursePlayer\3DCefClients.exe" --type=gpu-process --channel="7224.0.600152310\1626484203" --no-sandbox --lang=en-US --log-file="C:\Users\Administrator\Desktop\Edbox_ND03041\LobbyProject\Assets\StreamingAssets\NdWebPlugin\CefWebKit\CoursePlayer\debug.log" --supports-dual-gpus=false --gpu-driver-bug-workarounds=2,12,23,51,61 --gpu-vendor-id=0x10de --gpu-device-id=0x1c81 --gpu-driver-vendor=NVIDIA --gpu-driver-version=22.21.13.8476 --lang=en-US --log-file="C:\Users\Administrator\Desktop\Edbox_ND03041\LobbyProject\Assets\StreamingAssets\NdWebPlugin\CefWebKit\CoursePlayer\debug.log" /prefetch:822062411]
12/17 02:01:57 [7500 9264 ..\NdCef\NDCefMain.cpp,176] [ShellExecuteExPPT] [ path:C:\Users\Administrator\Desktop\Edbox_ND03041\LobbyProject\Assets\StreamingAssets\NdWebPlugin\CefWebKit\CoursePlayer\3DCefClients.exe]
12/17 02:01:57 [13880 11324 NdCefClientMain.cpp,69] [RunMain 2526:0 "C:\Users\Administrator\Desktop\Edbox_ND03041\LobbyProject\Assets\StreamingAssets\NdWebPlugin\CefWebKit\CoursePlayer\3DCefClients.exe"]
12/17 02:01:57 [13880 11324 NdCefClientAppBrowser.cpp,73] [OnContextInitialized]
12/17 02:01:57 [13940 2340 NdCefClientMain.cpp,69] [RunMain 2526:3 "C:\Users\Administrator\Desktop\Edbox_ND03041\LobbyProject\Assets\StreamingAssets\NdWebPlugin\CefWebKit\CoursePlayer\3DCefClients.exe" --type=gpu-process --channel="13880.0.1151321873\571644329" --no-sandbox --lang=en-US --log-file="C:\Users\Administrator\Desktop\Edbox_ND03041\LobbyProject\Assets\StreamingAssets\NdWebPlugin\CefWebKit\CoursePlayer\debug.log" --supports-dual-gpus=false --gpu-driver-bug-workarounds=2,12,23,51,61 --gpu-vendor-id=0x10de --gpu-device-id=0x1c81 --gpu-driver-vendor=NVIDIA --gpu-driver-version=22.21.13.8476 --lang=en-US --log-file="C:\Users\Administrator\Desktop\Edbox_ND03041\LobbyProject\Assets\StreamingAssets\NdWebPlugin\CefWebKit\CoursePlayer\debug.log" /prefetch:822062411]
12/17 02:02:15 [13880 11324 ..\NdCef\NdCefCommand.cpp,233] [CommandName:OnLoadUrl HWND:4196222] [ParseCommand:{
   "command" : 2,
   "height" : 600,
   "hwnd" : 6621348,
   "id" : 1,
   "ocx" : false,
   "osr" : true,
   "pop" : false,
   "render" : true,
   "show" : false,
   "url" : "https://ndim.101.com/?auth=MAC id=\"F7450F2A0A2FECCD62D63CB678256D755973FCC3B35DA7F3C9706E2F6465202120964311B520C499\",nonce=\"1544983335629:eBhc14Jo\",mac=\"cs51eko0iGZXQU/TGOKs4SvH8Et9ZMnR9cLhdXP8M8Q=\"&app=edbox&lng=zh-CN",
   "width" : 800,
   "x" : 0,
   "y" : 0
}
]
12/17 02:02:15 [13880 11324 browser\NdCefRootWindowWin.cpp,169] [InitAsRender] [with_osr_ browserid:2] [x:0 y:0 width:800 height:600]
12/17 02:02:15 [13880 11324 browser\NdCefRootWindowWin.cpp,685] [CreateNdCefRootWindow] [CreateWindow] [is_popup_:0,with_osr_:1,parent:0 hwnd_:4262930 x:0,y:0,width:800,height:600]
12/17 02:02:15 [13880 11324 ..\NdCef\NdCefCommand.cpp,233] [CommandName:OnLoadUrl HWND:4196222] [ParseCommand:{
   "command" : 2,
   "height" : 600,
   "hwnd" : 6621348,
   "id" : 2,
   "ocx" : false,
   "osr" : true,
   "pop" : false,
   "render" : true,
   "show" : false,
   "url" : "https://ndim.101.com/?auth=MAC id=\"F7450F2A0A2FECCD62D63CB678256D755973FCC3B35DA7F3C9706E2F6465202120964311B520C499\",nonce=\"1544983335658:nOyPAWgY\",mac=\"n8ePJCtzC3nJ/UtDoelsGV6cXSd0C+4MIKDF65yicO4=\"&app=edbox&lng=zh-CN",
   "width" : 800,
   "x" : 0,
   "y" : 0
}
]
12/17 02:02:15 [13880 11324 browser\NdCefRootWindowWin.cpp,169] [InitAsRender] [with_osr_ browserid:2] [x:0 y:0 width:800 height:600]
12/17 02:02:15 [13880 11324 browser\NdCefRootWindowWin.cpp,685] [CreateNdCefRootWindow] [CreateWindow] [is_popup_:0,with_osr_:1,parent:0 hwnd_:50203088 x:0,y:0,width:800,height:600]
12/17 02:02:15 [13880 11324 browser\NdCefClientHandler.cpp,1039] [OnAfterCreated] [browser:1] [browser_count_:1]
12/17 02:02:15 [13880 11324 ..\NdCef\NdCefCommand.cpp,233] [CommandName:OnLoadUrl HWND:4196222] [ParseCommand:{
   "command" : 2,
   "height" : 100,
   "hwnd" : 6621348,
   "id" : 1,
   "ocx" : false,
   "osr" : true,
   "pop" : false,
   "render" : true,
   "show" : false,
   "url" : "https://www.baidu.com",
   "width" : 100,
   "x" : 0,
   "y" : 0
}
]
12/17 02:02:15 [14048 13812 NdCefClientMain.cpp,69] [RunMain 2526:1 "C:\Users\Administrator\Desktop\Edbox_ND03041\LobbyProject\Assets\StreamingAssets\NdWebPlugin\CefWebKit\CoursePlayer\3DCefClients.exe" --type=renderer --force-device-scale-factor=1 --no-sandbox --lang=en-US --lang=en-US --log-file="C:\Users\Administrator\Desktop\Edbox_ND03041\LobbyProject\Assets\StreamingAssets\NdWebPlugin\CefWebKit\CoursePlayer\debug.log" --ppapi-flash-path="PepperFlash\pepflashplayer.dll" --ppapi-flash-version=23.0.0.207 --enable-pinch --device-scale-factor=1 --num-raster-threads=2 --content-image-texture-target=3553,3553,3553,3553,3553,3553,3553,3553,3553,3553,3553,3553,3553 --video-image-texture-target=3553 --channel="13880.1.1517802849\1855376232" /prefetch:673131151]
12/17 02:02:15 [7500 5848 ..\NdCef\NDCefMain.cpp,176] [ShellExecuteExPPT] [ path:C:\Users\Administrator\Desktop\Edbox_ND03041\LobbyProject\Assets\StreamingAssets\NdWebPlugin\CefWebKit\CoursePlayer\3DCefClients.exe]
12/17 02:02:15 [12812 13864 NdCefClientMain.cpp,69] [RunMain 2526:0 "C:\Users\Administrator\Desktop\Edbox_ND03041\LobbyProject\Assets\StreamingAssets\NdWebPlugin\CefWebKit\CoursePlayer\3DCefClients.exe"]
12/17 02:02:15 [12812 13864 NdCefClientAppBrowser.cpp,73] [OnContextInitialized]
12/17 02:02:15 [8172 776 NdCefClientMain.cpp,69] [RunMain 2526:3 "C:\Users\Administrator\Desktop\Edbox_ND03041\LobbyProject\Assets\StreamingAssets\NdWebPlugin\CefWebKit\CoursePlayer\3DCefClients.exe" --type=gpu-process --channel="12812.0.744485386\1395094830" --no-sandbox --lang=en-US --log-file="C:\Users\Administrator\Desktop\Edbox_ND03041\LobbyProject\Assets\StreamingAssets\NdWebPlugin\CefWebKit\CoursePlayer\debug.log" --supports-dual-gpus=false --gpu-driver-bug-workarounds=2,12,23,51,61 --gpu-vendor-id=0x10de --gpu-device-id=0x1c81 --gpu-driver-vendor=NVIDIA --gpu-driver-version=22.21.13.8476 --lang=en-US --log-file="C:\Users\Administrator\Desktop\Edbox_ND03041\LobbyProject\Assets\StreamingAssets\NdWebPlugin\CefWebKit\CoursePlayer\debug.log" /prefetch:822062411]
12/17 02:37:08 [12812 13864 ..\NdCef\NdCefCommand.cpp,233] [CommandName:OnCloseByWnd HWND:4196222] [ParseCommand:{
   "command" : 8,
   "hwnd" : 0,
   "id" : 3
}
]
12/17 02:37:08 [12812 13864 ..\NdCef\NdCefCommand.cpp,233] [CommandName:OnCloseByWnd HWND:4196222] [ParseCommand:{
   "command" : 8,
   "hwnd" : 0,
   "id" : 4
}
]
12/17 02:37:08 [12812 13864 ..\NdCef\NdCefCommand.cpp,233] [CommandName:OnCloseByWnd HWND:4196222] [ParseCommand:{
   "command" : 8,
   "hwnd" : 0,
   "id" : 5
}
]
12/17 02:37:08 [12812 13864 ..\NdCef\NdCefCommand.cpp,233] [CommandName:OnCloseByWnd HWND:4196222] [ParseCommand:{
   "command" : 8,
   "hwnd" : 0,
   "id" : 6
}
]
12/17 10:47:52 [10116 3292 ..\NdCef\NDCefMain.cpp,176] [ShellExecuteExPPT] [ path:C:\Users\Administrator\Desktop\Edbox_ND03041\LobbyProject\Assets\StreamingAssets\NdWebPlugin\CefWebKit\CoursePlayer\3DCefClients.exe]
12/17 10:47:53 [9888 9560 NdCefClientMain.cpp,69] [RunMain 2526:0 "C:\Users\Administrator\Desktop\Edbox_ND03041\LobbyProject\Assets\StreamingAssets\NdWebPlugin\CefWebKit\CoursePlayer\3DCefClients.exe"]
12/17 10:47:53 [9888 9560 NdCefClientAppBrowser.cpp,73] [OnContextInitialized]
12/17 10:47:53 [10200 4224 NdCefClientMain.cpp,69] [RunMain 2526:3 "C:\Users\Administrator\Desktop\Edbox_ND03041\LobbyProject\Assets\StreamingAssets\NdWebPlugin\CefWebKit\CoursePlayer\3DCefClients.exe" --type=gpu-process --channel="9888.0.1534476712\2066353016" --no-sandbox --lang=en-US --log-file="C:\Users\Administrator\Desktop\Edbox_ND03041\LobbyProject\Assets\StreamingAssets\NdWebPlugin\CefWebKit\CoursePlayer\debug.log" --supports-dual-gpus=false --gpu-driver-bug-workarounds=2,12,23,51,61 --gpu-vendor-id=0x10de --gpu-device-id=0x1c81 --gpu-driver-vendor=NVIDIA --gpu-driver-version=22.21.13.8476 --lang=en-US --log-file="C:\Users\Administrator\Desktop\Edbox_ND03041\LobbyProject\Assets\StreamingAssets\NdWebPlugin\CefWebKit\CoursePlayer\debug.log" /prefetch:822062411]
12/17 14:59:57 [8388 12480 ..\NdCef\NDCefMain.cpp,176] [ShellExecuteExPPT] [ path:C:\Users\Administrator\Desktop\Edbox_ND03041\LobbyProject\Assets\StreamingAssets\NdWebPlugin\CefWebKit\CoursePlayer\3DCefClients.exe]
12/17 14:59:57 [12452 10828 NdCefClientMain.cpp,69] [RunMain 2526:0 "C:\Users\Administrator\Desktop\Edbox_ND03041\LobbyProject\Assets\StreamingAssets\NdWebPlugin\CefWebKit\CoursePlayer\3DCefClients.exe"]
12/17 14:59:57 [12452 10828 NdCefClientAppBrowser.cpp,73] [OnContextInitialized]
12/17 14:59:57 [10804 10132 NdCefClientMain.cpp,69] [RunMain 2526:3 "C:\Users\Administrator\Desktop\Edbox_ND03041\LobbyProject\Assets\StreamingAssets\NdWebPlugin\CefWebKit\CoursePlayer\3DCefClients.exe" --type=gpu-process --channel="12452.0.581481178\996998611" --no-sandbox --lang=en-US --log-file="C:\Users\Administrator\Desktop\Edbox_ND03041\LobbyProject\Assets\StreamingAssets\NdWebPlugin\CefWebKit\CoursePlayer\debug.log" --supports-dual-gpus=false --gpu-driver-bug-workarounds=2,12,23,51,61 --gpu-vendor-id=0x10de --gpu-device-id=0x1c81 --gpu-driver-vendor=NVIDIA --gpu-driver-version=22.21.13.8476 --lang=en-US --log-file="C:\Users\Administrator\Desktop\Edbox_ND03041\LobbyProject\Assets\StreamingAssets\NdWebPlugin\CefWebKit\CoursePlayer\debug.log" /prefetch:822062411]
12/17 16:21:46 [10016 12584 ..\NdCef\NDCefMain.cpp,176] [ShellExecuteExPPT] [ path:C:\Users\Administrator\Desktop\Edbox_ND03041\LobbyProject\Assets\StreamingAssets\NdWebPlugin\CefWebKit\CoursePlayer\3DCefClients.exe]
12/17 16:21:46 [11796 9648 NdCefClientMain.cpp,69] [RunMain 2526:0 "C:\Users\Administrator\Desktop\Edbox_ND03041\LobbyProject\Assets\StreamingAssets\NdWebPlugin\CefWebKit\CoursePlayer\3DCefClients.exe"]
12/17 16:21:46 [11796 9648 NdCefClientAppBrowser.cpp,73] [OnContextInitialized]
12/17 16:21:46 [9644 9368 NdCefClientMain.cpp,69] [RunMain 2526:3 "C:\Users\Administrator\Desktop\Edbox_ND03041\LobbyProject\Assets\StreamingAssets\NdWebPlugin\CefWebKit\CoursePlayer\3DCefClients.exe" --type=gpu-process --channel="11796.0.656418883\951591254" --no-sandbox --lang=en-US --log-file="C:\Users\Administrator\Desktop\Edbox_ND03041\LobbyProject\Assets\StreamingAssets\NdWebPlugin\CefWebKit\CoursePlayer\debug.log" --supports-dual-gpus=false --gpu-driver-bug-workarounds=2,12,23,51,61 --gpu-vendor-id=0x10de --gpu-device-id=0x1c81 --gpu-driver-vendor=NVIDIA --gpu-driver-version=22.21.13.8476 --lang=en-US --log-file="C:\Users\Administrator\Desktop\Edbox_ND03041\LobbyProject\Assets\StreamingAssets\NdWebPlugin\CefWebKit\CoursePlayer\debug.log" /prefetch:822062411]
12/17 17:21:57 [10016 768 ..\NdCef\NDCefMain.cpp,176] [ShellExecuteExPPT] [ path:C:\Users\Administrator\Desktop\Edbox_ND03041\LobbyProject\Assets\StreamingAssets\NdWebPlugin\CefWebKit\CoursePlayer\3DCefClients.exe]
12/17 17:21:57 [9768 12708 NdCefClientMain.cpp,69] [RunMain 2526:0 "C:\Users\Administrator\Desktop\Edbox_ND03041\LobbyProject\Assets\StreamingAssets\NdWebPlugin\CefWebKit\CoursePlayer\3DCefClients.exe"]
12/17 17:21:57 [9768 12708 NdCefClientAppBrowser.cpp,73] [OnContextInitialized]
12/17 17:21:57 [4940 11832 NdCefClientMain.cpp,69] [RunMain 2526:3 "C:\Users\Administrator\Desktop\Edbox_ND03041\LobbyProject\Assets\StreamingAssets\NdWebPlugin\CefWebKit\CoursePlayer\3DCefClients.exe" --type=gpu-process --channel="9768.0.1168403651\19211634" --no-sandbox --lang=en-US --log-file="C:\Users\Administrator\Desktop\Edbox_ND03041\LobbyProject\Assets\StreamingAssets\NdWebPlugin\CefWebKit\CoursePlayer\debug.log" --supports-dual-gpus=false --gpu-driver-bug-workarounds=2,12,23,51,61 --gpu-vendor-id=0x10de --gpu-device-id=0x1c81 --gpu-driver-vendor=NVIDIA --gpu-driver-version=22.21.13.8476 --lang=en-US --log-file="C:\Users\Administrator\Desktop\Edbox_ND03041\LobbyProject\Assets\StreamingAssets\NdWebPlugin\CefWebKit\CoursePlayer\debug.log" /prefetch:822062411]
12/17 17:29:51 [9848 8636 ..\NdCef\NDCefMain.cpp,176] [ShellExecuteExPPT] [ path:C:\Users\Administrator\Desktop\Edbox_ND03041\LobbyProject\Assets\StreamingAssets\NdWebPlugin\CefWebKit\CoursePlayer\3DCefClients.exe]
12/17 17:29:51 [9716 11428 NdCefClientMain.cpp,69] [RunMain 2526:0 "C:\Users\Administrator\Desktop\Edbox_ND03041\LobbyProject\Assets\StreamingAssets\NdWebPlugin\CefWebKit\CoursePlayer\3DCefClients.exe"]
12/17 17:29:51 [9716 11428 NdCefClientAppBrowser.cpp,73] [OnContextInitialized]
12/17 17:29:51 [11088 2928 NdCefClientMain.cpp,69] [RunMain 2526:3 "C:\Users\Administrator\Desktop\Edbox_ND03041\LobbyProject\Assets\StreamingAssets\NdWebPlugin\CefWebKit\CoursePlayer\3DCefClients.exe" --type=gpu-process --channel="9716.0.1048357849\1137716849" --no-sandbox --lang=en-US --log-file="C:\Users\Administrator\Desktop\Edbox_ND03041\LobbyProject\Assets\StreamingAssets\NdWebPlugin\CefWebKit\CoursePlayer\debug.log" --supports-dual-gpus=false --gpu-driver-bug-workarounds=2,12,23,51,61 --gpu-vendor-id=0x10de --gpu-device-id=0x1c81 --gpu-driver-vendor=NVIDIA --gpu-driver-version=22.21.13.8476 --lang=en-US --log-file="C:\Users\Administrator\Desktop\Edbox_ND03041\LobbyProject\Assets\StreamingAssets\NdWebPlugin\CefWebKit\CoursePlayer\debug.log" /prefetch:822062411]
12/17 17:47:20 [196 9476 ..\NdCef\NDCefMain.cpp,176] [ShellExecuteExPPT] [ path:C:\Users\Administrator\Desktop\Edbox_ND03041\LobbyProject\Assets\StreamingAssets\NdWebPlugin\CefWebKit\CoursePlayer\3DCefClients.exe]
12/17 17:47:21 [6588 4776 NdCefClientMain.cpp,69] [RunMain 2526:0 "C:\Users\Administrator\Desktop\Edbox_ND03041\LobbyProject\Assets\StreamingAssets\NdWebPlugin\CefWebKit\CoursePlayer\3DCefClients.exe"]
12/17 17:47:21 [6588 4776 NdCefClientAppBrowser.cpp,73] [OnContextInitialized]
12/17 17:47:21 [2024 9464 NdCefClientMain.cpp,69] [RunMain 2526:3 "C:\Users\Administrator\Desktop\Edbox_ND03041\LobbyProject\Assets\StreamingAssets\NdWebPlugin\CefWebKit\CoursePlayer\3DCefClients.exe" --type=gpu-process --channel="6588.0.1760443913\908782866" --no-sandbox --lang=en-US --log-file="C:\Users\Administrator\Desktop\Edbox_ND03041\LobbyProject\Assets\StreamingAssets\NdWebPlugin\CefWebKit\CoursePlayer\debug.log" --supports-dual-gpus=false --gpu-driver-bug-workarounds=2,12,23,51,61 --gpu-vendor-id=0x10de --gpu-device-id=0x1c81 --gpu-driver-vendor=NVIDIA --gpu-driver-version=22.21.13.8476 --lang=en-US --log-file="C:\Users\Administrator\Desktop\Edbox_ND03041\LobbyProject\Assets\StreamingAssets\NdWebPlugin\CefWebKit\CoursePlayer\debug.log" /prefetch:822062411]
12/17 17:54:50 [6128 11664 ..\NdCef\NDCefMain.cpp,176] [ShellExecuteExPPT] [ path:C:\Users\Administrator\Desktop\Edbox_ND03041\LobbyProject\Assets\StreamingAssets\NdWebPlugin\CefWebKit\CoursePlayer\3DCefClients.exe]
12/17 17:54:50 [1036 2032 NdCefClientMain.cpp,69] [RunMain 2526:0 "C:\Users\Administrator\Desktop\Edbox_ND03041\LobbyProject\Assets\StreamingAssets\NdWebPlugin\CefWebKit\CoursePlayer\3DCefClients.exe"]
12/17 17:54:50 [1036 2032 NdCefClientAppBrowser.cpp,73] [OnContextInitialized]
12/17 17:54:50 [13260 9728 NdCefClientMain.cpp,69] [RunMain 2526:3 "C:\Users\Administrator\Desktop\Edbox_ND03041\LobbyProject\Assets\StreamingAssets\NdWebPlugin\CefWebKit\CoursePlayer\3DCefClients.exe" --type=gpu-process --channel="1036.0.801939708\1939001631" --no-sandbox --lang=en-US --log-file="C:\Users\Administrator\Desktop\Edbox_ND03041\LobbyProject\Assets\StreamingAssets\NdWebPlugin\CefWebKit\CoursePlayer\debug.log" --supports-dual-gpus=false --gpu-driver-bug-workarounds=2,12,23,51,61 --gpu-vendor-id=0x10de --gpu-device-id=0x1c81 --gpu-driver-vendor=NVIDIA --gpu-driver-version=22.21.13.8476 --lang=en-US --log-file="C:\Users\Administrator\Desktop\Edbox_ND03041\LobbyProject\Assets\StreamingAssets\NdWebPlugin\CefWebKit\CoursePlayer\debug.log" /prefetch:822062411]
12/17 20:30:41 [13168 6420 ..\NdCef\NDCefMain.cpp,176] [ShellExecuteExPPT] [ path:C:\Users\Administrator\Desktop\Edbox_ND03041\LobbyProject\Assets\StreamingAssets\NdWebPlugin\CefWebKit\CoursePlayer\3DCefClients.exe]
12/17 20:30:42 [11904 8572 NdCefClientMain.cpp,69] [RunMain 2526:0 "C:\Users\Administrator\Desktop\Edbox_ND03041\LobbyProject\Assets\StreamingAssets\NdWebPlugin\CefWebKit\CoursePlayer\3DCefClients.exe"]
12/17 20:30:42 [11904 8572 NdCefClientAppBrowser.cpp,73] [OnContextInitialized]
12/17 20:30:43 [12224 9804 NdCefClientMain.cpp,69] [RunMain 2526:3 "C:\Users\Administrator\Desktop\Edbox_ND03041\LobbyProject\Assets\StreamingAssets\NdWebPlugin\CefWebKit\CoursePlayer\3DCefClients.exe" --type=gpu-process --channel="11904.0.1975014570\566587714" --no-sandbox --lang=en-US --log-file="C:\Users\Administrator\Desktop\Edbox_ND03041\LobbyProject\Assets\StreamingAssets\NdWebPlugin\CefWebKit\CoursePlayer\debug.log" --supports-dual-gpus=false --gpu-driver-bug-workarounds=2,12,23,51,61 --gpu-vendor-id=0x10de --gpu-device-id=0x1c81 --gpu-driver-vendor=NVIDIA --gpu-driver-version=22.21.13.8476 --lang=en-US --log-file="C:\Users\Administrator\Desktop\Edbox_ND03041\LobbyProject\Assets\StreamingAssets\NdWebPlugin\CefWebKit\CoursePlayer\debug.log" /prefetch:822062411]
