09/30 15:39:24 [42416 43712 ..\NdCef\NDCefMain.cpp,176] [ShellExecuteExPPT] [ path:E:\3DPlatform\2017\LobbyProject\Assets\StreamingAssets\NdWebPlugin\CefWebKit\CoursePlayer\3DCefClients.exe]
09/30 15:39:24 [9356 43672 NdCefClientMain.cpp,69] [RunMain 2526:0 "E:\3DPlatform\2017\LobbyProject\Assets\StreamingAssets\NdWebPlugin\CefWebKit\CoursePlayer\3DCefClients.exe"]
09/30 15:39:24 [9356 43672 NdCefClientAppBrowser.cpp,73] [OnContextInitialized]
09/30 15:39:24 [44208 44204 NdCefClientMain.cpp,69] [RunMain 2526:3 "E:\3DPlatform\2017\LobbyProject\Assets\StreamingAssets\NdWebPlugin\CefWebKit\CoursePlayer\3DCefClients.exe" --type=gpu-process --channel="9356.0.1126788445\497520943" --no-sandbox --lang=en-US --log-file="E:\3DPlatform\2017\LobbyProject\Assets\StreamingAssets\NdWebPlugin\CefWebKit\CoursePlayer\debug.log" --supports-dual-gpus=false --gpu-driver-bug-workarounds=2,12,23,51,61 --gpu-vendor-id=0x10de --gpu-device-id=0x1380 --gpu-driver-vendor=NVIDIA --gpu-driver-version=10.18.13.6143 --lang=en-US --log-file="E:\3DPlatform\2017\LobbyProject\Assets\StreamingAssets\NdWebPlugin\CefWebKit\CoursePlayer\debug.log" /prefetch:822062411]
09/30 15:39:54 [44856 44848 NdCefClientMain.cpp,69] [RunMain 2526:3 "E:\3DPlatform\2017\LobbyProject\Assets\StreamingAssets\NdWebPlugin\CefWebKit\CoursePlayer\3DCefClients.exe" --type=utility --channel="9356.1.273452592\189767679" --lang=en-US --no-sandbox --no-sandbox --lang=en-US --log-file="E:\3DPlatform\2017\LobbyProject\Assets\StreamingAssets\NdWebPlugin\CefWebKit\CoursePlayer\debug.log" /prefetch:-645351001]
09/30 15:40:20 [42416 44840 ..\NdCef\NDCefMain.cpp,176] [ShellExecuteExPPT] [ path:E:\3DPlatform\2017\LobbyProject\Assets\StreamingAssets\NdWebPlugin\CefWebKit\CoursePlayer\3DCefClients.exe]
09/30 15:40:20 [44892 44904 NdCefClientMain.cpp,69] [RunMain 2526:0 "E:\3DPlatform\2017\LobbyProject\Assets\StreamingAssets\NdWebPlugin\CefWebKit\CoursePlayer\3DCefClients.exe"]
09/30 15:40:20 [44892 44904 NdCefClientAppBrowser.cpp,73] [OnContextInitialized]
09/30 15:40:20 [43556 42040 NdCefClientMain.cpp,69] [RunMain 2526:3 "E:\3DPlatform\2017\LobbyProject\Assets\StreamingAssets\NdWebPlugin\CefWebKit\CoursePlayer\3DCefClients.exe" --type=gpu-process --channel="44892.0.2106395489\361446877" --no-sandbox --lang=en-US --log-file="E:\3DPlatform\2017\LobbyProject\Assets\StreamingAssets\NdWebPlugin\CefWebKit\CoursePlayer\debug.log" --supports-dual-gpus=false --gpu-driver-bug-workarounds=2,12,23,51,61 --gpu-vendor-id=0x10de --gpu-device-id=0x1380 --gpu-driver-vendor=NVIDIA --gpu-driver-version=10.18.13.6143 --lang=en-US --log-file="E:\3DPlatform\2017\LobbyProject\Assets\StreamingAssets\NdWebPlugin\CefWebKit\CoursePlayer\debug.log" /prefetch:822062411]
09/30 15:40:23 [44892 44904 ..\NdCef\NdCefCommand.cpp,233] [CommandName:OnLoadUrl HWND:725372] [ParseCommand:{
   "command" : 2,
   "height" : 446,
   "hwnd" : 1250972,
   "id" : 1,
   "ocx" : false,
   "osr" : true,
   "pop" : false,
   "render" : true,
   "show" : false,
   "url" : "https://open.weixin.qq.com/connect/qrconnect?appid=wx571a45c77650830a&response_type=code&scope=snsapi_login&redirect_uri=http%3a%2f%2fesp-sso.edu.web.sdp.101.com%2fredirect_third%3fsso_host%3desp-sso.edu.web.sdp.101.com%26type%3dweixin%26fromway%3dhttp%3a%2f%2fppt-release.edu.web.sdp.101.com",
   "width" : 707,
   "x" : 0,
   "y" : 0
}
]
09/30 15:40:23 [44892 44904 browser\NdCefRootWindowWin.cpp,169] [InitAsRender] [with_osr_ browserid:2] [x:0 y:0 width:707 height:446]
09/30 15:40:23 [44892 44904 browser\NdCefRootWindowWin.cpp,685] [CreateNdCefRootWindow] [CreateWindow] [is_popup_:0,with_osr_:1,parent:0 hwnd_:11538818 x:0,y:0,width:707,height:446]
09/30 15:40:23 [44892 44904 browser\NdCefClientHandler.cpp,1039] [OnAfterCreated] [browser:1] [browser_count_:1]
09/30 15:40:23 [44664 44672 NdCefClientMain.cpp,69] [RunMain 2526:1 "E:\3DPlatform\2017\LobbyProject\Assets\StreamingAssets\NdWebPlugin\CefWebKit\CoursePlayer\3DCefClients.exe" --type=renderer --force-device-scale-factor=1 --no-sandbox --lang=en-US --lang=en-US --log-file="E:\3DPlatform\2017\LobbyProject\Assets\StreamingAssets\NdWebPlugin\CefWebKit\CoursePlayer\debug.log" --ppapi-flash-path="PepperFlash\pepflashplayer.dll" --ppapi-flash-version=23.0.0.207 --device-scale-factor=1 --num-raster-threads=4 --content-image-texture-target=3553,3553,3553,3553,3553,3553,3553,3553,3553,3553,3553,3553,3553 --video-image-texture-target=3553 --channel="44892.1.646003347\322136075" /prefetch:673131151]
09/30 15:40:23 [44664 44672 NdCefClientAppRenderer.cpp,37] [OnBrowserCreated:1]
09/30 15:40:24 [44892 44904 browser\NdCefClientHandler.cpp,754] [OnAddressChange] [browserid:1]  [url:https://open.weixin.qq.com/connect/qrconnect?appid=wx571a45c77650830a&response_type=code&scope=snsapi_login&redirect_uri=http%3a%2f%2fesp-sso.edu.web.sdp.101.com%2fredirect_third%3fsso_host%3desp-sso.edu.web.sdp.101.com%26type%3dweixin%26fromway%3dhttp%3a%2f%2fppt-release.edu.web.sdp.101.com]
09/30 15:41:06 [44892 44904 browser\NdCefClientHandler.cpp,754] [OnAddressChange] [browserid:1]  [url:http://esp-sso.edu.web.sdp.101.com/redirect_third?sso_host=esp-sso.edu.web.sdp.101.com&type=weixin&fromway=http://ppt-release.edu.web.sdp.101.com&code=061PU9Ne2X7P5C07UEJe2iwKMe2PU9N3&state=]
09/30 15:41:07 [44892 44904 browser\NdCefClientHandler.cpp,754] [OnAddressChange] [browserid:1]  [url:http://ppt-release.edu.web.sdp.101.com/$sso/login_callback?session_id=89bb1ce5-4351-4472-a54b-936f32172131&fromway=http%3A%2F%2Fppt-release.edu.web.sdp.101.com]
09/30 15:41:07 [44892 44904 ..\NdCef\NdCefCommand.cpp,233] [CommandName:OnCloseByWnd HWND:725372] [ParseCommand:{
   "command" : 8,
   "hwnd" : 0,
   "id" : 2
}
]
09/30 15:41:11 [44892 44904 ..\NdCef\NdCefCommand.cpp,233] [CommandName:OnCloseByWnd HWND:725372] [ParseCommand:{
   "command" : 8,
   "hwnd" : 0,
   "id" : 3
}
]
09/30 15:41:15 [42416 44324 ..\NdCef\NDCefMain.cpp,176] [ShellExecuteExPPT] [ path:E:\3DPlatform\2017\LobbyProject\Assets\StreamingAssets\NdWebPlugin\CefWebKit\CoursePlayer\3DCefClients.exe]
09/30 15:41:15 [44588 42352 NdCefClientMain.cpp,69] [RunMain 2526:0 "E:\3DPlatform\2017\LobbyProject\Assets\StreamingAssets\NdWebPlugin\CefWebKit\CoursePlayer\3DCefClients.exe"]
09/30 15:41:15 [44588 42352 NdCefClientAppBrowser.cpp,73] [OnContextInitialized]
09/30 15:41:15 [44832 42836 NdCefClientMain.cpp,69] [RunMain 2526:3 "E:\3DPlatform\2017\LobbyProject\Assets\StreamingAssets\NdWebPlugin\CefWebKit\CoursePlayer\3DCefClients.exe" --type=gpu-process --channel="44588.0.754912185\1900415736" --no-sandbox --lang=en-US --log-file="E:\3DPlatform\2017\LobbyProject\Assets\StreamingAssets\NdWebPlugin\CefWebKit\CoursePlayer\debug.log" --supports-dual-gpus=false --gpu-driver-bug-workarounds=2,12,23,51,61 --gpu-vendor-id=0x10de --gpu-device-id=0x1380 --gpu-driver-vendor=NVIDIA --gpu-driver-version=10.18.13.6143 --lang=en-US --log-file="E:\3DPlatform\2017\LobbyProject\Assets\StreamingAssets\NdWebPlugin\CefWebKit\CoursePlayer\debug.log" /prefetch:822062411]
09/30 15:41:19 [44588 42352 ..\NdCef\NdCefCommand.cpp,233] [CommandName:OnLoadUrl HWND:2889718] [ParseCommand:{
   "command" : 2,
   "height" : 446,
   "hwnd" : 1250972,
   "id" : 1,
   "ocx" : false,
   "osr" : true,
   "pop" : false,
   "render" : true,
   "show" : false,
   "url" : "https://api.edmodo.com/oauth/authorize?client_id=f0b0a608d861597db2862280160b91504edd01877b1acf35edd0cff922fca52b&redirect_uri=https://edmodo-callback.aws.stg.cherrypickslearning.com/101vrdesktopapp&scope=basic&response_type=token&state=ndtest",
   "width" : 707,
   "x" : 0,
   "y" : 0
}
]
09/30 15:41:19 [44588 42352 browser\NdCefRootWindowWin.cpp,169] [InitAsRender] [with_osr_ browserid:2] [x:0 y:0 width:707 height:446]
09/30 15:41:19 [44588 42352 browser\NdCefRootWindowWin.cpp,685] [CreateNdCefRootWindow] [CreateWindow] [is_popup_:0,with_osr_:1,parent:0 hwnd_:3344058 x:0,y:0,width:707,height:446]
09/30 15:41:19 [44588 42352 browser\NdCefClientHandler.cpp,1039] [OnAfterCreated] [browser:1] [browser_count_:1]
09/30 15:41:19 [44092 41536 NdCefClientMain.cpp,69] [RunMain 2526:1 "E:\3DPlatform\2017\LobbyProject\Assets\StreamingAssets\NdWebPlugin\CefWebKit\CoursePlayer\3DCefClients.exe" --type=renderer --force-device-scale-factor=1 --no-sandbox --lang=en-US --lang=en-US --log-file="E:\3DPlatform\2017\LobbyProject\Assets\StreamingAssets\NdWebPlugin\CefWebKit\CoursePlayer\debug.log" --ppapi-flash-path="PepperFlash\pepflashplayer.dll" --ppapi-flash-version=23.0.0.207 --device-scale-factor=1 --num-raster-threads=4 --content-image-texture-target=3553,3553,3553,3553,3553,3553,3553,3553,3553,3553,3553,3553,3553 --video-image-texture-target=3553 --channel="44588.1.1241195928\1733606620" /prefetch:673131151]
09/30 15:41:19 [44092 41536 NdCefClientAppRenderer.cpp,37] [OnBrowserCreated:1]
09/30 15:41:21 [44588 42352 browser\NdCefClientHandler.cpp,754] [OnAddressChange] [browserid:1]  [url:https://api.edmodo.com/login?return_to=%2Foauth%2Fauthorize%3Fclient_id%3Df0b0a608d861597db2862280160b91504edd01877b1acf35edd0cff922fca52b%26redirect_uri%3Dhttps%3A%2F%2Fedmodo-callback.aws.stg.cherrypickslearning.com%2F101vrdesktopapp%26scope%3Dbasic%26response_type%3Dtoken%26state%3Dndtest]
09/30 15:43:58 [44588 42352 ..\NdCef\NdCefCommand.cpp,233] [CommandName:OnCloseByWnd HWND:2889718] [ParseCommand:{
   "command" : 8,
   "hwnd" : 0,
   "id" : 2
}
]
09/30 15:43:58 [44588 42352 ..\NdCef\NdCefCommand.cpp,233] [CommandName:OnCloseByWnd HWND:2889718] [ParseCommand:{
   "command" : 8,
   "hwnd" : 0,
   "id" : 3
}
]
09/30 15:44:19 [42416 41200 ..\NdCef\NDCefMain.cpp,176] [ShellExecuteExPPT] [ path:E:\3DPlatform\2017\LobbyProject\Assets\StreamingAssets\NdWebPlugin\CefWebKit\CoursePlayer\3DCefClients.exe]
09/30 15:44:19 [44412 45024 NdCefClientMain.cpp,69] [RunMain 2526:0 "E:\3DPlatform\2017\LobbyProject\Assets\StreamingAssets\NdWebPlugin\CefWebKit\CoursePlayer\3DCefClients.exe"]
09/30 15:44:19 [44412 45024 NdCefClientAppBrowser.cpp,73] [OnContextInitialized]
09/30 15:44:19 [43332 34652 NdCefClientMain.cpp,69] [RunMain 2526:3 "E:\3DPlatform\2017\LobbyProject\Assets\StreamingAssets\NdWebPlugin\CefWebKit\CoursePlayer\3DCefClients.exe" --type=gpu-process --channel="44412.0.140402205\1957618095" --no-sandbox --lang=en-US --log-file="E:\3DPlatform\2017\LobbyProject\Assets\StreamingAssets\NdWebPlugin\CefWebKit\CoursePlayer\debug.log" --supports-dual-gpus=false --gpu-driver-bug-workarounds=2,12,23,51,61 --gpu-vendor-id=0x10de --gpu-device-id=0x1380 --gpu-driver-vendor=NVIDIA --gpu-driver-version=10.18.13.6143 --lang=en-US --log-file="E:\3DPlatform\2017\LobbyProject\Assets\StreamingAssets\NdWebPlugin\CefWebKit\CoursePlayer\debug.log" /prefetch:822062411]
09/30 15:44:21 [44412 45024 ..\NdCef\NdCefCommand.cpp,233] [CommandName:OnLoadUrl HWND:1838660] [ParseCommand:{
   "command" : 2,
   "height" : 446,
   "hwnd" : 1250972,
   "id" : 1,
   "ocx" : false,
   "osr" : true,
   "pop" : false,
   "render" : true,
   "show" : false,
   "url" : "https://api.edmodo.com/oauth/authorize?client_id=f0b0a608d861597db2862280160b91504edd01877b1acf35edd0cff922fca52b&redirect_uri=https://edmodo-callback.aws.stg.cherrypickslearning.com/101vrdesktopapp&scope=basic&response_type=token&state=ndtest",
   "width" : 707,
   "x" : 0,
   "y" : 0
}
]
09/30 15:44:21 [44412 45024 browser\NdCefRootWindowWin.cpp,169] [InitAsRender] [with_osr_ browserid:2] [x:0 y:0 width:707 height:446]
09/30 15:44:21 [44412 45024 browser\NdCefRootWindowWin.cpp,685] [CreateNdCefRootWindow] [CreateWindow] [is_popup_:0,with_osr_:1,parent:0 hwnd_:397678 x:0,y:0,width:707,height:446]
09/30 15:44:21 [44412 45024 browser\NdCefClientHandler.cpp,1039] [OnAfterCreated] [browser:1] [browser_count_:1]
09/30 15:44:21 [41536 43744 NdCefClientMain.cpp,69] [RunMain 2526:1 "E:\3DPlatform\2017\LobbyProject\Assets\StreamingAssets\NdWebPlugin\CefWebKit\CoursePlayer\3DCefClients.exe" --type=renderer --force-device-scale-factor=1 --no-sandbox --lang=en-US --lang=en-US --log-file="E:\3DPlatform\2017\LobbyProject\Assets\StreamingAssets\NdWebPlugin\CefWebKit\CoursePlayer\debug.log" --ppapi-flash-path="PepperFlash\pepflashplayer.dll" --ppapi-flash-version=23.0.0.207 --device-scale-factor=1 --num-raster-threads=4 --content-image-texture-target=3553,3553,3553,3553,3553,3553,3553,3553,3553,3553,3553,3553,3553 --video-image-texture-target=3553 --channel="44412.1.2027651511\1028926516" /prefetch:673131151]
09/30 15:44:21 [41536 43744 NdCefClientAppRenderer.cpp,37] [OnBrowserCreated:1]
09/30 15:44:24 [44412 45024 browser\NdCefClientHandler.cpp,754] [OnAddressChange] [browserid:1]  [url:https://api.edmodo.com/login?return_to=%2Foauth%2Fauthorize%3Fclient_id%3Df0b0a608d861597db2862280160b91504edd01877b1acf35edd0cff922fca52b%26redirect_uri%3Dhttps%3A%2F%2Fedmodo-callback.aws.stg.cherrypickslearning.com%2F101vrdesktopapp%26scope%3Dbasic%26response_type%3Dtoken%26state%3Dndtest]
09/30 15:44:27 [44412 45024 browser\NdCefClientHandler.cpp,754] [OnAddressChange] [browserid:1]  [url:https://api.edmodo.com/login?return_to=%2Foauth%2Fauthorize%3Fclient_id%3Df0b0a608d861597db2862280160b91504edd01877b1acf35edd0cff922fca52b%26redirect_uri%3Dhttps%3A%2F%2Fedmodo-callback.aws.stg.cherrypickslearning.com%2F101vrdesktopapp%26scope%3Dbasic%26response_type%3Dtoken%26state%3Dndtest]
09/30 15:47:46 [44412 45024 ..\NdCef\NdCefCommand.cpp,233] [CommandName:OnCloseByWnd HWND:1838660] [ParseCommand:{
   "command" : 8,
   "hwnd" : 0,
   "id" : 2
}
]
09/30 15:47:46 [44412 45024 ..\NdCef\NdCefCommand.cpp,233] [CommandName:OnCloseByWnd HWND:1838660] [ParseCommand:{
   "command" : 8,
   "hwnd" : 0,
   "id" : 3
}
]
