12/19 00:18:05 [12320 1380 browser\NdCefClientHandler.cpp,824] [OnConsoleMessage] [browserid:1] [message:'login' may be abandoned in the future Please use 'LOGIN' source:https://ndim.101.com/app.8cf7971ff26843ff786d.js]
12/19 00:18:07 [12320 1380 browser\NdCefClientHandler.cpp,824] [OnConsoleMessage] [browserid:1] [message:'login' may be abandoned in the future Please use 'LOGIN' source:https://ndim.101.com/app.8cf7971ff26843ff786d.js]
12/19 00:18:07 [12320 1380 browser\NdCefClientHandler.cpp,824] [OnConsoleMessage] [browserid:1] [message:%c欢迎来到网龙99游 source:https://ndim.101.com/app.8cf7971ff26843ff786d.js]
12/19 00:21:53 [9200 10812 browser\NdCefClientHandler.cpp,824] [OnConsoleMessage] [browserid:1] [message:同学，祝贺你喜提彩蛋~
或许你们还在犹豫是否加入，我会坦诚的告诉你我们超酷；
在这里大家都用无人车代步，AI音箱不仅播放还可以交互；
人工智能是发展的核心技术，做自己让未来不只领先几步；
在这里做自己，欢迎来到百度！
 source:https://ss1.bdstatic.com/5eN1bjq8AAUYm2zgoY3K/r/www/cache/static/protocol/https/global/js/all_async_search_8936f95.js]
12/19 00:21:53 [9200 10812 browser\NdCefClientHandler.cpp,824] [OnConsoleMessage] [browserid:1] [message:%c百度2019校园招聘简历提交：http://dwz.cn/XpoFdepe （你将有机会直接获得面试资格） source:https://ss1.bdstatic.com/5eN1bjq8AAUYm2zgoY3K/r/www/cache/static/protocol/https/global/js/all_async_search_8936f95.js]
12/19 00:29:45 [4368 10716 browser\NdCefClientHandler.cpp,824] [OnConsoleMessage] [browserid:1] [message:同学，祝贺你喜提彩蛋~
或许你们还在犹豫是否加入，我会坦诚的告诉你我们超酷；
在这里大家都用无人车代步，AI音箱不仅播放还可以交互；
人工智能是发展的核心技术，做自己让未来不只领先几步；
在这里做自己，欢迎来到百度！
 source:https://ss1.bdstatic.com/5eN1bjq8AAUYm2zgoY3K/r/www/cache/static/protocol/https/global/js/all_async_search_8936f95.js]
12/19 00:29:45 [4368 10716 browser\NdCefClientHandler.cpp,824] [OnConsoleMessage] [browserid:1] [message:%c百度2019校园招聘简历提交：http://dwz.cn/XpoFdepe （你将有机会直接获得面试资格） source:https://ss1.bdstatic.com/5eN1bjq8AAUYm2zgoY3K/r/www/cache/static/protocol/https/global/js/all_async_search_8936f95.js]
12/19 00:35:56 [11168 3720 browser\NdCefClientHandler.cpp,824] [OnConsoleMessage] [browserid:1] [message:同学，祝贺你喜提彩蛋~
或许你们还在犹豫是否加入，我会坦诚的告诉你我们超酷；
在这里大家都用无人车代步，AI音箱不仅播放还可以交互；
人工智能是发展的核心技术，做自己让未来不只领先几步；
在这里做自己，欢迎来到百度！
 source:https://ss1.bdstatic.com/5eN1bjq8AAUYm2zgoY3K/r/www/cache/static/protocol/https/global/js/all_async_search_8936f95.js]
12/19 00:35:56 [11168 3720 browser\NdCefClientHandler.cpp,824] [OnConsoleMessage] [browserid:1] [message:%c百度2019校园招聘简历提交：http://dwz.cn/XpoFdepe （你将有机会直接获得面试资格） source:https://ss1.bdstatic.com/5eN1bjq8AAUYm2zgoY3K/r/www/cache/static/protocol/https/global/js/all_async_search_8936f95.js]
12/19 21:27:12 [4260 9740 browser\NdCefClientHandler.cpp,824] [OnConsoleMessage] [browserid:1] [message:同学，祝贺你喜提彩蛋~
或许你们还在犹豫是否加入，我会坦诚的告诉你我们超酷；
在这里大家都用无人车代步，AI音箱不仅播放还可以交互；
人工智能是发展的核心技术，做自己让未来不只领先几步；
在这里做自己，欢迎来到百度！
 source:https://ss1.bdstatic.com/5eN1bjq8AAUYm2zgoY3K/r/www/cache/static/protocol/https/global/js/all_async_search_8936f95.js]
12/19 21:27:12 [4260 9740 browser\NdCefClientHandler.cpp,824] [OnConsoleMessage] [browserid:1] [message:%c百度2019校园招聘简历提交：http://dwz.cn/XpoFdepe （你将有机会直接获得面试资格） source:https://ss1.bdstatic.com/5eN1bjq8AAUYm2zgoY3K/r/www/cache/static/protocol/https/global/js/all_async_search_8936f95.js]
12/19 21:42:58 [7608 8792 browser\NdCefClientHandler.cpp,824] [OnConsoleMessage] [browserid:1] [message:'login' may be abandoned in the future Please use 'LOGIN' source:https://ndim.101.com/app.8cf7971ff26843ff786d.js]
12/19 21:42:59 [7608 8792 browser\NdCefClientHandler.cpp,824] [OnConsoleMessage] [browserid:1] [message:'login' may be abandoned in the future Please use 'LOGIN' source:https://ndim.101.com/app.8cf7971ff26843ff786d.js]
12/19 21:42:59 [7608 8792 browser\NdCefClientHandler.cpp,824] [OnConsoleMessage] [browserid:1] [message:%c欢迎来到网龙99游 source:https://ndim.101.com/app.8cf7971ff26843ff786d.js]
12/19 21:50:03 [11152 9544 browser\NdCefClientHandler.cpp,824] [OnConsoleMessage] [browserid:1] [message:'login' may be abandoned in the future Please use 'LOGIN' source:https://ndim.101.com/app.8cf7971ff26843ff786d.js]
12/19 21:50:05 [11152 9544 browser\NdCefClientHandler.cpp,824] [OnConsoleMessage] [browserid:1] [message:'login' may be abandoned in the future Please use 'LOGIN' source:https://ndim.101.com/app.8cf7971ff26843ff786d.js]
12/19 21:50:05 [11152 9544 browser\NdCefClientHandler.cpp,824] [OnConsoleMessage] [browserid:1] [message:%c欢迎来到网龙99游 source:https://ndim.101.com/app.8cf7971ff26843ff786d.js]
12/19 23:10:16 [8824 6940 browser\NdCefClientHandler.cpp,824] [OnConsoleMessage] [browserid:1] [message:'login' may be abandoned in the future Please use 'LOGIN' source:https://ndim.101.com/app.8cf7971ff26843ff786d.js]
12/19 23:10:17 [8824 6940 browser\NdCefClientHandler.cpp,824] [OnConsoleMessage] [browserid:1] [message:'login' may be abandoned in the future Please use 'LOGIN' source:https://ndim.101.com/app.8cf7971ff26843ff786d.js]
12/19 23:10:17 [8824 6940 browser\NdCefClientHandler.cpp,824] [OnConsoleMessage] [browserid:1] [message:%c欢迎来到网龙99游 source:https://ndim.101.com/app.8cf7971ff26843ff786d.js]
12/19 23:13:06 [9276 9404 browser\NdCefClientHandler.cpp,824] [OnConsoleMessage] [browserid:1] [message:'login' may be abandoned in the future Please use 'LOGIN' source:https://ndim.101.com/app.8cf7971ff26843ff786d.js]
12/19 23:13:08 [9276 9404 browser\NdCefClientHandler.cpp,824] [OnConsoleMessage] [browserid:1] [message:'login' may be abandoned in the future Please use 'LOGIN' source:https://ndim.101.com/app.8cf7971ff26843ff786d.js]
12/19 23:13:08 [9276 9404 browser\NdCefClientHandler.cpp,824] [OnConsoleMessage] [browserid:1] [message:%c欢迎来到网龙99游 source:https://ndim.101.com/app.8cf7971ff26843ff786d.js]
12/19 23:14:38 [10060 5188 browser\NdCefClientHandler.cpp,824] [OnConsoleMessage] [browserid:1] [message:'login' may be abandoned in the future Please use 'LOGIN' source:https://ndim.101.com/app.8cf7971ff26843ff786d.js]
12/19 23:14:40 [10060 5188 browser\NdCefClientHandler.cpp,824] [OnConsoleMessage] [browserid:1] [message:'login' may be abandoned in the future Please use 'LOGIN' source:https://ndim.101.com/app.8cf7971ff26843ff786d.js]
12/19 23:14:40 [10060 5188 browser\NdCefClientHandler.cpp,824] [OnConsoleMessage] [browserid:1] [message:%c欢迎来到网龙99游 source:https://ndim.101.com/app.8cf7971ff26843ff786d.js]
12/19 23:16:54 [8932 8324 browser\NdCefClientHandler.cpp,824] [OnConsoleMessage] [browserid:1] [message:'login' may be abandoned in the future Please use 'LOGIN' source:https://ndim.101.com/app.8cf7971ff26843ff786d.js]
12/19 23:16:55 [8932 8324 browser\NdCefClientHandler.cpp,824] [OnConsoleMessage] [browserid:1] [message:'login' may be abandoned in the future Please use 'LOGIN' source:https://ndim.101.com/app.8cf7971ff26843ff786d.js]
12/19 23:16:56 [8932 8324 browser\NdCefClientHandler.cpp,824] [OnConsoleMessage] [browserid:1] [message:%c欢迎来到网龙99游 source:https://ndim.101.com/app.8cf7971ff26843ff786d.js]
12/19 23:24:08 [5728 10252 browser\NdCefClientHandler.cpp,824] [OnConsoleMessage] [browserid:1] [message:'login' may be abandoned in the future Please use 'LOGIN' source:https://ndim.101.com/app.8cf7971ff26843ff786d.js]
12/19 23:24:09 [5728 10252 browser\NdCefClientHandler.cpp,824] [OnConsoleMessage] [browserid:1] [message:'login' may be abandoned in the future Please use 'LOGIN' source:https://ndim.101.com/app.8cf7971ff26843ff786d.js]
12/19 23:24:10 [5728 10252 browser\NdCefClientHandler.cpp,824] [OnConsoleMessage] [browserid:1] [message:%c欢迎来到网龙99游 source:https://ndim.101.com/app.8cf7971ff26843ff786d.js]
12/19 23:35:36 [6928 10456 browser\NdCefClientHandler.cpp,824] [OnConsoleMessage] [browserid:1] [message:'login' may be abandoned in the future Please use 'LOGIN' source:https://ndim.101.com/app.8cf7971ff26843ff786d.js]
12/19 23:35:38 [6928 10456 browser\NdCefClientHandler.cpp,824] [OnConsoleMessage] [browserid:1] [message:'login' may be abandoned in the future Please use 'LOGIN' source:https://ndim.101.com/app.8cf7971ff26843ff786d.js]
12/19 23:35:38 [6928 10456 browser\NdCefClientHandler.cpp,824] [OnConsoleMessage] [browserid:1] [message:%c欢迎来到网龙99游 source:https://ndim.101.com/app.8cf7971ff26843ff786d.js]
12/19 23:38:40 [6928 10456 browser\NdCefClientHandler.cpp,824] [OnConsoleMessage] [browserid:1] [message:'login' may be abandoned in the future Please use 'LOGIN' source:https://ndim.101.com/app.8cf7971ff26843ff786d.js]
12/19 23:38:41 [6928 10456 browser\NdCefClientHandler.cpp,824] [OnConsoleMessage] [browserid:1] [message:'login' may be abandoned in the future Please use 'LOGIN' source:https://ndim.101.com/app.8cf7971ff26843ff786d.js]
12/19 23:38:41 [6928 10456 browser\NdCefClientHandler.cpp,824] [OnConsoleMessage] [browserid:1] [message:%c欢迎来到网龙99游 source:https://ndim.101.com/app.8cf7971ff26843ff786d.js]
12/19 23:38:45 [6928 10456 browser\NdCefClientHandler.cpp,824] [OnConsoleMessage] [browserid:1] [message:'login' may be abandoned in the future Please use 'LOGIN' source:https://ndim.101.com/app.8cf7971ff26843ff786d.js]
12/19 23:38:46 [6928 10456 browser\NdCefClientHandler.cpp,824] [OnConsoleMessage] [browserid:1] [message:'login' may be abandoned in the future Please use 'LOGIN' source:https://ndim.101.com/app.8cf7971ff26843ff786d.js]
12/19 23:38:46 [6928 10456 browser\NdCefClientHandler.cpp,824] [OnConsoleMessage] [browserid:1] [message:%c欢迎来到网龙99游 source:https://ndim.101.com/app.8cf7971ff26843ff786d.js]
12/19 23:42:23 [10436 7332 browser\NdCefClientHandler.cpp,824] [OnConsoleMessage] [browserid:1] [message:'login' may be abandoned in the future Please use 'LOGIN' source:https://ndim.101.com/app.8cf7971ff26843ff786d.js]
12/19 23:42:24 [10436 7332 browser\NdCefClientHandler.cpp,824] [OnConsoleMessage] [browserid:1] [message:'login' may be abandoned in the future Please use 'LOGIN' source:https://ndim.101.com/app.8cf7971ff26843ff786d.js]
12/19 23:42:24 [10436 7332 browser\NdCefClientHandler.cpp,824] [OnConsoleMessage] [browserid:1] [message:%c欢迎来到网龙99游 source:https://ndim.101.com/app.8cf7971ff26843ff786d.js]
12/19 23:51:29 [10968 7376 browser\NdCefClientHandler.cpp,824] [OnConsoleMessage] [browserid:1] [message:'login' may be abandoned in the future Please use 'LOGIN' source:https://ndim.101.com/app.8cf7971ff26843ff786d.js]
12/19 23:51:31 [10968 7376 browser\NdCefClientHandler.cpp,824] [OnConsoleMessage] [browserid:1] [message:'login' may be abandoned in the future Please use 'LOGIN' source:https://ndim.101.com/app.8cf7971ff26843ff786d.js]
12/19 23:51:31 [10968 7376 browser\NdCefClientHandler.cpp,824] [OnConsoleMessage] [browserid:1] [message:%c欢迎来到网龙99游 source:https://ndim.101.com/app.8cf7971ff26843ff786d.js]
12/19 23:58:48 [5092 868 browser\NdCefClientHandler.cpp,824] [OnConsoleMessage] [browserid:1] [message:'login' may be abandoned in the future Please use 'LOGIN' source:https://ndim.101.com/app.8cf7971ff26843ff786d.js]
12/19 23:58:50 [5092 868 browser\NdCefClientHandler.cpp,824] [OnConsoleMessage] [browserid:1] [message:'login' may be abandoned in the future Please use 'LOGIN' source:https://ndim.101.com/app.8cf7971ff26843ff786d.js]
12/19 23:58:50 [5092 868 browser\NdCefClientHandler.cpp,824] [OnConsoleMessage] [browserid:1] [message:%c欢迎来到网龙99游 source:https://ndim.101.com/app.8cf7971ff26843ff786d.js]
