09/30 15:40:23 [42416 42420 ..\NdCef\NDCefMain.cpp,418] [SendMsgToClientProcessByWND-dll] [HWND:2758646 dwData:2 size:515 ndata:{
   "command" : 2,
   "height" : 446,
   "hwnd" : 1250972,
   "id" : 1,
   "ocx" : false,
   "osr" : true,
   "pop" : false,
   "render" : true,
   "show" : false,
   "url" : "https://open.weixin.qq.com/connect/qrconnect?appid=wx571a45c77650830a&response_type=code&scope=snsapi_login&redirect_uri=http%3a%2f%2fesp-sso.edu.web.sdp.101.com%2fredirect_third%3fsso_host%3desp-sso.edu.web.sdp.101.com%26type%3dweixin%26fromway%3dhttp%3a%2f%2fppt-release.edu.web.sdp.101.com",
   "width" : 707,
   "x" : 0,
   "y" : 0
}
]
09/30 15:40:23 [44892 44904 ..\NdCef\NDCefMain.cpp,435] [SendMsgToParentProcessByWND] [HWND:1250972 dwData:1026 size:178 ndata:{
   "eventBID" : 0,
   "eventCID" : 0,
   "eventData" : 60098418,
   "eventHWND" : 60098418,
   "eventName" : "OsrWindowHwnd",
   "id" : 1,
   "messageName" : "OsrWindowHwnd"
}
]
09/30 15:40:23 [44892 44904 ..\NdCef\NDCefMain.cpp,435] [SendMsgToParentProcessByWND] [HWND:1250972 dwData:40006 size:154 ndata:{
   "canGoBack" : false,
   "canGoForward" : false,
   "eventBID" : 0,
   "eventCID" : 0,
   "eventHWND" : 1250972,
   "id" : 1,
   "isLoading" : true
}
]
09/30 15:40:24 [44892 44904 ..\NdCef\NDCefMain.cpp,435] [SendMsgToParentProcessByWND] [HWND:1250972 dwData:30001 size:433 ndata:{
   "eventBID" : 1,
   "eventData" : "https://open.weixin.qq.com/connect/qrconnect?appid=wx571a45c77650830a&response_type=code&scope=snsapi_login&redirect_uri=http%3a%2f%2fesp-sso.edu.web.sdp.101.com%2fredirect_third%3fsso_host%3desp-sso.edu.web.sdp.101.com%26type%3dweixin%26fromway%3dhttp%3a%2f%2fppt-release.edu.web.sdp.101.com",
   "eventHWND" : 1250972,
   "eventName" : 30003,
   "id" : 1,
   "messageName" : "MSG_URLPOPUP"
}
]
09/30 15:40:52 [44892 44904 ..\NdCef\NDCefMain.cpp,435] [SendMsgToParentProcessByWND] [HWND:1250972 dwData:40006 size:155 ndata:{
   "canGoBack" : false,
   "canGoForward" : false,
   "eventBID" : 0,
   "eventCID" : 0,
   "eventHWND" : 1250972,
   "id" : 1,
   "isLoading" : false
}
]
09/30 15:40:52 [44892 44904 ..\NdCef\NDCefMain.cpp,435] [SendMsgToParentProcessByWND] [HWND:1250972 dwData:30005 size:398 ndata:{
   "eventBID" : 1,
   "eventData" : "https://open.weixin.qq.com/connect/qrconnect?appid=wx571a45c77650830a&response_type=code&scope=snsapi_login&redirect_uri=http%3a%2f%2fesp-sso.edu.web.sdp.101.com%2fredirect_third%3fsso_host%3desp-sso.edu.web.sdp.101.com%26type%3dweixin%26fromway%3dhttp%3a%2f%2fppt-release.edu.web.sdp.101.com",
   "eventHWND" : 1250972,
   "eventName" : 30005,
   "id" : 1
}
]
09/30 15:40:52 [42416 42420 ..\NdCef\NDCefMain.cpp,418] [SendMsgToClientProcessByWND-dll] [HWND:2758646 dwData:18 size:127 ndata:{
   "command" : 18,
   "data" : "",
   "hwnd" : 0,
   "id" : 1,
   "lParam" : 15335809,
   "message" : 512,
   "wParam" : 0
}
]
09/30 15:40:54 [42416 42420 ..\NdCef\NDCefMain.cpp,418] [SendMsgToClientProcessByWND-dll] [HWND:2758646 dwData:18 size:127 ndata:{
   "command" : 18,
   "data" : "",
   "hwnd" : 0,
   "id" : 1,
   "lParam" : 15597963,
   "message" : 512,
   "wParam" : 0
}
]
09/30 15:40:54 [42416 42420 ..\NdCef\NDCefMain.cpp,418] [SendMsgToClientProcessByWND-dll] [HWND:2758646 dwData:18 size:127 ndata:{
   "command" : 18,
   "data" : "",
   "hwnd" : 0,
   "id" : 1,
   "lParam" : 15860131,
   "message" : 512,
   "wParam" : 0
}
]
09/30 15:40:54 [42416 42420 ..\NdCef\NDCefMain.cpp,418] [SendMsgToClientProcessByWND-dll] [HWND:2758646 dwData:18 size:127 ndata:{
   "command" : 18,
   "data" : "",
   "hwnd" : 0,
   "id" : 1,
   "lParam" : 16318918,
   "message" : 512,
   "wParam" : 0
}
]
09/30 15:40:54 [42416 42420 ..\NdCef\NDCefMain.cpp,418] [SendMsgToClientProcessByWND-dll] [HWND:2758646 dwData:18 size:127 ndata:{
   "command" : 18,
   "data" : "",
   "hwnd" : 0,
   "id" : 1,
   "lParam" : 16974324,
   "message" : 512,
   "wParam" : 0
}
]
09/30 15:40:54 [42416 42420 ..\NdCef\NDCefMain.cpp,418] [SendMsgToClientProcessByWND-dll] [HWND:2758646 dwData:18 size:127 ndata:{
   "command" : 18,
   "data" : "",
   "hwnd" : 0,
   "id" : 1,
   "lParam" : 17564200,
   "message" : 512,
   "wParam" : 0
}
]
09/30 15:40:54 [42416 42420 ..\NdCef\NDCefMain.cpp,418] [SendMsgToClientProcessByWND-dll] [HWND:2758646 dwData:18 size:127 ndata:{
   "command" : 18,
   "data" : "",
   "hwnd" : 0,
   "id" : 1,
   "lParam" : 18612825,
   "message" : 512,
   "wParam" : 0
}
]
09/30 15:40:54 [42416 42420 ..\NdCef\NDCefMain.cpp,418] [SendMsgToClientProcessByWND-dll] [HWND:2758646 dwData:18 size:127 ndata:{
   "command" : 18,
   "data" : "",
   "hwnd" : 0,
   "id" : 1,
   "lParam" : 19792519,
   "message" : 512,
   "wParam" : 0
}
]
09/30 15:40:54 [42416 42420 ..\NdCef\NDCefMain.cpp,418] [SendMsgToClientProcessByWND-dll] [HWND:2758646 dwData:18 size:127 ndata:{
   "command" : 18,
   "data" : "",
   "hwnd" : 0,
   "id" : 1,
   "lParam" : 21234358,
   "message" : 512,
   "wParam" : 0
}
]
09/30 15:41:03 [44892 44904 ..\NdCef\NDCefMain.cpp,435] [SendMsgToParentProcessByWND] [HWND:1250972 dwData:40006 size:154 ndata:{
   "canGoBack" : false,
   "canGoForward" : false,
   "eventBID" : 0,
   "eventCID" : 0,
   "eventHWND" : 1250972,
   "id" : 1,
   "isLoading" : true
}
]
09/30 15:41:06 [44892 44904 ..\NdCef\NDCefMain.cpp,435] [SendMsgToParentProcessByWND] [HWND:1250972 dwData:30001 size:331 ndata:{
   "eventBID" : 1,
   "eventData" : "http://esp-sso.edu.web.sdp.101.com/redirect_third?sso_host=esp-sso.edu.web.sdp.101.com&type=weixin&fromway=http://ppt-release.edu.web.sdp.101.com&code=061PU9Ne2X7P5C07UEJe2iwKMe2PU9N3&state=",
   "eventHWND" : 1250972,
   "eventName" : 30003,
   "id" : 1,
   "messageName" : "MSG_URLPOPUP"
}
]
09/30 15:41:07 [44892 44904 ..\NdCef\NDCefMain.cpp,435] [SendMsgToParentProcessByWND] [HWND:1250972 dwData:30001 size:300 ndata:{
   "eventBID" : 1,
   "eventData" : "http://ppt-release.edu.web.sdp.101.com/$sso/login_callback?session_id=89bb1ce5-4351-4472-a54b-936f32172131&fromway=http%3A%2F%2Fppt-release.edu.web.sdp.101.com",
   "eventHWND" : 1250972,
   "eventName" : 30003,
   "id" : 1,
   "messageName" : "MSG_URLPOPUP"
}
]
09/30 15:41:07 [44892 44904 ..\NdCef\NDCefMain.cpp,435] [SendMsgToParentProcessByWND] [HWND:1250972 dwData:40006 size:154 ndata:{
   "canGoBack" : true,
   "canGoForward" : false,
   "eventBID" : 0,
   "eventCID" : 0,
   "eventHWND" : 1250972,
   "id" : 1,
   "isLoading" : false
}
]
09/30 15:41:07 [44892 44904 ..\NdCef\NDCefMain.cpp,435] [SendMsgToParentProcessByWND] [HWND:1250972 dwData:30005 size:265 ndata:{
   "eventBID" : 1,
   "eventData" : "http://ppt-release.edu.web.sdp.101.com/$sso/login_callback?session_id=89bb1ce5-4351-4472-a54b-936f32172131&fromway=http%3A%2F%2Fppt-release.edu.web.sdp.101.com",
   "eventHWND" : 1250972,
   "eventName" : 30005,
   "id" : 1
}
]
09/30 15:41:07 [42416 42420 ..\NdCef\NDCefMain.cpp,418] [SendMsgToClientProcessByWND-dll] [HWND:2758646 dwData:8 size:49 ndata:{
   "command" : 8,
   "hwnd" : 0,
   "id" : 2
}
]
09/30 15:41:11 [42416 42420 ..\NdCef\NDCefMain.cpp,418] [SendMsgToClientProcessByWND-dll] [HWND:2758646 dwData:8 size:49 ndata:{
   "command" : 8,
   "hwnd" : 0,
   "id" : 3
}
]
09/30 15:41:19 [42416 42420 ..\NdCef\NDCefMain.cpp,418] [SendMsgToClientProcessByWND-dll] [HWND:3741236 dwData:2 size:466 ndata:{
   "command" : 2,
   "height" : 446,
   "hwnd" : 1250972,
   "id" : 1,
   "ocx" : false,
   "osr" : true,
   "pop" : false,
   "render" : true,
   "show" : false,
   "url" : "https://api.edmodo.com/oauth/authorize?client_id=f0b0a608d861597db2862280160b91504edd01877b1acf35edd0cff922fca52b&redirect_uri=https://edmodo-callback.aws.stg.cherrypickslearning.com/101vrdesktopapp&scope=basic&response_type=token&state=ndtest",
   "width" : 707,
   "x" : 0,
   "y" : 0
}
]
09/30 15:41:19 [44588 42352 ..\NdCef\NDCefMain.cpp,435] [SendMsgToParentProcessByWND] [HWND:1250972 dwData:1026 size:176 ndata:{
   "eventBID" : 0,
   "eventCID" : 0,
   "eventData" : 2360874,
   "eventHWND" : 2360874,
   "eventName" : "OsrWindowHwnd",
   "id" : 1,
   "messageName" : "OsrWindowHwnd"
}
]
09/30 15:41:19 [44588 42352 ..\NdCef\NDCefMain.cpp,435] [SendMsgToParentProcessByWND] [HWND:1250972 dwData:40006 size:154 ndata:{
   "canGoBack" : false,
   "canGoForward" : false,
   "eventBID" : 0,
   "eventCID" : 0,
   "eventHWND" : 1250972,
   "id" : 1,
   "isLoading" : true
}
]
09/30 15:41:21 [44588 42352 ..\NdCef\NDCefMain.cpp,435] [SendMsgToParentProcessByWND] [HWND:1250972 dwData:30001 size:433 ndata:{
   "eventBID" : 1,
   "eventData" : "https://api.edmodo.com/login?return_to=%2Foauth%2Fauthorize%3Fclient_id%3Df0b0a608d861597db2862280160b91504edd01877b1acf35edd0cff922fca52b%26redirect_uri%3Dhttps%3A%2F%2Fedmodo-callback.aws.stg.cherrypickslearning.com%2F101vrdesktopapp%26scope%3Dbasic%26response_type%3Dtoken%26state%3Dndtest",
   "eventHWND" : 1250972,
   "eventName" : 30003,
   "id" : 1,
   "messageName" : "MSG_URLPOPUP"
}
]
09/30 15:43:07 [44588 42352 ..\NdCef\NDCefMain.cpp,435] [SendMsgToParentProcessByWND] [HWND:1250972 dwData:40006 size:155 ndata:{
   "canGoBack" : false,
   "canGoForward" : false,
   "eventBID" : 0,
   "eventCID" : 0,
   "eventHWND" : 1250972,
   "id" : 1,
   "isLoading" : false
}
]
09/30 15:43:07 [44588 42352 ..\NdCef\NDCefMain.cpp,435] [SendMsgToParentProcessByWND] [HWND:1250972 dwData:30005 size:398 ndata:{
   "eventBID" : 1,
   "eventData" : "https://api.edmodo.com/login?return_to=%2Foauth%2Fauthorize%3Fclient_id%3Df0b0a608d861597db2862280160b91504edd01877b1acf35edd0cff922fca52b%26redirect_uri%3Dhttps%3A%2F%2Fedmodo-callback.aws.stg.cherrypickslearning.com%2F101vrdesktopapp%26scope%3Dbasic%26response_type%3Dtoken%26state%3Dndtest",
   "eventHWND" : 1250972,
   "eventName" : 30005,
   "id" : 1
}
]
09/30 15:43:07 [42416 42420 ..\NdCef\NDCefMain.cpp,418] [SendMsgToClientProcessByWND-dll] [HWND:3741236 dwData:18 size:127 ndata:{
   "command" : 18,
   "data" : "",
   "hwnd" : 0,
   "id" : 1,
   "lParam" : 13959394,
   "message" : 512,
   "wParam" : 0
}
]
09/30 15:43:54 [42416 42420 ..\NdCef\NDCefMain.cpp,418] [SendMsgToClientProcessByWND-dll] [HWND:3741236 dwData:18 size:127 ndata:{
   "command" : 18,
   "data" : "",
   "hwnd" : 0,
   "id" : 1,
   "lParam" : 13762787,
   "message" : 512,
   "wParam" : 0
}
]
09/30 15:43:54 [42416 42420 ..\NdCef\NDCefMain.cpp,418] [SendMsgToClientProcessByWND-dll] [HWND:3741236 dwData:18 size:127 ndata:{
   "command" : 18,
   "data" : "",
   "hwnd" : 0,
   "id" : 1,
   "lParam" : 13697254,
   "message" : 512,
   "wParam" : 0
}
]
09/30 15:43:54 [42416 42420 ..\NdCef\NDCefMain.cpp,418] [SendMsgToClientProcessByWND-dll] [HWND:3741236 dwData:18 size:127 ndata:{
   "command" : 18,
   "data" : "",
   "hwnd" : 0,
   "id" : 1,
   "lParam" : 13762796,
   "message" : 512,
   "wParam" : 0
}
]
09/30 15:43:54 [42416 42420 ..\NdCef\NDCefMain.cpp,418] [SendMsgToClientProcessByWND-dll] [HWND:3741236 dwData:18 size:127 ndata:{
   "command" : 18,
   "data" : "",
   "hwnd" : 0,
   "id" : 1,
   "lParam" : 13959411,
   "message" : 512,
   "wParam" : 0
}
]
09/30 15:43:54 [42416 42420 ..\NdCef\NDCefMain.cpp,418] [SendMsgToClientProcessByWND-dll] [HWND:3741236 dwData:18 size:127 ndata:{
   "command" : 18,
   "data" : "",
   "hwnd" : 0,
   "id" : 1,
   "lParam" : 14221563,
   "message" : 512,
   "wParam" : 0
}
]
09/30 15:43:54 [42416 42420 ..\NdCef\NDCefMain.cpp,418] [SendMsgToClientProcessByWND-dll] [HWND:3741236 dwData:18 size:127 ndata:{
   "command" : 18,
   "data" : "",
   "hwnd" : 0,
   "id" : 1,
   "lParam" : 14418182,
   "message" : 512,
   "wParam" : 0
}
]
09/30 15:43:54 [42416 42420 ..\NdCef\NDCefMain.cpp,418] [SendMsgToClientProcessByWND-dll] [HWND:3741236 dwData:18 size:127 ndata:{
   "command" : 18,
   "data" : "",
   "hwnd" : 0,
   "id" : 1,
   "lParam" : 14614796,
   "message" : 512,
   "wParam" : 0
}
]
09/30 15:43:54 [42416 42420 ..\NdCef\NDCefMain.cpp,418] [SendMsgToClientProcessByWND-dll] [HWND:3741236 dwData:18 size:127 ndata:{
   "command" : 18,
   "data" : "",
   "hwnd" : 0,
   "id" : 1,
   "lParam" : 14745872,
   "message" : 512,
   "wParam" : 0
}
]
09/30 15:43:54 [42416 42420 ..\NdCef\NDCefMain.cpp,418] [SendMsgToClientProcessByWND-dll] [HWND:3741236 dwData:18 size:127 ndata:{
   "command" : 18,
   "data" : "",
   "hwnd" : 0,
   "id" : 1,
   "lParam" : 14745873,
   "message" : 512,
   "wParam" : 0
}
]
09/30 15:43:55 [42416 42420 ..\NdCef\NDCefMain.cpp,418] [SendMsgToClientProcessByWND-dll] [HWND:3741236 dwData:18 size:127 ndata:{
   "command" : 18,
   "data" : "",
   "hwnd" : 0,
   "id" : 1,
   "lParam" : 14680337,
   "message" : 512,
   "wParam" : 0
}
]
09/30 15:43:55 [42416 42420 ..\NdCef\NDCefMain.cpp,418] [SendMsgToClientProcessByWND-dll] [HWND:3741236 dwData:18 size:127 ndata:{
   "command" : 18,
   "data" : "",
   "hwnd" : 0,
   "id" : 1,
   "lParam" : 14352653,
   "message" : 512,
   "wParam" : 0
}
]
09/30 15:43:55 [42416 42420 ..\NdCef\NDCefMain.cpp,418] [SendMsgToClientProcessByWND-dll] [HWND:3741236 dwData:18 size:127 ndata:{
   "command" : 18,
   "data" : "",
   "hwnd" : 0,
   "id" : 1,
   "lParam" : 13893896,
   "message" : 512,
   "wParam" : 0
}
]
09/30 15:43:55 [42416 42420 ..\NdCef\NDCefMain.cpp,418] [SendMsgToClientProcessByWND-dll] [HWND:3741236 dwData:18 size:127 ndata:{
   "command" : 18,
   "data" : "",
   "hwnd" : 0,
   "id" : 1,
   "lParam" : 13304063,
   "message" : 512,
   "wParam" : 0
}
]
09/30 15:43:55 [42416 42420 ..\NdCef\NDCefMain.cpp,418] [SendMsgToClientProcessByWND-dll] [HWND:3741236 dwData:18 size:127 ndata:{
   "command" : 18,
   "data" : "",
   "hwnd" : 0,
   "id" : 1,
   "lParam" : 12714228,
   "message" : 512,
   "wParam" : 0
}
]
09/30 15:43:55 [42416 42420 ..\NdCef\NDCefMain.cpp,418] [SendMsgToClientProcessByWND-dll] [HWND:3741236 dwData:18 size:127 ndata:{
   "command" : 18,
   "data" : "",
   "hwnd" : 0,
   "id" : 1,
   "lParam" : 12124389,
   "message" : 512,
   "wParam" : 0
}
]
09/30 15:43:55 [42416 42420 ..\NdCef\NDCefMain.cpp,418] [SendMsgToClientProcessByWND-dll] [HWND:3741236 dwData:18 size:127 ndata:{
   "command" : 18,
   "data" : "",
   "hwnd" : 0,
   "id" : 1,
   "lParam" : 11534546,
   "message" : 512,
   "wParam" : 0
}
]
09/30 15:43:55 [42416 42420 ..\NdCef\NDCefMain.cpp,418] [SendMsgToClientProcessByWND-dll] [HWND:3741236 dwData:18 size:127 ndata:{
   "command" : 18,
   "data" : "",
   "hwnd" : 0,
   "id" : 1,
   "lParam" : 10944702,
   "message" : 512,
   "wParam" : 0
}
]
09/30 15:43:55 [42416 42420 ..\NdCef\NDCefMain.cpp,418] [SendMsgToClientProcessByWND-dll] [HWND:3741236 dwData:18 size:127 ndata:{
   "command" : 18,
   "data" : "",
   "hwnd" : 0,
   "id" : 1,
   "lParam" : 10289316,
   "message" : 512,
   "wParam" : 0
}
]
09/30 15:43:55 [42416 42420 ..\NdCef\NDCefMain.cpp,418] [SendMsgToClientProcessByWND-dll] [HWND:3741236 dwData:18 size:127 ndata:{
   "command" : 18,
   "data" : "",
   "hwnd" : 0,
   "id" : 1,
   "lParam" : 10027158,
   "message" : 512,
   "wParam" : 0
}
]
09/30 15:43:55 [42416 42420 ..\NdCef\NDCefMain.cpp,418] [SendMsgToClientProcessByWND-dll] [HWND:3741236 dwData:18 size:126 ndata:{
   "command" : 18,
   "data" : "",
   "hwnd" : 0,
   "id" : 1,
   "lParam" : 9830536,
   "message" : 512,
   "wParam" : 0
}
]
09/30 15:43:55 [44588 42352 ..\NdCef\NDCefMain.cpp,435] [SendMsgToParentProcessByWND] [HWND:1250972 dwData:1025 size:247 ndata:{
   "eventBID" : 1,
   "eventCID" : 0,
   "eventData" : {
      "CursorHeight" : 0,
      "CursorType" : 3,
      "CursorWidth" : 0
   },
   "eventHWND" : 1250972,
   "eventName" : "CursorChange",
   "id" : 1,
   "messageName" : "CursorChange"
}
]
09/30 15:43:55 [42416 42420 ..\NdCef\NDCefMain.cpp,418] [SendMsgToClientProcessByWND-dll] [HWND:3741236 dwData:18 size:126 ndata:{
   "command" : 18,
   "data" : "",
   "hwnd" : 0,
   "id" : 1,
   "lParam" : 9699451,
   "message" : 512,
   "wParam" : 0
}
]
09/30 15:43:55 [42416 42420 ..\NdCef\NDCefMain.cpp,418] [SendMsgToClientProcessByWND-dll] [HWND:3741236 dwData:18 size:126 ndata:{
   "command" : 18,
   "data" : "",
   "hwnd" : 0,
   "id" : 1,
   "lParam" : 9633906,
   "message" : 512,
   "wParam" : 0
}
]
09/30 15:43:55 [42416 42420 ..\NdCef\NDCefMain.cpp,418] [SendMsgToClientProcessByWND-dll] [HWND:3741236 dwData:18 size:126 ndata:{
   "command" : 18,
   "data" : "",
   "hwnd" : 0,
   "id" : 1,
   "lParam" : 9502827,
   "message" : 512,
   "wParam" : 0
}
]
09/30 15:43:55 [42416 42420 ..\NdCef\NDCefMain.cpp,418] [SendMsgToClientProcessByWND-dll] [HWND:3741236 dwData:18 size:126 ndata:{
   "command" : 18,
   "data" : "",
   "hwnd" : 0,
   "id" : 1,
   "lParam" : 9371748,
   "message" : 512,
   "wParam" : 0
}
]
09/30 15:43:55 [42416 42420 ..\NdCef\NDCefMain.cpp,418] [SendMsgToClientProcessByWND-dll] [HWND:3741236 dwData:18 size:126 ndata:{
   "command" : 18,
   "data" : "",
   "hwnd" : 0,
   "id" : 1,
   "lParam" : 9371746,
   "message" : 512,
   "wParam" : 0
}
]
09/30 15:43:55 [42416 42420 ..\NdCef\NDCefMain.cpp,418] [SendMsgToClientProcessByWND-dll] [HWND:3741236 dwData:18 size:126 ndata:{
   "command" : 18,
   "data" : "",
   "hwnd" : 0,
   "id" : 1,
   "lParam" : 9371744,
   "message" : 512,
   "wParam" : 0
}
]
09/30 15:43:55 [42416 42420 ..\NdCef\NDCefMain.cpp,418] [SendMsgToClientProcessByWND-dll] [HWND:3741236 dwData:18 size:126 ndata:{
   "command" : 18,
   "data" : "",
   "hwnd" : 0,
   "id" : 1,
   "lParam" : 9371742,
   "message" : 512,
   "wParam" : 0
}
]
09/30 15:43:55 [42416 42420 ..\NdCef\NDCefMain.cpp,418] [SendMsgToClientProcessByWND-dll] [HWND:3741236 dwData:18 size:126 ndata:{
   "command" : 18,
   "data" : "",
   "hwnd" : 0,
   "id" : 1,
   "lParam" : 9240668,
   "message" : 512,
   "wParam" : 0
}
]
09/30 15:43:55 [42416 42420 ..\NdCef\NDCefMain.cpp,418] [SendMsgToClientProcessByWND-dll] [HWND:3741236 dwData:18 size:126 ndata:{
   "command" : 18,
   "data" : "",
   "hwnd" : 0,
   "id" : 1,
   "lParam" : 9240666,
   "message" : 512,
   "wParam" : 0
}
]
09/30 15:43:55 [42416 42420 ..\NdCef\NDCefMain.cpp,418] [SendMsgToClientProcessByWND-dll] [HWND:3741236 dwData:18 size:126 ndata:{
   "command" : 18,
   "data" : "",
   "hwnd" : 0,
   "id" : 1,
   "lParam" : 9175128,
   "message" : 512,
   "wParam" : 0
}
]
09/30 15:43:55 [42416 42420 ..\NdCef\NDCefMain.cpp,418] [SendMsgToClientProcessByWND-dll] [HWND:3741236 dwData:18 size:126 ndata:{
   "command" : 18,
   "data" : "",
   "hwnd" : 0,
   "id" : 1,
   "lParam" : 9175127,
   "message" : 512,
   "wParam" : 0
}
]
09/30 15:43:55 [42416 42420 ..\NdCef\NDCefMain.cpp,418] [SendMsgToClientProcessByWND-dll] [HWND:3741236 dwData:18 size:126 ndata:{
   "command" : 18,
   "data" : "",
   "hwnd" : 0,
   "id" : 1,
   "lParam" : 9109590,
   "message" : 512,
   "wParam" : 0
}
]
09/30 15:43:55 [42416 42420 ..\NdCef\NDCefMain.cpp,418] [SendMsgToClientProcessByWND-dll] [HWND:3741236 dwData:18 size:118 ndata:{
   "command" : 18,
   "data" : "",
   "hwnd" : 0,
   "id" : 1,
   "lParam" : 0,
   "message" : 7,
   "wParam" : 0
}
]
09/30 15:43:55 [42416 42420 ..\NdCef\NDCefMain.cpp,418] [SendMsgToClientProcessByWND-dll] [HWND:3741236 dwData:18 size:126 ndata:{
   "command" : 18,
   "data" : "",
   "hwnd" : 0,
   "id" : 1,
   "lParam" : 9109590,
   "message" : 513,
   "wParam" : 1
}
]
09/30 15:43:55 [42416 42420 ..\NdCef\NDCefMain.cpp,418] [SendMsgToClientProcessByWND-dll] [HWND:3741236 dwData:18 size:126 ndata:{
   "command" : 18,
   "data" : "",
   "hwnd" : 0,
   "id" : 1,
   "lParam" : 9109590,
   "message" : 514,
   "wParam" : 0
}
]
09/30 15:43:55 [42416 42420 ..\NdCef\NDCefMain.cpp,418] [SendMsgToClientProcessByWND-dll] [HWND:3741236 dwData:18 size:126 ndata:{
   "command" : 18,
   "data" : "",
   "hwnd" : 0,
   "id" : 1,
   "lParam" : 9109590,
   "message" : 512,
   "wParam" : 0
}
]
09/30 15:43:56 [42416 42420 ..\NdCef\NDCefMain.cpp,418] [SendMsgToClientProcessByWND-dll] [HWND:3741236 dwData:18 size:126 ndata:{
   "command" : 18,
   "data" : "",
   "hwnd" : 0,
   "id" : 1,
   "lParam" : 9306207,
   "message" : 512,
   "wParam" : 0
}
]
09/30 15:43:56 [42416 42420 ..\NdCef\NDCefMain.cpp,418] [SendMsgToClientProcessByWND-dll] [HWND:3741236 dwData:18 size:126 ndata:{
   "command" : 18,
   "data" : "",
   "hwnd" : 0,
   "id" : 1,
   "lParam" : 9699441,
   "message" : 512,
   "wParam" : 0
}
]
09/30 15:43:56 [42416 42420 ..\NdCef\NDCefMain.cpp,418] [SendMsgToClientProcessByWND-dll] [HWND:3741236 dwData:18 size:127 ndata:{
   "command" : 18,
   "data" : "",
   "hwnd" : 0,
   "id" : 1,
   "lParam" : 10289288,
   "message" : 512,
   "wParam" : 0
}
]
09/30 15:43:56 [44588 42352 ..\NdCef\NDCefMain.cpp,435] [SendMsgToParentProcessByWND] [HWND:1250972 dwData:1025 size:247 ndata:{
   "eventBID" : 1,
   "eventCID" : 0,
   "eventData" : {
      "CursorHeight" : 0,
      "CursorType" : 0,
      "CursorWidth" : 0
   },
   "eventHWND" : 1250972,
   "eventName" : "CursorChange",
   "id" : 1,
   "messageName" : "CursorChange"
}
]
09/30 15:43:56 [42416 42420 ..\NdCef\NDCefMain.cpp,418] [SendMsgToClientProcessByWND-dll] [HWND:3741236 dwData:18 size:127 ndata:{
   "command" : 18,
   "data" : "",
   "hwnd" : 0,
   "id" : 1,
   "lParam" : 11141290,
   "message" : 512,
   "wParam" : 0
}
]
09/30 15:43:56 [44588 42352 ..\NdCef\NDCefMain.cpp,435] [SendMsgToParentProcessByWND] [HWND:1250972 dwData:1025 size:247 ndata:{
   "eventBID" : 1,
   "eventCID" : 0,
   "eventData" : {
      "CursorHeight" : 0,
      "CursorType" : 3,
      "CursorWidth" : 0
   },
   "eventHWND" : 1250972,
   "eventName" : "CursorChange",
   "id" : 1,
   "messageName" : "CursorChange"
}
]
09/30 15:43:56 [42416 42420 ..\NdCef\NDCefMain.cpp,418] [SendMsgToClientProcessByWND-dll] [HWND:3741236 dwData:18 size:127 ndata:{
   "command" : 18,
   "data" : "",
   "hwnd" : 0,
   "id" : 1,
   "lParam" : 12320974,
   "message" : 512,
   "wParam" : 0
}
]
09/30 15:43:56 [44588 42352 ..\NdCef\NDCefMain.cpp,435] [SendMsgToParentProcessByWND] [HWND:1250972 dwData:1025 size:247 ndata:{
   "eventBID" : 1,
   "eventCID" : 0,
   "eventData" : {
      "CursorHeight" : 0,
      "CursorType" : 0,
      "CursorWidth" : 0
   },
   "eventHWND" : 1250972,
   "eventName" : "CursorChange",
   "id" : 1,
   "messageName" : "CursorChange"
}
]
09/30 15:43:56 [42416 42420 ..\NdCef\NDCefMain.cpp,418] [SendMsgToClientProcessByWND-dll] [HWND:3741236 dwData:18 size:127 ndata:{
   "command" : 18,
   "data" : "",
   "hwnd" : 0,
   "id" : 1,
   "lParam" : 14221576,
   "message" : 512,
   "wParam" : 0
}
]
09/30 15:43:56 [42416 42420 ..\NdCef\NDCefMain.cpp,418] [SendMsgToClientProcessByWND-dll] [HWND:3741236 dwData:18 size:127 ndata:{
   "command" : 18,
   "data" : "",
   "hwnd" : 0,
   "id" : 1,
   "lParam" : 15139103,
   "message" : 512,
   "wParam" : 0
}
]
09/30 15:43:56 [42416 42420 ..\NdCef\NDCefMain.cpp,418] [SendMsgToClientProcessByWND-dll] [HWND:3741236 dwData:18 size:127 ndata:{
   "command" : 18,
   "data" : "",
   "hwnd" : 0,
   "id" : 1,
   "lParam" : 16712008,
   "message" : 512,
   "wParam" : 0
}
]
09/30 15:43:56 [42416 42420 ..\NdCef\NDCefMain.cpp,418] [SendMsgToClientProcessByWND-dll] [HWND:3741236 dwData:18 size:127 ndata:{
   "command" : 18,
   "data" : "",
   "hwnd" : 0,
   "id" : 1,
   "lParam" : 18219370,
   "message" : 512,
   "wParam" : 0
}
]
09/30 15:43:56 [42416 42420 ..\NdCef\NDCefMain.cpp,418] [SendMsgToClientProcessByWND-dll] [HWND:3741236 dwData:18 size:127 ndata:{
   "command" : 18,
   "data" : "",
   "hwnd" : 0,
   "id" : 1,
   "lParam" : 20251024,
   "message" : 512,
   "wParam" : 0
}
]
09/30 15:43:56 [42416 42420 ..\NdCef\NDCefMain.cpp,418] [SendMsgToClientProcessByWND-dll] [HWND:3741236 dwData:18 size:127 ndata:{
   "command" : 18,
   "data" : "",
   "hwnd" : 0,
   "id" : 1,
   "lParam" : 21692836,
   "message" : 512,
   "wParam" : 0
}
]
09/30 15:43:56 [42416 42420 ..\NdCef\NDCefMain.cpp,418] [SendMsgToClientProcessByWND-dll] [HWND:3741236 dwData:18 size:127 ndata:{
   "command" : 18,
   "data" : "",
   "hwnd" : 0,
   "id" : 1,
   "lParam" : 23200183,
   "message" : 512,
   "wParam" : 0
}
]
09/30 15:43:56 [42416 42420 ..\NdCef\NDCefMain.cpp,418] [SendMsgToClientProcessByWND-dll] [HWND:3741236 dwData:18 size:127 ndata:{
   "command" : 18,
   "data" : "",
   "hwnd" : 0,
   "id" : 1,
   "lParam" : 24838598,
   "message" : 512,
   "wParam" : 0
}
]
09/30 15:43:56 [42416 42420 ..\NdCef\NDCefMain.cpp,418] [SendMsgToClientProcessByWND-dll] [HWND:3741236 dwData:18 size:127 ndata:{
   "command" : 18,
   "data" : "",
   "hwnd" : 0,
   "id" : 1,
   "lParam" : 26149330,
   "message" : 512,
   "wParam" : 0
}
]
09/30 15:43:56 [42416 42420 ..\NdCef\NDCefMain.cpp,418] [SendMsgToClientProcessByWND-dll] [HWND:3741236 dwData:18 size:127 ndata:{
   "command" : 18,
   "data" : "",
   "hwnd" : 0,
   "id" : 1,
   "lParam" : 27132379,
   "message" : 512,
   "wParam" : 0
}
]
09/30 15:43:56 [42416 42420 ..\NdCef\NDCefMain.cpp,418] [SendMsgToClientProcessByWND-dll] [HWND:3741236 dwData:18 size:127 ndata:{
   "command" : 18,
   "data" : "",
   "hwnd" : 0,
   "id" : 1,
   "lParam" : 27853281,
   "message" : 512,
   "wParam" : 0
}
]
09/30 15:43:56 [42416 42420 ..\NdCef\NDCefMain.cpp,418] [SendMsgToClientProcessByWND-dll] [HWND:3741236 dwData:18 size:127 ndata:{
   "command" : 18,
   "data" : "",
   "hwnd" : 0,
   "id" : 1,
   "lParam" : 28115427,
   "message" : 512,
   "wParam" : 0
}
]
09/30 15:43:56 [42416 42420 ..\NdCef\NDCefMain.cpp,418] [SendMsgToClientProcessByWND-dll] [HWND:3741236 dwData:18 size:127 ndata:{
   "command" : 18,
   "data" : "",
   "hwnd" : 0,
   "id" : 1,
   "lParam" : 28115428,
   "message" : 512,
   "wParam" : 0
}
]
09/30 15:43:56 [42416 42420 ..\NdCef\NDCefMain.cpp,418] [SendMsgToClientProcessByWND-dll] [HWND:3741236 dwData:18 size:127 ndata:{
   "command" : 18,
   "data" : "",
   "hwnd" : 0,
   "id" : 1,
   "lParam" : 27394532,
   "message" : 512,
   "wParam" : 0
}
]
09/30 15:43:56 [42416 42420 ..\NdCef\NDCefMain.cpp,418] [SendMsgToClientProcessByWND-dll] [HWND:3741236 dwData:18 size:127 ndata:{
   "command" : 18,
   "data" : "",
   "hwnd" : 0,
   "id" : 1,
   "lParam" : 26280420,
   "message" : 512,
   "wParam" : 0
}
]
09/30 15:43:56 [42416 42420 ..\NdCef\NDCefMain.cpp,418] [SendMsgToClientProcessByWND-dll] [HWND:3741236 dwData:18 size:127 ndata:{
   "command" : 18,
   "data" : "",
   "hwnd" : 0,
   "id" : 1,
   "lParam" : 24576488,
   "message" : 512,
   "wParam" : 0
}
]
09/30 15:43:56 [42416 42420 ..\NdCef\NDCefMain.cpp,418] [SendMsgToClientProcessByWND-dll] [HWND:3741236 dwData:18 size:127 ndata:{
   "command" : 18,
   "data" : "",
   "hwnd" : 0,
   "id" : 1,
   "lParam" : 22610417,
   "message" : 512,
   "wParam" : 0
}
]
09/30 15:43:56 [42416 42420 ..\NdCef\NDCefMain.cpp,418] [SendMsgToClientProcessByWND-dll] [HWND:3741236 dwData:18 size:127 ndata:{
   "command" : 18,
   "data" : "",
   "hwnd" : 0,
   "id" : 1,
   "lParam" : 20120062,
   "message" : 512,
   "wParam" : 0
}
]
09/30 15:43:57 [42416 42420 ..\NdCef\NDCefMain.cpp,418] [SendMsgToClientProcessByWND-dll] [HWND:3741236 dwData:18 size:127 ndata:{
   "command" : 18,
   "data" : "",
   "hwnd" : 0,
   "id" : 1,
   "lParam" : 17695248,
   "message" : 512,
   "wParam" : 0
}
]
09/30 15:43:57 [42416 42420 ..\NdCef\NDCefMain.cpp,418] [SendMsgToClientProcessByWND-dll] [HWND:3741236 dwData:18 size:127 ndata:{
   "command" : 18,
   "data" : "",
   "hwnd" : 0,
   "id" : 1,
   "lParam" : 15401508,
   "message" : 512,
   "wParam" : 0
}
]
09/30 15:43:57 [42416 42420 ..\NdCef\NDCefMain.cpp,418] [SendMsgToClientProcessByWND-dll] [HWND:3741236 dwData:18 size:127 ndata:{
   "command" : 18,
   "data" : "",
   "hwnd" : 0,
   "id" : 1,
   "lParam" : 13435447,
   "message" : 512,
   "wParam" : 0
}
]
09/30 15:43:57 [42416 42420 ..\NdCef\NDCefMain.cpp,418] [SendMsgToClientProcessByWND-dll] [HWND:3741236 dwData:18 size:127 ndata:{
   "command" : 18,
   "data" : "",
   "hwnd" : 0,
   "id" : 1,
   "lParam" : 10814026,
   "message" : 512,
   "wParam" : 0
}
]
09/30 15:43:57 [42416 42420 ..\NdCef\NDCefMain.cpp,418] [SendMsgToClientProcessByWND-dll] [HWND:3741236 dwData:18 size:126 ndata:{
   "command" : 18,
   "data" : "",
   "hwnd" : 0,
   "id" : 1,
   "lParam" : 9503314,
   "message" : 512,
   "wParam" : 0
}
]
09/30 15:43:57 [42416 42420 ..\NdCef\NDCefMain.cpp,418] [SendMsgToClientProcessByWND-dll] [HWND:3741236 dwData:18 size:126 ndata:{
   "command" : 18,
   "data" : "",
   "hwnd" : 0,
   "id" : 1,
   "lParam" : 8782421,
   "message" : 512,
   "wParam" : 0
}
]
09/30 15:43:57 [42416 42420 ..\NdCef\NDCefMain.cpp,418] [SendMsgToClientProcessByWND-dll] [HWND:3741236 dwData:18 size:126 ndata:{
   "command" : 18,
   "data" : "",
   "hwnd" : 0,
   "id" : 1,
   "lParam" : 8323671,
   "message" : 512,
   "wParam" : 0
}
]
09/30 15:43:57 [42416 42420 ..\NdCef\NDCefMain.cpp,418] [SendMsgToClientProcessByWND-dll] [HWND:3741236 dwData:18 size:126 ndata:{
   "command" : 18,
   "data" : "",
   "hwnd" : 0,
   "id" : 1,
   "lParam" : 7995991,
   "message" : 512,
   "wParam" : 0
}
]
09/30 15:43:57 [42416 42420 ..\NdCef\NDCefMain.cpp,418] [SendMsgToClientProcessByWND-dll] [HWND:3741236 dwData:18 size:126 ndata:{
   "command" : 18,
   "data" : "",
   "hwnd" : 0,
   "id" : 1,
   "lParam" : 7602775,
   "message" : 512,
   "wParam" : 0
}
]
09/30 15:43:57 [42416 42420 ..\NdCef\NDCefMain.cpp,418] [SendMsgToClientProcessByWND-dll] [HWND:3741236 dwData:18 size:126 ndata:{
   "command" : 18,
   "data" : "",
   "hwnd" : 0,
   "id" : 1,
   "lParam" : 7144023,
   "message" : 512,
   "wParam" : 0
}
]
09/30 15:43:57 [42416 42420 ..\NdCef\NDCefMain.cpp,418] [SendMsgToClientProcessByWND-dll] [HWND:3741236 dwData:18 size:126 ndata:{
   "command" : 18,
   "data" : "",
   "hwnd" : 0,
   "id" : 1,
   "lParam" : 6423126,
   "message" : 512,
   "wParam" : 0
}
]
09/30 15:43:57 [42416 42420 ..\NdCef\NDCefMain.cpp,418] [SendMsgToClientProcessByWND-dll] [HWND:3741236 dwData:18 size:126 ndata:{
   "command" : 18,
   "data" : "",
   "hwnd" : 0,
   "id" : 1,
   "lParam" : 5898837,
   "message" : 512,
   "wParam" : 0
}
]
09/30 15:43:57 [42416 42420 ..\NdCef\NDCefMain.cpp,418] [SendMsgToClientProcessByWND-dll] [HWND:3741236 dwData:18 size:126 ndata:{
   "command" : 18,
   "data" : "",
   "hwnd" : 0,
   "id" : 1,
   "lParam" : 4719185,
   "message" : 512,
   "wParam" : 0
}
]
09/30 15:43:57 [42416 42420 ..\NdCef\NDCefMain.cpp,418] [SendMsgToClientProcessByWND-dll] [HWND:3741236 dwData:18 size:126 ndata:{
   "command" : 18,
   "data" : "",
   "hwnd" : 0,
   "id" : 1,
   "lParam" : 3932750,
   "message" : 512,
   "wParam" : 0
}
]
09/30 15:43:57 [42416 42420 ..\NdCef\NDCefMain.cpp,418] [SendMsgToClientProcessByWND-dll] [HWND:3741236 dwData:18 size:126 ndata:{
   "command" : 18,
   "data" : "",
   "hwnd" : 0,
   "id" : 1,
   "lParam" : 3211853,
   "message" : 512,
   "wParam" : 0
}
]
09/30 15:43:57 [42416 42420 ..\NdCef\NDCefMain.cpp,418] [SendMsgToClientProcessByWND-dll] [HWND:3741236 dwData:18 size:126 ndata:{
   "command" : 18,
   "data" : "",
   "hwnd" : 0,
   "id" : 1,
   "lParam" : 2425420,
   "message" : 512,
   "wParam" : 0
}
]
09/30 15:43:57 [42416 42420 ..\NdCef\NDCefMain.cpp,418] [SendMsgToClientProcessByWND-dll] [HWND:3741236 dwData:18 size:126 ndata:{
   "command" : 18,
   "data" : "",
   "hwnd" : 0,
   "id" : 1,
   "lParam" : 1507913,
   "message" : 512,
   "wParam" : 0
}
]
09/30 15:43:57 [42416 42420 ..\NdCef\NDCefMain.cpp,418] [SendMsgToClientProcessByWND-dll] [HWND:3741236 dwData:18 size:125 ndata:{
   "command" : 18,
   "data" : "",
   "hwnd" : 0,
   "id" : 1,
   "lParam" : 655942,
   "message" : 512,
   "wParam" : 0
}
]
09/30 15:43:57 [42416 42420 ..\NdCef\NDCefMain.cpp,418] [SendMsgToClientProcessByWND-dll] [HWND:3741236 dwData:18 size:122 ndata:{
   "command" : 18,
   "data" : "",
   "hwnd" : 0,
   "id" : 1,
   "lParam" : 575,
   "message" : 512,
   "wParam" : 0
}
]
09/30 15:43:58 [42416 42420 ..\NdCef\NDCefMain.cpp,418] [SendMsgToClientProcessByWND-dll] [HWND:3741236 dwData:8 size:49 ndata:{
   "command" : 8,
   "hwnd" : 0,
   "id" : 2
}
]
09/30 15:43:58 [42416 42420 ..\NdCef\NDCefMain.cpp,418] [SendMsgToClientProcessByWND-dll] [HWND:3741236 dwData:8 size:49 ndata:{
   "command" : 8,
   "hwnd" : 0,
   "id" : 3
}
]
09/30 15:44:21 [42416 42420 ..\NdCef\NDCefMain.cpp,418] [SendMsgToClientProcessByWND-dll] [HWND:921970 dwData:2 size:466 ndata:{
   "command" : 2,
   "height" : 446,
   "hwnd" : 1250972,
   "id" : 1,
   "ocx" : false,
   "osr" : true,
   "pop" : false,
   "render" : true,
   "show" : false,
   "url" : "https://api.edmodo.com/oauth/authorize?client_id=f0b0a608d861597db2862280160b91504edd01877b1acf35edd0cff922fca52b&redirect_uri=https://edmodo-callback.aws.stg.cherrypickslearning.com/101vrdesktopapp&scope=basic&response_type=token&state=ndtest",
   "width" : 707,
   "x" : 0,
   "y" : 0
}
]
09/30 15:44:21 [44412 45024 ..\NdCef\NDCefMain.cpp,435] [SendMsgToParentProcessByWND] [HWND:1250972 dwData:1026 size:174 ndata:{
   "eventBID" : 0,
   "eventCID" : 0,
   "eventData" : 397668,
   "eventHWND" : 397668,
   "eventName" : "OsrWindowHwnd",
   "id" : 1,
   "messageName" : "OsrWindowHwnd"
}
]
09/30 15:44:21 [44412 45024 ..\NdCef\NDCefMain.cpp,435] [SendMsgToParentProcessByWND] [HWND:1250972 dwData:40006 size:154 ndata:{
   "canGoBack" : false,
   "canGoForward" : false,
   "eventBID" : 0,
   "eventCID" : 0,
   "eventHWND" : 1250972,
   "id" : 1,
   "isLoading" : true
}
]
09/30 15:44:24 [44412 45024 ..\NdCef\NDCefMain.cpp,435] [SendMsgToParentProcessByWND] [HWND:1250972 dwData:30001 size:433 ndata:{
   "eventBID" : 1,
   "eventData" : "https://api.edmodo.com/login?return_to=%2Foauth%2Fauthorize%3Fclient_id%3Df0b0a608d861597db2862280160b91504edd01877b1acf35edd0cff922fca52b%26redirect_uri%3Dhttps%3A%2F%2Fedmodo-callback.aws.stg.cherrypickslearning.com%2F101vrdesktopapp%26scope%3Dbasic%26response_type%3Dtoken%26state%3Dndtest",
   "eventHWND" : 1250972,
   "eventName" : 30003,
   "id" : 1,
   "messageName" : "MSG_URLPOPUP"
}
]
09/30 15:44:27 [44412 45024 ..\NdCef\NDCefMain.cpp,435] [SendMsgToParentProcessByWND] [HWND:1250972 dwData:30001 size:433 ndata:{
   "eventBID" : 1,
   "eventData" : "https://api.edmodo.com/login?return_to=%2Foauth%2Fauthorize%3Fclient_id%3Df0b0a608d861597db2862280160b91504edd01877b1acf35edd0cff922fca52b%26redirect_uri%3Dhttps%3A%2F%2Fedmodo-callback.aws.stg.cherrypickslearning.com%2F101vrdesktopapp%26scope%3Dbasic%26response_type%3Dtoken%26state%3Dndtest",
   "eventHWND" : 1250972,
   "eventName" : 30003,
   "id" : 1,
   "messageName" : "MSG_URLPOPUP"
}
]
09/30 15:44:27 [44412 45024 ..\NdCef\NDCefMain.cpp,435] [SendMsgToParentProcessByWND] [HWND:1250972 dwData:40006 size:155 ndata:{
   "canGoBack" : false,
   "canGoForward" : false,
   "eventBID" : 0,
   "eventCID" : 0,
   "eventHWND" : 1250972,
   "id" : 1,
   "isLoading" : false
}
]
09/30 15:44:27 [44412 45024 ..\NdCef\NDCefMain.cpp,435] [SendMsgToParentProcessByWND] [HWND:1250972 dwData:30005 size:398 ndata:{
   "eventBID" : 1,
   "eventData" : "https://api.edmodo.com/login?return_to=%2Foauth%2Fauthorize%3Fclient_id%3Df0b0a608d861597db2862280160b91504edd01877b1acf35edd0cff922fca52b%26redirect_uri%3Dhttps%3A%2F%2Fedmodo-callback.aws.stg.cherrypickslearning.com%2F101vrdesktopapp%26scope%3Dbasic%26response_type%3Dtoken%26state%3Dndtest",
   "eventHWND" : 1250972,
   "eventName" : 30005,
   "id" : 1
}
]
09/30 15:47:30 [42416 42420 ..\NdCef\NDCefMain.cpp,418] [SendMsgToClientProcessByWND-dll] [HWND:921970 dwData:18 size:127 ndata:{
   "command" : 18,
   "data" : "",
   "hwnd" : 0,
   "id" : 1,
   "lParam" : 27394599,
   "message" : 512,
   "wParam" : 0
}
]
09/30 15:47:30 [42416 42420 ..\NdCef\NDCefMain.cpp,418] [SendMsgToClientProcessByWND-dll] [HWND:921970 dwData:18 size:127 ndata:{
   "command" : 18,
   "data" : "",
   "hwnd" : 0,
   "id" : 1,
   "lParam" : 24379990,
   "message" : 512,
   "wParam" : 0
}
]
09/30 15:47:30 [42416 42420 ..\NdCef\NDCefMain.cpp,418] [SendMsgToClientProcessByWND-dll] [HWND:921970 dwData:18 size:127 ndata:{
   "command" : 18,
   "data" : "",
   "hwnd" : 0,
   "id" : 1,
   "lParam" : 23200362,
   "message" : 512,
   "wParam" : 0
}
]
09/30 15:47:30 [42416 42420 ..\NdCef\NDCefMain.cpp,418] [SendMsgToClientProcessByWND-dll] [HWND:921970 dwData:18 size:127 ndata:{
   "command" : 18,
   "data" : "",
   "hwnd" : 0,
   "id" : 1,
   "lParam" : 22741614,
   "message" : 512,
   "wParam" : 0
}
]
09/30 15:47:30 [42416 42420 ..\NdCef\NDCefMain.cpp,418] [SendMsgToClientProcessByWND-dll] [HWND:921970 dwData:18 size:127 ndata:{
   "command" : 18,
   "data" : "",
   "hwnd" : 0,
   "id" : 1,
   "lParam" : 22544986,
   "message" : 512,
   "wParam" : 0
}
]
09/30 15:47:30 [42416 42420 ..\NdCef\NDCefMain.cpp,418] [SendMsgToClientProcessByWND-dll] [HWND:921970 dwData:18 size:127 ndata:{
   "command" : 18,
   "data" : "",
   "hwnd" : 0,
   "id" : 1,
   "lParam" : 22544908,
   "message" : 512,
   "wParam" : 0
}
]
09/30 15:47:30 [42416 42420 ..\NdCef\NDCefMain.cpp,418] [SendMsgToClientProcessByWND-dll] [HWND:921970 dwData:18 size:127 ndata:{
   "command" : 18,
   "data" : "",
   "hwnd" : 0,
   "id" : 1,
   "lParam" : 23200061,
   "message" : 512,
   "wParam" : 0
}
]
09/30 15:47:30 [42416 42420 ..\NdCef\NDCefMain.cpp,418] [SendMsgToClientProcessByWND-dll] [HWND:921970 dwData:18 size:127 ndata:{
   "command" : 18,
   "data" : "",
   "hwnd" : 0,
   "id" : 1,
   "lParam" : 24772806,
   "message" : 512,
   "wParam" : 0
}
]
09/30 15:47:30 [42416 42420 ..\NdCef\NDCefMain.cpp,418] [SendMsgToClientProcessByWND-dll] [HWND:921970 dwData:18 size:127 ndata:{
   "command" : 18,
   "data" : "",
   "hwnd" : 0,
   "id" : 1,
   "lParam" : 26673265,
   "message" : 512,
   "wParam" : 0
}
]
09/30 15:47:30 [42416 42420 ..\NdCef\NDCefMain.cpp,418] [SendMsgToClientProcessByWND-dll] [HWND:921970 dwData:18 size:127 ndata:{
   "command" : 18,
   "data" : "",
   "hwnd" : 0,
   "id" : 1,
   "lParam" : 27852859,
   "message" : 512,
   "wParam" : 0
}
]
09/30 15:47:30 [42416 42420 ..\NdCef\NDCefMain.cpp,418] [SendMsgToClientProcessByWND-dll] [HWND:921970 dwData:18 size:127 ndata:{
   "command" : 18,
   "data" : "",
   "hwnd" : 0,
   "id" : 1,
   "lParam" : 28377112,
   "message" : 512,
   "wParam" : 0
}
]
09/30 15:47:30 [42416 42420 ..\NdCef\NDCefMain.cpp,418] [SendMsgToClientProcessByWND-dll] [HWND:921970 dwData:18 size:127 ndata:{
   "command" : 18,
   "data" : "",
   "hwnd" : 0,
   "id" : 1,
   "lParam" : 18088013,
   "message" : 512,
   "wParam" : 0
}
]
09/30 15:47:30 [44412 45024 ..\NdCef\NDCefMain.cpp,435] [SendMsgToParentProcessByWND] [HWND:1250972 dwData:1025 size:247 ndata:{
   "eventBID" : 1,
   "eventCID" : 0,
   "eventData" : {
      "CursorHeight" : 0,
      "CursorType" : 2,
      "CursorWidth" : 0
   },
   "eventHWND" : 1250972,
   "eventName" : "CursorChange",
   "id" : 1,
   "messageName" : "CursorChange"
}
]
09/30 15:47:30 [42416 42420 ..\NdCef\NDCefMain.cpp,418] [SendMsgToClientProcessByWND-dll] [HWND:921970 dwData:18 size:127 ndata:{
   "command" : 18,
   "data" : "",
   "hwnd" : 0,
   "id" : 1,
   "lParam" : 14745783,
   "message" : 512,
   "wParam" : 0
}
]
09/30 15:47:30 [44412 45024 ..\NdCef\NDCefMain.cpp,435] [SendMsgToParentProcessByWND] [HWND:1250972 dwData:1025 size:247 ndata:{
   "eventBID" : 1,
   "eventCID" : 0,
   "eventData" : {
      "CursorHeight" : 0,
      "CursorType" : 3,
      "CursorWidth" : 0
   },
   "eventHWND" : 1250972,
   "eventName" : "CursorChange",
   "id" : 1,
   "messageName" : "CursorChange"
}
]
09/30 15:47:30 [42416 42420 ..\NdCef\NDCefMain.cpp,418] [SendMsgToClientProcessByWND-dll] [HWND:921970 dwData:18 size:127 ndata:{
   "command" : 18,
   "data" : "",
   "hwnd" : 0,
   "id" : 1,
   "lParam" : 11600193,
   "message" : 512,
   "wParam" : 0
}
]
09/30 15:47:30 [42416 42420 ..\NdCef\NDCefMain.cpp,418] [SendMsgToClientProcessByWND-dll] [HWND:921970 dwData:18 size:126 ndata:{
   "command" : 18,
   "data" : "",
   "hwnd" : 0,
   "id" : 1,
   "lParam" : 8913369,
   "message" : 512,
   "wParam" : 0
}
]
09/30 15:47:30 [44412 45024 ..\NdCef\NDCefMain.cpp,435] [SendMsgToParentProcessByWND] [HWND:1250972 dwData:1025 size:247 ndata:{
   "eventBID" : 1,
   "eventCID" : 0,
   "eventData" : {
      "CursorHeight" : 0,
      "CursorType" : 0,
      "CursorWidth" : 0
   },
   "eventHWND" : 1250972,
   "eventName" : "CursorChange",
   "id" : 1,
   "messageName" : "CursorChange"
}
]
09/30 15:47:30 [42416 42420 ..\NdCef\NDCefMain.cpp,418] [SendMsgToClientProcessByWND-dll] [HWND:921970 dwData:18 size:126 ndata:{
   "command" : 18,
   "data" : "",
   "hwnd" : 0,
   "id" : 1,
   "lParam" : 7012950,
   "message" : 512,
   "wParam" : 0
}
]
09/30 15:47:30 [42416 42420 ..\NdCef\NDCefMain.cpp,418] [SendMsgToClientProcessByWND-dll] [HWND:921970 dwData:18 size:126 ndata:{
   "command" : 18,
   "data" : "",
   "hwnd" : 0,
   "id" : 1,
   "lParam" : 5898922,
   "message" : 512,
   "wParam" : 0
}
]
09/30 15:47:30 [42416 42420 ..\NdCef\NDCefMain.cpp,418] [SendMsgToClientProcessByWND-dll] [HWND:921970 dwData:18 size:126 ndata:{
   "command" : 18,
   "data" : "",
   "hwnd" : 0,
   "id" : 1,
   "lParam" : 5702335,
   "message" : 512,
   "wParam" : 0
}
]
09/30 15:47:30 [42416 42420 ..\NdCef\NDCefMain.cpp,418] [SendMsgToClientProcessByWND-dll] [HWND:921970 dwData:18 size:126 ndata:{
   "command" : 18,
   "data" : "",
   "hwnd" : 0,
   "id" : 1,
   "lParam" : 6292130,
   "message" : 512,
   "wParam" : 0
}
]
09/30 15:47:30 [42416 42420 ..\NdCef\NDCefMain.cpp,418] [SendMsgToClientProcessByWND-dll] [HWND:921970 dwData:18 size:126 ndata:{
   "command" : 18,
   "data" : "",
   "hwnd" : 0,
   "id" : 1,
   "lParam" : 6816387,
   "message" : 512,
   "wParam" : 0
}
]
09/30 15:47:30 [42416 42420 ..\NdCef\NDCefMain.cpp,418] [SendMsgToClientProcessByWND-dll] [HWND:921970 dwData:18 size:126 ndata:{
   "command" : 18,
   "data" : "",
   "hwnd" : 0,
   "id" : 1,
   "lParam" : 7340642,
   "message" : 512,
   "wParam" : 0
}
]
09/30 15:47:30 [42416 42420 ..\NdCef\NDCefMain.cpp,418] [SendMsgToClientProcessByWND-dll] [HWND:921970 dwData:18 size:126 ndata:{
   "command" : 18,
   "data" : "",
   "hwnd" : 0,
   "id" : 1,
   "lParam" : 7733824,
   "message" : 512,
   "wParam" : 0
}
]
09/30 15:47:30 [42416 42420 ..\NdCef\NDCefMain.cpp,418] [SendMsgToClientProcessByWND-dll] [HWND:921970 dwData:18 size:126 ndata:{
   "command" : 18,
   "data" : "",
   "hwnd" : 0,
   "id" : 1,
   "lParam" : 8192543,
   "message" : 512,
   "wParam" : 0
}
]
09/30 15:47:30 [42416 42420 ..\NdCef\NDCefMain.cpp,418] [SendMsgToClientProcessByWND-dll] [HWND:921970 dwData:18 size:126 ndata:{
   "command" : 18,
   "data" : "",
   "hwnd" : 0,
   "id" : 1,
   "lParam" : 8520194,
   "message" : 512,
   "wParam" : 0
}
]
09/30 15:47:30 [42416 42420 ..\NdCef\NDCefMain.cpp,418] [SendMsgToClientProcessByWND-dll] [HWND:921970 dwData:18 size:126 ndata:{
   "command" : 18,
   "data" : "",
   "hwnd" : 0,
   "id" : 1,
   "lParam" : 8847853,
   "message" : 512,
   "wParam" : 0
}
]
09/30 15:47:30 [42416 42420 ..\NdCef\NDCefMain.cpp,418] [SendMsgToClientProcessByWND-dll] [HWND:921970 dwData:18 size:126 ndata:{
   "command" : 18,
   "data" : "",
   "hwnd" : 0,
   "id" : 1,
   "lParam" : 9044444,
   "message" : 512,
   "wParam" : 0
}
]
09/30 15:47:30 [42416 42420 ..\NdCef\NDCefMain.cpp,418] [SendMsgToClientProcessByWND-dll] [HWND:921970 dwData:18 size:126 ndata:{
   "command" : 18,
   "data" : "",
   "hwnd" : 0,
   "id" : 1,
   "lParam" : 9044438,
   "message" : 512,
   "wParam" : 0
}
]
09/30 15:47:30 [42416 42420 ..\NdCef\NDCefMain.cpp,418] [SendMsgToClientProcessByWND-dll] [HWND:921970 dwData:18 size:126 ndata:{
   "command" : 18,
   "data" : "",
   "hwnd" : 0,
   "id" : 1,
   "lParam" : 9044437,
   "message" : 512,
   "wParam" : 0
}
]
09/30 15:47:30 [42416 42420 ..\NdCef\NDCefMain.cpp,418] [SendMsgToClientProcessByWND-dll] [HWND:921970 dwData:18 size:126 ndata:{
   "command" : 18,
   "data" : "",
   "hwnd" : 0,
   "id" : 1,
   "lParam" : 9044435,
   "message" : 512,
   "wParam" : 0
}
]
09/30 15:47:30 [42416 42420 ..\NdCef\NDCefMain.cpp,418] [SendMsgToClientProcessByWND-dll] [HWND:921970 dwData:18 size:126 ndata:{
   "command" : 18,
   "data" : "",
   "hwnd" : 0,
   "id" : 1,
   "lParam" : 9044434,
   "message" : 512,
   "wParam" : 0
}
]
09/30 15:47:30 [42416 42420 ..\NdCef\NDCefMain.cpp,418] [SendMsgToClientProcessByWND-dll] [HWND:921970 dwData:18 size:126 ndata:{
   "command" : 18,
   "data" : "",
   "hwnd" : 0,
   "id" : 1,
   "lParam" : 9109968,
   "message" : 512,
   "wParam" : 0
}
]
09/30 15:47:30 [42416 42420 ..\NdCef\NDCefMain.cpp,418] [SendMsgToClientProcessByWND-dll] [HWND:921970 dwData:18 size:126 ndata:{
   "command" : 18,
   "data" : "",
   "hwnd" : 0,
   "id" : 1,
   "lParam" : 9241034,
   "message" : 512,
   "wParam" : 0
}
]
09/30 15:47:30 [42416 42420 ..\NdCef\NDCefMain.cpp,418] [SendMsgToClientProcessByWND-dll] [HWND:921970 dwData:18 size:126 ndata:{
   "command" : 18,
   "data" : "",
   "hwnd" : 0,
   "id" : 1,
   "lParam" : 9437634,
   "message" : 512,
   "wParam" : 0
}
]
09/30 15:47:30 [42416 42420 ..\NdCef\NDCefMain.cpp,418] [SendMsgToClientProcessByWND-dll] [HWND:921970 dwData:18 size:126 ndata:{
   "command" : 18,
   "data" : "",
   "hwnd" : 0,
   "id" : 1,
   "lParam" : 9699769,
   "message" : 512,
   "wParam" : 0
}
]
09/30 15:47:30 [42416 42420 ..\NdCef\NDCefMain.cpp,418] [SendMsgToClientProcessByWND-dll] [HWND:921970 dwData:18 size:126 ndata:{
   "command" : 18,
   "data" : "",
   "hwnd" : 0,
   "id" : 1,
   "lParam" : 9896369,
   "message" : 512,
   "wParam" : 0
}
]
09/30 15:47:30 [44412 45024 ..\NdCef\NDCefMain.cpp,435] [SendMsgToParentProcessByWND] [HWND:1250972 dwData:1025 size:247 ndata:{
   "eventBID" : 1,
   "eventCID" : 0,
   "eventData" : {
      "CursorHeight" : 0,
      "CursorType" : 3,
      "CursorWidth" : 0
   },
   "eventHWND" : 1250972,
   "eventName" : "CursorChange",
   "id" : 1,
   "messageName" : "CursorChange"
}
]
09/30 15:47:30 [42416 42420 ..\NdCef\NDCefMain.cpp,418] [SendMsgToClientProcessByWND-dll] [HWND:921970 dwData:18 size:127 ndata:{
   "command" : 18,
   "data" : "",
   "hwnd" : 0,
   "id" : 1,
   "lParam" : 10092969,
   "message" : 512,
   "wParam" : 0
}
]
09/30 15:47:30 [42416 42420 ..\NdCef\NDCefMain.cpp,418] [SendMsgToClientProcessByWND-dll] [HWND:921970 dwData:18 size:127 ndata:{
   "command" : 18,
   "data" : "",
   "hwnd" : 0,
   "id" : 1,
   "lParam" : 10224035,
   "message" : 512,
   "wParam" : 0
}
]
09/30 15:47:31 [42416 42420 ..\NdCef\NDCefMain.cpp,418] [SendMsgToClientProcessByWND-dll] [HWND:921970 dwData:18 size:127 ndata:{
   "command" : 18,
   "data" : "",
   "hwnd" : 0,
   "id" : 1,
   "lParam" : 10355104,
   "message" : 512,
   "wParam" : 0
}
]
09/30 15:47:31 [42416 42420 ..\NdCef\NDCefMain.cpp,418] [SendMsgToClientProcessByWND-dll] [HWND:921970 dwData:18 size:127 ndata:{
   "command" : 18,
   "data" : "",
   "hwnd" : 0,
   "id" : 1,
   "lParam" : 10355102,
   "message" : 512,
   "wParam" : 0
}
]
09/30 15:47:31 [42416 42420 ..\NdCef\NDCefMain.cpp,418] [SendMsgToClientProcessByWND-dll] [HWND:921970 dwData:18 size:127 ndata:{
   "command" : 18,
   "data" : "",
   "hwnd" : 0,
   "id" : 1,
   "lParam" : 10355101,
   "message" : 512,
   "wParam" : 0
}
]
09/30 15:47:31 [42416 42420 ..\NdCef\NDCefMain.cpp,418] [SendMsgToClientProcessByWND-dll] [HWND:921970 dwData:18 size:118 ndata:{
   "command" : 18,
   "data" : "",
   "hwnd" : 0,
   "id" : 1,
   "lParam" : 0,
   "message" : 7,
   "wParam" : 0
}
]
09/30 15:47:31 [42416 42420 ..\NdCef\NDCefMain.cpp,418] [SendMsgToClientProcessByWND-dll] [HWND:921970 dwData:18 size:127 ndata:{
   "command" : 18,
   "data" : "",
   "hwnd" : 0,
   "id" : 1,
   "lParam" : 10355101,
   "message" : 513,
   "wParam" : 1
}
]
09/30 15:47:31 [42416 42420 ..\NdCef\NDCefMain.cpp,418] [SendMsgToClientProcessByWND-dll] [HWND:921970 dwData:18 size:127 ndata:{
   "command" : 18,
   "data" : "",
   "hwnd" : 0,
   "id" : 1,
   "lParam" : 10355101,
   "message" : 514,
   "wParam" : 0
}
]
09/30 15:47:31 [42416 42420 ..\NdCef\NDCefMain.cpp,418] [SendMsgToClientProcessByWND-dll] [HWND:921970 dwData:18 size:127 ndata:{
   "command" : 18,
   "data" : "",
   "hwnd" : 0,
   "id" : 1,
   "lParam" : 10355101,
   "message" : 512,
   "wParam" : 0
}
]
09/30 15:47:31 [42416 42420 ..\NdCef\NDCefMain.cpp,418] [SendMsgToClientProcessByWND-dll] [HWND:921970 dwData:18 size:118 ndata:{
   "command" : 18,
   "data" : "",
   "hwnd" : 0,
   "id" : 1,
   "lParam" : 0,
   "message" : 7,
   "wParam" : 0
}
]
09/30 15:47:31 [42416 42420 ..\NdCef\NDCefMain.cpp,418] [SendMsgToClientProcessByWND-dll] [HWND:921970 dwData:18 size:127 ndata:{
   "command" : 18,
   "data" : "",
   "hwnd" : 0,
   "id" : 1,
   "lParam" : 10355101,
   "message" : 513,
   "wParam" : 1
}
]
09/30 15:47:31 [42416 42420 ..\NdCef\NDCefMain.cpp,418] [SendMsgToClientProcessByWND-dll] [HWND:921970 dwData:18 size:127 ndata:{
   "command" : 18,
   "data" : "",
   "hwnd" : 0,
   "id" : 1,
   "lParam" : 10355101,
   "message" : 514,
   "wParam" : 0
}
]
09/30 15:47:31 [42416 42420 ..\NdCef\NDCefMain.cpp,418] [SendMsgToClientProcessByWND-dll] [HWND:921970 dwData:18 size:127 ndata:{
   "command" : 18,
   "data" : "",
   "hwnd" : 0,
   "id" : 1,
   "lParam" : 10355101,
   "message" : 512,
   "wParam" : 0
}
]
09/30 15:47:31 [42416 42420 ..\NdCef\NDCefMain.cpp,418] [SendMsgToClientProcessByWND-dll] [HWND:921970 dwData:18 size:127 ndata:{
   "command" : 18,
   "data" : "",
   "hwnd" : 0,
   "id" : 1,
   "lParam" : 10420637,
   "message" : 512,
   "wParam" : 0
}
]
09/30 15:47:31 [42416 42420 ..\NdCef\NDCefMain.cpp,418] [SendMsgToClientProcessByWND-dll] [HWND:921970 dwData:18 size:127 ndata:{
   "command" : 18,
   "data" : "",
   "hwnd" : 0,
   "id" : 1,
   "lParam" : 10551709,
   "message" : 512,
   "wParam" : 0
}
]
09/30 15:47:31 [42416 42420 ..\NdCef\NDCefMain.cpp,418] [SendMsgToClientProcessByWND-dll] [HWND:921970 dwData:18 size:127 ndata:{
   "command" : 18,
   "data" : "",
   "hwnd" : 0,
   "id" : 1,
   "lParam" : 10748318,
   "message" : 512,
   "wParam" : 0
}
]
09/30 15:47:31 [42416 42420 ..\NdCef\NDCefMain.cpp,418] [SendMsgToClientProcessByWND-dll] [HWND:921970 dwData:18 size:127 ndata:{
   "command" : 18,
   "data" : "",
   "hwnd" : 0,
   "id" : 1,
   "lParam" : 10879391,
   "message" : 512,
   "wParam" : 0
}
]
09/30 15:47:32 [42416 42420 ..\NdCef\NDCefMain.cpp,418] [SendMsgToClientProcessByWND-dll] [HWND:921970 dwData:18 size:118 ndata:{
   "command" : 18,
   "data" : "",
   "hwnd" : 0,
   "id" : 1,
   "lParam" : 0,
   "message" : 7,
   "wParam" : 0
}
]
09/30 15:47:32 [42416 42420 ..\NdCef\NDCefMain.cpp,418] [SendMsgToClientProcessByWND-dll] [HWND:921970 dwData:18 size:127 ndata:{
   "command" : 18,
   "data" : "",
   "hwnd" : 0,
   "id" : 1,
   "lParam" : 10879391,
   "message" : 513,
   "wParam" : 1
}
]
09/30 15:47:32 [42416 42420 ..\NdCef\NDCefMain.cpp,418] [SendMsgToClientProcessByWND-dll] [HWND:921970 dwData:18 size:127 ndata:{
   "command" : 18,
   "data" : "",
   "hwnd" : 0,
   "id" : 1,
   "lParam" : 10879391,
   "message" : 514,
   "wParam" : 0
}
]
09/30 15:47:32 [42416 42420 ..\NdCef\NDCefMain.cpp,418] [SendMsgToClientProcessByWND-dll] [HWND:921970 dwData:18 size:127 ndata:{
   "command" : 18,
   "data" : "",
   "hwnd" : 0,
   "id" : 1,
   "lParam" : 10879391,
   "message" : 512,
   "wParam" : 0
}
]
09/30 15:47:32 [42416 42420 ..\NdCef\NDCefMain.cpp,418] [SendMsgToClientProcessByWND-dll] [HWND:921970 dwData:18 size:127 ndata:{
   "command" : 18,
   "data" : "",
   "hwnd" : 0,
   "id" : 1,
   "lParam" : 10551711,
   "message" : 512,
   "wParam" : 0
}
]
09/30 15:47:32 [42416 42420 ..\NdCef\NDCefMain.cpp,418] [SendMsgToClientProcessByWND-dll] [HWND:921970 dwData:18 size:126 ndata:{
   "command" : 18,
   "data" : "",
   "hwnd" : 0,
   "id" : 1,
   "lParam" : 9961882,
   "message" : 512,
   "wParam" : 0
}
]
09/30 15:47:32 [42416 42420 ..\NdCef\NDCefMain.cpp,418] [SendMsgToClientProcessByWND-dll] [HWND:921970 dwData:18 size:126 ndata:{
   "command" : 18,
   "data" : "",
   "hwnd" : 0,
   "id" : 1,
   "lParam" : 9306515,
   "message" : 512,
   "wParam" : 0
}
]
09/30 15:47:32 [44412 45024 ..\NdCef\NDCefMain.cpp,435] [SendMsgToParentProcessByWND] [HWND:1250972 dwData:1025 size:247 ndata:{
   "eventBID" : 1,
   "eventCID" : 0,
   "eventData" : {
      "CursorHeight" : 0,
      "CursorType" : 0,
      "CursorWidth" : 0
   },
   "eventHWND" : 1250972,
   "eventName" : "CursorChange",
   "id" : 1,
   "messageName" : "CursorChange"
}
]
09/30 15:47:32 [42416 42420 ..\NdCef\NDCefMain.cpp,418] [SendMsgToClientProcessByWND-dll] [HWND:921970 dwData:18 size:126 ndata:{
   "command" : 18,
   "data" : "",
   "hwnd" : 0,
   "id" : 1,
   "lParam" : 8388999,
   "message" : 512,
   "wParam" : 0
}
]
09/30 15:47:32 [42416 42420 ..\NdCef\NDCefMain.cpp,418] [SendMsgToClientProcessByWND-dll] [HWND:921970 dwData:18 size:126 ndata:{
   "command" : 18,
   "data" : "",
   "hwnd" : 0,
   "id" : 1,
   "lParam" : 7864703,
   "message" : 512,
   "wParam" : 0
}
]
09/30 15:47:32 [42416 42420 ..\NdCef\NDCefMain.cpp,418] [SendMsgToClientProcessByWND-dll] [HWND:921970 dwData:18 size:126 ndata:{
   "command" : 18,
   "data" : "",
   "hwnd" : 0,
   "id" : 1,
   "lParam" : 7274868,
   "message" : 512,
   "wParam" : 0
}
]
09/30 15:47:32 [44412 45024 ..\NdCef\NDCefMain.cpp,435] [SendMsgToParentProcessByWND] [HWND:1250972 dwData:1025 size:247 ndata:{
   "eventBID" : 1,
   "eventCID" : 0,
   "eventData" : {
      "CursorHeight" : 0,
      "CursorType" : 3,
      "CursorWidth" : 0
   },
   "eventHWND" : 1250972,
   "eventName" : "CursorChange",
   "id" : 1,
   "messageName" : "CursorChange"
}
]
09/30 15:47:32 [42416 42420 ..\NdCef\NDCefMain.cpp,418] [SendMsgToClientProcessByWND-dll] [HWND:921970 dwData:18 size:126 ndata:{
   "command" : 18,
   "data" : "",
   "hwnd" : 0,
   "id" : 1,
   "lParam" : 6816106,
   "message" : 512,
   "wParam" : 0
}
]
09/30 15:47:32 [42416 42420 ..\NdCef\NDCefMain.cpp,418] [SendMsgToClientProcessByWND-dll] [HWND:921970 dwData:18 size:126 ndata:{
   "command" : 18,
   "data" : "",
   "hwnd" : 0,
   "id" : 1,
   "lParam" : 6422880,
   "message" : 512,
   "wParam" : 0
}
]
09/30 15:47:32 [42416 42420 ..\NdCef\NDCefMain.cpp,418] [SendMsgToClientProcessByWND-dll] [HWND:921970 dwData:18 size:126 ndata:{
   "command" : 18,
   "data" : "",
   "hwnd" : 0,
   "id" : 1,
   "lParam" : 6095193,
   "message" : 512,
   "wParam" : 0
}
]
09/30 15:47:32 [42416 42420 ..\NdCef\NDCefMain.cpp,418] [SendMsgToClientProcessByWND-dll] [HWND:921970 dwData:18 size:126 ndata:{
   "command" : 18,
   "data" : "",
   "hwnd" : 0,
   "id" : 1,
   "lParam" : 5898580,
   "message" : 512,
   "wParam" : 0
}
]
09/30 15:47:32 [42416 42420 ..\NdCef\NDCefMain.cpp,418] [SendMsgToClientProcessByWND-dll] [HWND:921970 dwData:18 size:126 ndata:{
   "command" : 18,
   "data" : "",
   "hwnd" : 0,
   "id" : 1,
   "lParam" : 5701968,
   "message" : 512,
   "wParam" : 0
}
]
09/30 15:47:32 [42416 42420 ..\NdCef\NDCefMain.cpp,418] [SendMsgToClientProcessByWND-dll] [HWND:921970 dwData:18 size:126 ndata:{
   "command" : 18,
   "data" : "",
   "hwnd" : 0,
   "id" : 1,
   "lParam" : 5701967,
   "message" : 512,
   "wParam" : 0
}
]
09/30 15:47:32 [42416 42420 ..\NdCef\NDCefMain.cpp,418] [SendMsgToClientProcessByWND-dll] [HWND:921970 dwData:18 size:126 ndata:{
   "command" : 18,
   "data" : "",
   "hwnd" : 0,
   "id" : 1,
   "lParam" : 5701966,
   "message" : 512,
   "wParam" : 0
}
]
09/30 15:47:32 [42416 42420 ..\NdCef\NDCefMain.cpp,418] [SendMsgToClientProcessByWND-dll] [HWND:921970 dwData:18 size:126 ndata:{
   "command" : 18,
   "data" : "",
   "hwnd" : 0,
   "id" : 1,
   "lParam" : 5701964,
   "message" : 512,
   "wParam" : 0
}
]
09/30 15:47:32 [42416 42420 ..\NdCef\NDCefMain.cpp,418] [SendMsgToClientProcessByWND-dll] [HWND:921970 dwData:18 size:126 ndata:{
   "command" : 18,
   "data" : "",
   "hwnd" : 0,
   "id" : 1,
   "lParam" : 5833031,
   "message" : 512,
   "wParam" : 0
}
]
09/30 15:47:32 [42416 42420 ..\NdCef\NDCefMain.cpp,418] [SendMsgToClientProcessByWND-dll] [HWND:921970 dwData:18 size:126 ndata:{
   "command" : 18,
   "data" : "",
   "hwnd" : 0,
   "id" : 1,
   "lParam" : 5964099,
   "message" : 512,
   "wParam" : 0
}
]
09/30 15:47:33 [42416 42420 ..\NdCef\NDCefMain.cpp,418] [SendMsgToClientProcessByWND-dll] [HWND:921970 dwData:18 size:126 ndata:{
   "command" : 18,
   "data" : "",
   "hwnd" : 0,
   "id" : 1,
   "lParam" : 6095168,
   "message" : 512,
   "wParam" : 0
}
]
09/30 15:47:33 [42416 42420 ..\NdCef\NDCefMain.cpp,418] [SendMsgToClientProcessByWND-dll] [HWND:921970 dwData:18 size:126 ndata:{
   "command" : 18,
   "data" : "",
   "hwnd" : 0,
   "id" : 1,
   "lParam" : 6226238,
   "message" : 512,
   "wParam" : 0
}
]
09/30 15:47:33 [42416 42420 ..\NdCef\NDCefMain.cpp,418] [SendMsgToClientProcessByWND-dll] [HWND:921970 dwData:18 size:126 ndata:{
   "command" : 18,
   "data" : "",
   "hwnd" : 0,
   "id" : 1,
   "lParam" : 6291773,
   "message" : 512,
   "wParam" : 0
}
]
09/30 15:47:33 [42416 42420 ..\NdCef\NDCefMain.cpp,418] [SendMsgToClientProcessByWND-dll] [HWND:921970 dwData:18 size:126 ndata:{
   "command" : 18,
   "data" : "",
   "hwnd" : 0,
   "id" : 1,
   "lParam" : 6357309,
   "message" : 512,
   "wParam" : 0
}
]
09/30 15:47:33 [42416 42420 ..\NdCef\NDCefMain.cpp,418] [SendMsgToClientProcessByWND-dll] [HWND:921970 dwData:18 size:126 ndata:{
   "command" : 18,
   "data" : "",
   "hwnd" : 0,
   "id" : 1,
   "lParam" : 6488379,
   "message" : 512,
   "wParam" : 0
}
]
09/30 15:47:33 [42416 42420 ..\NdCef\NDCefMain.cpp,418] [SendMsgToClientProcessByWND-dll] [HWND:921970 dwData:18 size:126 ndata:{
   "command" : 18,
   "data" : "",
   "hwnd" : 0,
   "id" : 1,
   "lParam" : 6619451,
   "message" : 512,
   "wParam" : 0
}
]
09/30 15:47:33 [42416 42420 ..\NdCef\NDCefMain.cpp,418] [SendMsgToClientProcessByWND-dll] [HWND:921970 dwData:18 size:126 ndata:{
   "command" : 18,
   "data" : "",
   "hwnd" : 0,
   "id" : 1,
   "lParam" : 6750521,
   "message" : 512,
   "wParam" : 0
}
]
09/30 15:47:33 [42416 42420 ..\NdCef\NDCefMain.cpp,418] [SendMsgToClientProcessByWND-dll] [HWND:921970 dwData:18 size:126 ndata:{
   "command" : 18,
   "data" : "",
   "hwnd" : 0,
   "id" : 1,
   "lParam" : 6816057,
   "message" : 512,
   "wParam" : 0
}
]
09/30 15:47:33 [42416 42420 ..\NdCef\NDCefMain.cpp,418] [SendMsgToClientProcessByWND-dll] [HWND:921970 dwData:18 size:126 ndata:{
   "command" : 18,
   "data" : "",
   "hwnd" : 0,
   "id" : 1,
   "lParam" : 7012664,
   "message" : 512,
   "wParam" : 0
}
]
09/30 15:47:33 [42416 42420 ..\NdCef\NDCefMain.cpp,418] [SendMsgToClientProcessByWND-dll] [HWND:921970 dwData:18 size:126 ndata:{
   "command" : 18,
   "data" : "",
   "hwnd" : 0,
   "id" : 1,
   "lParam" : 7143733,
   "message" : 512,
   "wParam" : 0
}
]
09/30 15:47:33 [42416 42420 ..\NdCef\NDCefMain.cpp,418] [SendMsgToClientProcessByWND-dll] [HWND:921970 dwData:18 size:126 ndata:{
   "command" : 18,
   "data" : "",
   "hwnd" : 0,
   "id" : 1,
   "lParam" : 7209269,
   "message" : 512,
   "wParam" : 0
}
]
09/30 15:47:33 [42416 42420 ..\NdCef\NDCefMain.cpp,418] [SendMsgToClientProcessByWND-dll] [HWND:921970 dwData:18 size:126 ndata:{
   "command" : 18,
   "data" : "",
   "hwnd" : 0,
   "id" : 1,
   "lParam" : 7274805,
   "message" : 512,
   "wParam" : 0
}
]
09/30 15:47:33 [42416 42420 ..\NdCef\NDCefMain.cpp,418] [SendMsgToClientProcessByWND-dll] [HWND:921970 dwData:18 size:118 ndata:{
   "command" : 18,
   "data" : "",
   "hwnd" : 0,
   "id" : 1,
   "lParam" : 0,
   "message" : 7,
   "wParam" : 0
}
]
09/30 15:47:33 [42416 42420 ..\NdCef\NDCefMain.cpp,418] [SendMsgToClientProcessByWND-dll] [HWND:921970 dwData:18 size:126 ndata:{
   "command" : 18,
   "data" : "",
   "hwnd" : 0,
   "id" : 1,
   "lParam" : 7274805,
   "message" : 513,
   "wParam" : 1
}
]
09/30 15:47:33 [42416 42420 ..\NdCef\NDCefMain.cpp,418] [SendMsgToClientProcessByWND-dll] [HWND:921970 dwData:18 size:126 ndata:{
   "command" : 18,
   "data" : "",
   "hwnd" : 0,
   "id" : 1,
   "lParam" : 7274805,
   "message" : 514,
   "wParam" : 0
}
]
09/30 15:47:33 [42416 42420 ..\NdCef\NDCefMain.cpp,418] [SendMsgToClientProcessByWND-dll] [HWND:921970 dwData:18 size:126 ndata:{
   "command" : 18,
   "data" : "",
   "hwnd" : 0,
   "id" : 1,
   "lParam" : 7274805,
   "message" : 512,
   "wParam" : 0
}
]
09/30 15:47:33 [42416 42420 ..\NdCef\NDCefMain.cpp,418] [SendMsgToClientProcessByWND-dll] [HWND:921970 dwData:18 size:126 ndata:{
   "command" : 18,
   "data" : "",
   "hwnd" : 0,
   "id" : 1,
   "lParam" : 7340341,
   "message" : 512,
   "wParam" : 0
}
]
09/30 15:47:33 [42416 42420 ..\NdCef\NDCefMain.cpp,418] [SendMsgToClientProcessByWND-dll] [HWND:921970 dwData:18 size:126 ndata:{
   "command" : 18,
   "data" : "",
   "hwnd" : 0,
   "id" : 1,
   "lParam" : 7340345,
   "message" : 512,
   "wParam" : 0
}
]
09/30 15:47:33 [42416 42420 ..\NdCef\NDCefMain.cpp,418] [SendMsgToClientProcessByWND-dll] [HWND:921970 dwData:18 size:126 ndata:{
   "command" : 18,
   "data" : "",
   "hwnd" : 0,
   "id" : 1,
   "lParam" : 7274819,
   "message" : 512,
   "wParam" : 0
}
]
09/30 15:47:33 [42416 42420 ..\NdCef\NDCefMain.cpp,418] [SendMsgToClientProcessByWND-dll] [HWND:921970 dwData:18 size:126 ndata:{
   "command" : 18,
   "data" : "",
   "hwnd" : 0,
   "id" : 1,
   "lParam" : 7274830,
   "message" : 512,
   "wParam" : 0
}
]
09/30 15:47:33 [42416 42420 ..\NdCef\NDCefMain.cpp,418] [SendMsgToClientProcessByWND-dll] [HWND:921970 dwData:18 size:126 ndata:{
   "command" : 18,
   "data" : "",
   "hwnd" : 0,
   "id" : 1,
   "lParam" : 7274846,
   "message" : 512,
   "wParam" : 0
}
]
09/30 15:47:33 [42416 42420 ..\NdCef\NDCefMain.cpp,418] [SendMsgToClientProcessByWND-dll] [HWND:921970 dwData:18 size:126 ndata:{
   "command" : 18,
   "data" : "",
   "hwnd" : 0,
   "id" : 1,
   "lParam" : 7274864,
   "message" : 512,
   "wParam" : 0
}
]
09/30 15:47:33 [42416 42420 ..\NdCef\NDCefMain.cpp,418] [SendMsgToClientProcessByWND-dll] [HWND:921970 dwData:18 size:126 ndata:{
   "command" : 18,
   "data" : "",
   "hwnd" : 0,
   "id" : 1,
   "lParam" : 7274890,
   "message" : 512,
   "wParam" : 0
}
]
09/30 15:47:33 [42416 42420 ..\NdCef\NDCefMain.cpp,418] [SendMsgToClientProcessByWND-dll] [HWND:921970 dwData:18 size:126 ndata:{
   "command" : 18,
   "data" : "",
   "hwnd" : 0,
   "id" : 1,
   "lParam" : 7274902,
   "message" : 512,
   "wParam" : 0
}
]
09/30 15:47:33 [42416 42420 ..\NdCef\NDCefMain.cpp,418] [SendMsgToClientProcessByWND-dll] [HWND:921970 dwData:18 size:126 ndata:{
   "command" : 18,
   "data" : "",
   "hwnd" : 0,
   "id" : 1,
   "lParam" : 7274911,
   "message" : 512,
   "wParam" : 0
}
]
09/30 15:47:33 [42416 42420 ..\NdCef\NDCefMain.cpp,418] [SendMsgToClientProcessByWND-dll] [HWND:921970 dwData:18 size:126 ndata:{
   "command" : 18,
   "data" : "",
   "hwnd" : 0,
   "id" : 1,
   "lParam" : 7274916,
   "message" : 512,
   "wParam" : 0
}
]
09/30 15:47:33 [42416 42420 ..\NdCef\NDCefMain.cpp,418] [SendMsgToClientProcessByWND-dll] [HWND:921970 dwData:18 size:126 ndata:{
   "command" : 18,
   "data" : "",
   "hwnd" : 0,
   "id" : 1,
   "lParam" : 7274920,
   "message" : 512,
   "wParam" : 0
}
]
09/30 15:47:33 [42416 42420 ..\NdCef\NDCefMain.cpp,418] [SendMsgToClientProcessByWND-dll] [HWND:921970 dwData:18 size:126 ndata:{
   "command" : 18,
   "data" : "",
   "hwnd" : 0,
   "id" : 1,
   "lParam" : 7274921,
   "message" : 512,
   "wParam" : 0
}
]
09/30 15:47:33 [42416 42420 ..\NdCef\NDCefMain.cpp,418] [SendMsgToClientProcessByWND-dll] [HWND:921970 dwData:18 size:126 ndata:{
   "command" : 18,
   "data" : "",
   "hwnd" : 0,
   "id" : 1,
   "lParam" : 7274922,
   "message" : 512,
   "wParam" : 0
}
]
09/30 15:47:34 [42416 42420 ..\NdCef\NDCefMain.cpp,418] [SendMsgToClientProcessByWND-dll] [HWND:921970 dwData:18 size:118 ndata:{
   "command" : 18,
   "data" : "",
   "hwnd" : 0,
   "id" : 1,
   "lParam" : 0,
   "message" : 7,
   "wParam" : 0
}
]
09/30 15:47:34 [42416 42420 ..\NdCef\NDCefMain.cpp,418] [SendMsgToClientProcessByWND-dll] [HWND:921970 dwData:18 size:126 ndata:{
   "command" : 18,
   "data" : "",
   "hwnd" : 0,
   "id" : 1,
   "lParam" : 7274922,
   "message" : 513,
   "wParam" : 1
}
]
09/30 15:47:34 [42416 42420 ..\NdCef\NDCefMain.cpp,418] [SendMsgToClientProcessByWND-dll] [HWND:921970 dwData:18 size:126 ndata:{
   "command" : 18,
   "data" : "",
   "hwnd" : 0,
   "id" : 1,
   "lParam" : 7274922,
   "message" : 514,
   "wParam" : 0
}
]
09/30 15:47:34 [42416 42420 ..\NdCef\NDCefMain.cpp,418] [SendMsgToClientProcessByWND-dll] [HWND:921970 dwData:18 size:126 ndata:{
   "command" : 18,
   "data" : "",
   "hwnd" : 0,
   "id" : 1,
   "lParam" : 7274922,
   "message" : 512,
   "wParam" : 0
}
]
09/30 15:47:34 [42416 42420 ..\NdCef\NDCefMain.cpp,418] [SendMsgToClientProcessByWND-dll] [HWND:921970 dwData:18 size:126 ndata:{
   "command" : 18,
   "data" : "",
   "hwnd" : 0,
   "id" : 1,
   "lParam" : 7340456,
   "message" : 512,
   "wParam" : 0
}
]
09/30 15:47:34 [42416 42420 ..\NdCef\NDCefMain.cpp,418] [SendMsgToClientProcessByWND-dll] [HWND:921970 dwData:18 size:126 ndata:{
   "command" : 18,
   "data" : "",
   "hwnd" : 0,
   "id" : 1,
   "lParam" : 7537057,
   "message" : 512,
   "wParam" : 0
}
]
09/30 15:47:34 [44412 45024 ..\NdCef\NDCefMain.cpp,435] [SendMsgToParentProcessByWND] [HWND:1250972 dwData:1025 size:247 ndata:{
   "eventBID" : 1,
   "eventCID" : 0,
   "eventData" : {
      "CursorHeight" : 0,
      "CursorType" : 0,
      "CursorWidth" : 0
   },
   "eventHWND" : 1250972,
   "eventName" : "CursorChange",
   "id" : 1,
   "messageName" : "CursorChange"
}
]
09/30 15:47:34 [42416 42420 ..\NdCef\NDCefMain.cpp,418] [SendMsgToClientProcessByWND-dll] [HWND:921970 dwData:18 size:126 ndata:{
   "command" : 18,
   "data" : "",
   "hwnd" : 0,
   "id" : 1,
   "lParam" : 7799194,
   "message" : 512,
   "wParam" : 0
}
]
09/30 15:47:34 [42416 42420 ..\NdCef\NDCefMain.cpp,418] [SendMsgToClientProcessByWND-dll] [HWND:921970 dwData:18 size:126 ndata:{
   "command" : 18,
   "data" : "",
   "hwnd" : 0,
   "id" : 1,
   "lParam" : 8192403,
   "message" : 512,
   "wParam" : 0
}
]
09/30 15:47:34 [42416 42420 ..\NdCef\NDCefMain.cpp,418] [SendMsgToClientProcessByWND-dll] [HWND:921970 dwData:18 size:126 ndata:{
   "command" : 18,
   "data" : "",
   "hwnd" : 0,
   "id" : 1,
   "lParam" : 8520074,
   "message" : 512,
   "wParam" : 0
}
]
09/30 15:47:34 [42416 42420 ..\NdCef\NDCefMain.cpp,418] [SendMsgToClientProcessByWND-dll] [HWND:921970 dwData:18 size:126 ndata:{
   "command" : 18,
   "data" : "",
   "hwnd" : 0,
   "id" : 1,
   "lParam" : 9044354,
   "message" : 512,
   "wParam" : 0
}
]
09/30 15:47:34 [42416 42420 ..\NdCef\NDCefMain.cpp,418] [SendMsgToClientProcessByWND-dll] [HWND:921970 dwData:18 size:126 ndata:{
   "command" : 18,
   "data" : "",
   "hwnd" : 0,
   "id" : 1,
   "lParam" : 9961842,
   "message" : 512,
   "wParam" : 0
}
]
09/30 15:47:34 [44412 45024 ..\NdCef\NDCefMain.cpp,435] [SendMsgToParentProcessByWND] [HWND:1250972 dwData:1025 size:247 ndata:{
   "eventBID" : 1,
   "eventCID" : 0,
   "eventData" : {
      "CursorHeight" : 0,
      "CursorType" : 3,
      "CursorWidth" : 0
   },
   "eventHWND" : 1250972,
   "eventName" : "CursorChange",
   "id" : 1,
   "messageName" : "CursorChange"
}
]
09/30 15:47:34 [42416 42420 ..\NdCef\NDCefMain.cpp,418] [SendMsgToClientProcessByWND-dll] [HWND:921970 dwData:18 size:127 ndata:{
   "command" : 18,
   "data" : "",
   "hwnd" : 0,
   "id" : 1,
   "lParam" : 10617190,
   "message" : 512,
   "wParam" : 0
}
]
09/30 15:47:34 [42416 42420 ..\NdCef\NDCefMain.cpp,418] [SendMsgToClientProcessByWND-dll] [HWND:921970 dwData:18 size:127 ndata:{
   "command" : 18,
   "data" : "",
   "hwnd" : 0,
   "id" : 1,
   "lParam" : 11272539,
   "message" : 512,
   "wParam" : 0
}
]
09/30 15:47:34 [42416 42420 ..\NdCef\NDCefMain.cpp,418] [SendMsgToClientProcessByWND-dll] [HWND:921970 dwData:18 size:127 ndata:{
   "command" : 18,
   "data" : "",
   "hwnd" : 0,
   "id" : 1,
   "lParam" : 11862353,
   "message" : 512,
   "wParam" : 0
}
]
09/30 15:47:34 [42416 42420 ..\NdCef\NDCefMain.cpp,418] [SendMsgToClientProcessByWND-dll] [HWND:921970 dwData:18 size:127 ndata:{
   "command" : 18,
   "data" : "",
   "hwnd" : 0,
   "id" : 1,
   "lParam" : 12321098,
   "message" : 512,
   "wParam" : 0
}
]
09/30 15:47:34 [42416 42420 ..\NdCef\NDCefMain.cpp,418] [SendMsgToClientProcessByWND-dll] [HWND:921970 dwData:18 size:127 ndata:{
   "command" : 18,
   "data" : "",
   "hwnd" : 0,
   "id" : 1,
   "lParam" : 12583239,
   "message" : 512,
   "wParam" : 0
}
]
09/30 15:47:34 [42416 42420 ..\NdCef\NDCefMain.cpp,418] [SendMsgToClientProcessByWND-dll] [HWND:921970 dwData:18 size:127 ndata:{
   "command" : 18,
   "data" : "",
   "hwnd" : 0,
   "id" : 1,
   "lParam" : 12779845,
   "message" : 512,
   "wParam" : 0
}
]
09/30 15:47:34 [42416 42420 ..\NdCef\NDCefMain.cpp,418] [SendMsgToClientProcessByWND-dll] [HWND:921970 dwData:18 size:127 ndata:{
   "command" : 18,
   "data" : "",
   "hwnd" : 0,
   "id" : 1,
   "lParam" : 12714307,
   "message" : 512,
   "wParam" : 0
}
]
09/30 15:47:34 [42416 42420 ..\NdCef\NDCefMain.cpp,418] [SendMsgToClientProcessByWND-dll] [HWND:921970 dwData:18 size:127 ndata:{
   "command" : 18,
   "data" : "",
   "hwnd" : 0,
   "id" : 1,
   "lParam" : 12517698,
   "message" : 512,
   "wParam" : 0
}
]
09/30 15:47:34 [42416 42420 ..\NdCef\NDCefMain.cpp,418] [SendMsgToClientProcessByWND-dll] [HWND:921970 dwData:18 size:127 ndata:{
   "command" : 18,
   "data" : "",
   "hwnd" : 0,
   "id" : 1,
   "lParam" : 12190016,
   "message" : 512,
   "wParam" : 0
}
]
09/30 15:47:34 [42416 42420 ..\NdCef\NDCefMain.cpp,418] [SendMsgToClientProcessByWND-dll] [HWND:921970 dwData:18 size:127 ndata:{
   "command" : 18,
   "data" : "",
   "hwnd" : 0,
   "id" : 1,
   "lParam" : 11862333,
   "message" : 512,
   "wParam" : 0
}
]
09/30 15:47:34 [42416 42420 ..\NdCef\NDCefMain.cpp,418] [SendMsgToClientProcessByWND-dll] [HWND:921970 dwData:18 size:127 ndata:{
   "command" : 18,
   "data" : "",
   "hwnd" : 0,
   "id" : 1,
   "lParam" : 11600186,
   "message" : 512,
   "wParam" : 0
}
]
09/30 15:47:34 [42416 42420 ..\NdCef\NDCefMain.cpp,418] [SendMsgToClientProcessByWND-dll] [HWND:921970 dwData:18 size:127 ndata:{
   "command" : 18,
   "data" : "",
   "hwnd" : 0,
   "id" : 1,
   "lParam" : 11272503,
   "message" : 512,
   "wParam" : 0
}
]
09/30 15:47:34 [42416 42420 ..\NdCef\NDCefMain.cpp,418] [SendMsgToClientProcessByWND-dll] [HWND:921970 dwData:18 size:127 ndata:{
   "command" : 18,
   "data" : "",
   "hwnd" : 0,
   "id" : 1,
   "lParam" : 10944822,
   "message" : 512,
   "wParam" : 0
}
]
09/30 15:47:34 [42416 42420 ..\NdCef\NDCefMain.cpp,418] [SendMsgToClientProcessByWND-dll] [HWND:921970 dwData:18 size:127 ndata:{
   "command" : 18,
   "data" : "",
   "hwnd" : 0,
   "id" : 1,
   "lParam" : 10682676,
   "message" : 512,
   "wParam" : 0
}
]
09/30 15:47:34 [42416 42420 ..\NdCef\NDCefMain.cpp,418] [SendMsgToClientProcessByWND-dll] [HWND:921970 dwData:18 size:127 ndata:{
   "command" : 18,
   "data" : "",
   "hwnd" : 0,
   "id" : 1,
   "lParam" : 10617140,
   "message" : 512,
   "wParam" : 0
}
]
09/30 15:47:34 [42416 42420 ..\NdCef\NDCefMain.cpp,418] [SendMsgToClientProcessByWND-dll] [HWND:921970 dwData:18 size:118 ndata:{
   "command" : 18,
   "data" : "",
   "hwnd" : 0,
   "id" : 1,
   "lParam" : 0,
   "message" : 7,
   "wParam" : 0
}
]
09/30 15:47:34 [42416 42420 ..\NdCef\NDCefMain.cpp,418] [SendMsgToClientProcessByWND-dll] [HWND:921970 dwData:18 size:127 ndata:{
   "command" : 18,
   "data" : "",
   "hwnd" : 0,
   "id" : 1,
   "lParam" : 10617140,
   "message" : 513,
   "wParam" : 1
}
]
09/30 15:47:35 [42416 42420 ..\NdCef\NDCefMain.cpp,418] [SendMsgToClientProcessByWND-dll] [HWND:921970 dwData:18 size:127 ndata:{
   "command" : 18,
   "data" : "",
   "hwnd" : 0,
   "id" : 1,
   "lParam" : 10617140,
   "message" : 514,
   "wParam" : 0
}
]
09/30 15:47:35 [42416 42420 ..\NdCef\NDCefMain.cpp,418] [SendMsgToClientProcessByWND-dll] [HWND:921970 dwData:18 size:127 ndata:{
   "command" : 18,
   "data" : "",
   "hwnd" : 0,
   "id" : 1,
   "lParam" : 10617140,
   "message" : 512,
   "wParam" : 0
}
]
09/30 15:47:35 [42416 42420 ..\NdCef\NDCefMain.cpp,418] [SendMsgToClientProcessByWND-dll] [HWND:921970 dwData:18 size:127 ndata:{
   "command" : 18,
   "data" : "",
   "hwnd" : 0,
   "id" : 1,
   "lParam" : 10944821,
   "message" : 512,
   "wParam" : 0
}
]
09/30 15:47:35 [42416 42420 ..\NdCef\NDCefMain.cpp,418] [SendMsgToClientProcessByWND-dll] [HWND:921970 dwData:18 size:127 ndata:{
   "command" : 18,
   "data" : "",
   "hwnd" : 0,
   "id" : 1,
   "lParam" : 11469113,
   "message" : 512,
   "wParam" : 0
}
]
09/30 15:47:35 [42416 42420 ..\NdCef\NDCefMain.cpp,418] [SendMsgToClientProcessByWND-dll] [HWND:921970 dwData:18 size:127 ndata:{
   "command" : 18,
   "data" : "",
   "hwnd" : 0,
   "id" : 1,
   "lParam" : 11993408,
   "message" : 512,
   "wParam" : 0
}
]
09/30 15:47:35 [42416 42420 ..\NdCef\NDCefMain.cpp,418] [SendMsgToClientProcessByWND-dll] [HWND:921970 dwData:18 size:127 ndata:{
   "command" : 18,
   "data" : "",
   "hwnd" : 0,
   "id" : 1,
   "lParam" : 12648775,
   "message" : 512,
   "wParam" : 0
}
]
09/30 15:47:35 [42416 42420 ..\NdCef\NDCefMain.cpp,418] [SendMsgToClientProcessByWND-dll] [HWND:921970 dwData:18 size:127 ndata:{
   "command" : 18,
   "data" : "",
   "hwnd" : 0,
   "id" : 1,
   "lParam" : 13369679,
   "message" : 512,
   "wParam" : 0
}
]
09/30 15:47:35 [42416 42420 ..\NdCef\NDCefMain.cpp,418] [SendMsgToClientProcessByWND-dll] [HWND:921970 dwData:18 size:127 ndata:{
   "command" : 18,
   "data" : "",
   "hwnd" : 0,
   "id" : 1,
   "lParam" : 14025047,
   "message" : 512,
   "wParam" : 0
}
]
09/30 15:47:35 [42416 42420 ..\NdCef\NDCefMain.cpp,418] [SendMsgToClientProcessByWND-dll] [HWND:921970 dwData:18 size:127 ndata:{
   "command" : 18,
   "data" : "",
   "hwnd" : 0,
   "id" : 1,
   "lParam" : 15008100,
   "message" : 512,
   "wParam" : 0
}
]
09/30 15:47:35 [42416 42420 ..\NdCef\NDCefMain.cpp,418] [SendMsgToClientProcessByWND-dll] [HWND:921970 dwData:18 size:127 ndata:{
   "command" : 18,
   "data" : "",
   "hwnd" : 0,
   "id" : 1,
   "lParam" : 15663468,
   "message" : 512,
   "wParam" : 0
}
]
09/30 15:47:35 [44412 45024 ..\NdCef\NDCefMain.cpp,435] [SendMsgToParentProcessByWND] [HWND:1250972 dwData:1025 size:247 ndata:{
   "eventBID" : 1,
   "eventCID" : 0,
   "eventData" : {
      "CursorHeight" : 0,
      "CursorType" : 0,
      "CursorWidth" : 0
   },
   "eventHWND" : 1250972,
   "eventName" : "CursorChange",
   "id" : 1,
   "messageName" : "CursorChange"
}
]
09/30 15:47:35 [42416 42420 ..\NdCef\NDCefMain.cpp,418] [SendMsgToClientProcessByWND-dll] [HWND:921970 dwData:18 size:127 ndata:{
   "command" : 18,
   "data" : "",
   "hwnd" : 0,
   "id" : 1,
   "lParam" : 16187763,
   "message" : 512,
   "wParam" : 0
}
]
09/30 15:47:35 [42416 42420 ..\NdCef\NDCefMain.cpp,418] [SendMsgToClientProcessByWND-dll] [HWND:921970 dwData:18 size:127 ndata:{
   "command" : 18,
   "data" : "",
   "hwnd" : 0,
   "id" : 1,
   "lParam" : 16580984,
   "message" : 512,
   "wParam" : 0
}
]
09/30 15:47:35 [42416 42420 ..\NdCef\NDCefMain.cpp,418] [SendMsgToClientProcessByWND-dll] [HWND:921970 dwData:18 size:127 ndata:{
   "command" : 18,
   "data" : "",
   "hwnd" : 0,
   "id" : 1,
   "lParam" : 16843131,
   "message" : 512,
   "wParam" : 0
}
]
09/30 15:47:35 [42416 42420 ..\NdCef\NDCefMain.cpp,418] [SendMsgToClientProcessByWND-dll] [HWND:921970 dwData:18 size:127 ndata:{
   "command" : 18,
   "data" : "",
   "hwnd" : 0,
   "id" : 1,
   "lParam" : 17039741,
   "message" : 512,
   "wParam" : 0
}
]
09/30 15:47:35 [42416 42420 ..\NdCef\NDCefMain.cpp,418] [SendMsgToClientProcessByWND-dll] [HWND:921970 dwData:18 size:127 ndata:{
   "command" : 18,
   "data" : "",
   "hwnd" : 0,
   "id" : 1,
   "lParam" : 17236350,
   "message" : 512,
   "wParam" : 0
}
]
09/30 15:47:35 [44412 45024 ..\NdCef\NDCefMain.cpp,435] [SendMsgToParentProcessByWND] [HWND:1250972 dwData:1025 size:247 ndata:{
   "eventBID" : 1,
   "eventCID" : 0,
   "eventData" : {
      "CursorHeight" : 0,
      "CursorType" : 2,
      "CursorWidth" : 0
   },
   "eventHWND" : 1250972,
   "eventName" : "CursorChange",
   "id" : 1,
   "messageName" : "CursorChange"
}
]
09/30 15:47:35 [42416 42420 ..\NdCef\NDCefMain.cpp,418] [SendMsgToClientProcessByWND-dll] [HWND:921970 dwData:18 size:127 ndata:{
   "command" : 18,
   "data" : "",
   "hwnd" : 0,
   "id" : 1,
   "lParam" : 17236351,
   "message" : 512,
   "wParam" : 0
}
]
09/30 15:47:35 [42416 42420 ..\NdCef\NDCefMain.cpp,418] [SendMsgToClientProcessByWND-dll] [HWND:921970 dwData:18 size:127 ndata:{
   "command" : 18,
   "data" : "",
   "hwnd" : 0,
   "id" : 1,
   "lParam" : 17432960,
   "message" : 512,
   "wParam" : 0
}
]
09/30 15:47:35 [42416 42420 ..\NdCef\NDCefMain.cpp,418] [SendMsgToClientProcessByWND-dll] [HWND:921970 dwData:18 size:127 ndata:{
   "command" : 18,
   "data" : "",
   "hwnd" : 0,
   "id" : 1,
   "lParam" : 17564033,
   "message" : 512,
   "wParam" : 0
}
]
09/30 15:47:36 [42416 42420 ..\NdCef\NDCefMain.cpp,418] [SendMsgToClientProcessByWND-dll] [HWND:921970 dwData:18 size:127 ndata:{
   "command" : 18,
   "data" : "",
   "hwnd" : 0,
   "id" : 1,
   "lParam" : 17498497,
   "message" : 512,
   "wParam" : 0
}
]
09/30 15:47:36 [42416 42420 ..\NdCef\NDCefMain.cpp,418] [SendMsgToClientProcessByWND-dll] [HWND:921970 dwData:18 size:127 ndata:{
   "command" : 18,
   "data" : "",
   "hwnd" : 0,
   "id" : 1,
   "lParam" : 17170813,
   "message" : 512,
   "wParam" : 0
}
]
09/30 15:47:36 [44412 45024 ..\NdCef\NDCefMain.cpp,435] [SendMsgToParentProcessByWND] [HWND:1250972 dwData:1025 size:247 ndata:{
   "eventBID" : 1,
   "eventCID" : 0,
   "eventData" : {
      "CursorHeight" : 0,
      "CursorType" : 0,
      "CursorWidth" : 0
   },
   "eventHWND" : 1250972,
   "eventName" : "CursorChange",
   "id" : 1,
   "messageName" : "CursorChange"
}
]
09/30 15:47:36 [42416 42420 ..\NdCef\NDCefMain.cpp,418] [SendMsgToClientProcessByWND-dll] [HWND:921970 dwData:18 size:127 ndata:{
   "command" : 18,
   "data" : "",
   "hwnd" : 0,
   "id" : 1,
   "lParam" : 16187759,
   "message" : 512,
   "wParam" : 0
}
]
09/30 15:47:36 [42416 42420 ..\NdCef\NDCefMain.cpp,418] [SendMsgToClientProcessByWND-dll] [HWND:921970 dwData:18 size:127 ndata:{
   "command" : 18,
   "data" : "",
   "hwnd" : 0,
   "id" : 1,
   "lParam" : 15728999,
   "message" : 512,
   "wParam" : 0
}
]
09/30 15:47:36 [42416 42420 ..\NdCef\NDCefMain.cpp,418] [SendMsgToClientProcessByWND-dll] [HWND:921970 dwData:18 size:127 ndata:{
   "command" : 18,
   "data" : "",
   "hwnd" : 0,
   "id" : 1,
   "lParam" : 14483787,
   "message" : 512,
   "wParam" : 0
}
]
09/30 15:47:36 [44412 45024 ..\NdCef\NDCefMain.cpp,435] [SendMsgToParentProcessByWND] [HWND:1250972 dwData:1025 size:247 ndata:{
   "eventBID" : 1,
   "eventCID" : 0,
   "eventData" : {
      "CursorHeight" : 0,
      "CursorType" : 3,
      "CursorWidth" : 0
   },
   "eventHWND" : 1250972,
   "eventName" : "CursorChange",
   "id" : 1,
   "messageName" : "CursorChange"
}
]
09/30 15:47:36 [42416 42420 ..\NdCef\NDCefMain.cpp,418] [SendMsgToClientProcessByWND-dll] [HWND:921970 dwData:18 size:127 ndata:{
   "command" : 18,
   "data" : "",
   "hwnd" : 0,
   "id" : 1,
   "lParam" : 13762871,
   "message" : 512,
   "wParam" : 0
}
]
09/30 15:47:36 [42416 42420 ..\NdCef\NDCefMain.cpp,418] [SendMsgToClientProcessByWND-dll] [HWND:921970 dwData:18 size:127 ndata:{
   "command" : 18,
   "data" : "",
   "hwnd" : 0,
   "id" : 1,
   "lParam" : 13041955,
   "message" : 512,
   "wParam" : 0
}
]
09/30 15:47:36 [42416 42420 ..\NdCef\NDCefMain.cpp,418] [SendMsgToClientProcessByWND-dll] [HWND:921970 dwData:18 size:127 ndata:{
   "command" : 18,
   "data" : "",
   "hwnd" : 0,
   "id" : 1,
   "lParam" : 12517649,
   "message" : 512,
   "wParam" : 0
}
]
09/30 15:47:36 [42416 42420 ..\NdCef\NDCefMain.cpp,418] [SendMsgToClientProcessByWND-dll] [HWND:921970 dwData:18 size:127 ndata:{
   "command" : 18,
   "data" : "",
   "hwnd" : 0,
   "id" : 1,
   "lParam" : 12124417,
   "message" : 512,
   "wParam" : 0
}
]
09/30 15:47:36 [42416 42420 ..\NdCef\NDCefMain.cpp,418] [SendMsgToClientProcessByWND-dll] [HWND:921970 dwData:18 size:127 ndata:{
   "command" : 18,
   "data" : "",
   "hwnd" : 0,
   "id" : 1,
   "lParam" : 11796722,
   "message" : 512,
   "wParam" : 0
}
]
09/30 15:47:36 [42416 42420 ..\NdCef\NDCefMain.cpp,418] [SendMsgToClientProcessByWND-dll] [HWND:921970 dwData:18 size:127 ndata:{
   "command" : 18,
   "data" : "",
   "hwnd" : 0,
   "id" : 1,
   "lParam" : 11534568,
   "message" : 512,
   "wParam" : 0
}
]
09/30 15:47:36 [42416 42420 ..\NdCef\NDCefMain.cpp,418] [SendMsgToClientProcessByWND-dll] [HWND:921970 dwData:18 size:127 ndata:{
   "command" : 18,
   "data" : "",
   "hwnd" : 0,
   "id" : 1,
   "lParam" : 11403488,
   "message" : 512,
   "wParam" : 0
}
]
09/30 15:47:36 [42416 42420 ..\NdCef\NDCefMain.cpp,418] [SendMsgToClientProcessByWND-dll] [HWND:921970 dwData:18 size:127 ndata:{
   "command" : 18,
   "data" : "",
   "hwnd" : 0,
   "id" : 1,
   "lParam" : 11337948,
   "message" : 512,
   "wParam" : 0
}
]
09/30 15:47:36 [42416 42420 ..\NdCef\NDCefMain.cpp,418] [SendMsgToClientProcessByWND-dll] [HWND:921970 dwData:18 size:127 ndata:{
   "command" : 18,
   "data" : "",
   "hwnd" : 0,
   "id" : 1,
   "lParam" : 11337946,
   "message" : 512,
   "wParam" : 0
}
]
09/30 15:47:36 [42416 42420 ..\NdCef\NDCefMain.cpp,418] [SendMsgToClientProcessByWND-dll] [HWND:921970 dwData:18 size:127 ndata:{
   "command" : 18,
   "data" : "",
   "hwnd" : 0,
   "id" : 1,
   "lParam" : 11337944,
   "message" : 512,
   "wParam" : 0
}
]
09/30 15:47:36 [42416 42420 ..\NdCef\NDCefMain.cpp,418] [SendMsgToClientProcessByWND-dll] [HWND:921970 dwData:18 size:118 ndata:{
   "command" : 18,
   "data" : "",
   "hwnd" : 0,
   "id" : 1,
   "lParam" : 0,
   "message" : 7,
   "wParam" : 0
}
]
09/30 15:47:36 [42416 42420 ..\NdCef\NDCefMain.cpp,418] [SendMsgToClientProcessByWND-dll] [HWND:921970 dwData:18 size:127 ndata:{
   "command" : 18,
   "data" : "",
   "hwnd" : 0,
   "id" : 1,
   "lParam" : 11337944,
   "message" : 513,
   "wParam" : 1
}
]
09/30 15:47:36 [42416 42420 ..\NdCef\NDCefMain.cpp,418] [SendMsgToClientProcessByWND-dll] [HWND:921970 dwData:18 size:127 ndata:{
   "command" : 18,
   "data" : "",
   "hwnd" : 0,
   "id" : 1,
   "lParam" : 11337944,
   "message" : 514,
   "wParam" : 0
}
]
09/30 15:47:36 [42416 42420 ..\NdCef\NDCefMain.cpp,418] [SendMsgToClientProcessByWND-dll] [HWND:921970 dwData:18 size:127 ndata:{
   "command" : 18,
   "data" : "",
   "hwnd" : 0,
   "id" : 1,
   "lParam" : 11337944,
   "message" : 512,
   "wParam" : 0
}
]
09/30 15:47:45 [42416 42420 ..\NdCef\NDCefMain.cpp,418] [SendMsgToClientProcessByWND-dll] [HWND:921970 dwData:18 size:127 ndata:{
   "command" : 18,
   "data" : "",
   "hwnd" : 0,
   "id" : 1,
   "lParam" : 11272407,
   "message" : 512,
   "wParam" : 0
}
]
09/30 15:47:45 [42416 42420 ..\NdCef\NDCefMain.cpp,418] [SendMsgToClientProcessByWND-dll] [HWND:921970 dwData:18 size:126 ndata:{
   "command" : 18,
   "data" : "",
   "hwnd" : 0,
   "id" : 1,
   "lParam" : 9175228,
   "message" : 512,
   "wParam" : 0
}
]
09/30 15:47:45 [44412 45024 ..\NdCef\NDCefMain.cpp,435] [SendMsgToParentProcessByWND] [HWND:1250972 dwData:1025 size:247 ndata:{
   "eventBID" : 1,
   "eventCID" : 0,
   "eventData" : {
      "CursorHeight" : 0,
      "CursorType" : 0,
      "CursorWidth" : 0
   },
   "eventHWND" : 1250972,
   "eventName" : "CursorChange",
   "id" : 1,
   "messageName" : "CursorChange"
}
]
09/30 15:47:45 [42416 42420 ..\NdCef\NDCefMain.cpp,418] [SendMsgToClientProcessByWND-dll] [HWND:921970 dwData:18 size:126 ndata:{
   "command" : 18,
   "data" : "",
   "hwnd" : 0,
   "id" : 1,
   "lParam" : 1179766,
   "message" : 512,
   "wParam" : 0
}
]
09/30 15:47:46 [42416 42420 ..\NdCef\NDCefMain.cpp,418] [SendMsgToClientProcessByWND-dll] [HWND:921970 dwData:8 size:49 ndata:{
   "command" : 8,
   "hwnd" : 0,
   "id" : 2
}
]
09/30 15:47:46 [42416 42420 ..\NdCef\NDCefMain.cpp,418] [SendMsgToClientProcessByWND-dll] [HWND:921970 dwData:8 size:49 ndata:{
   "command" : 8,
   "hwnd" : 0,
   "id" : 3
}
]
