12/17 01:41:54 [7500 5848 ..\NdCef\NDCefMain.cpp,418] [SendMsgToClientProcessByWND-dll] [HWND:2362488 dwData:2 size:447 ndata:{
   "command" : 2,
   "height" : 600,
   "hwnd" : 6621348,
   "id" : 1,
   "ocx" : false,
   "osr" : true,
   "pop" : false,
   "render" : true,
   "show" : false,
   "url" : "https://ndim.101.com/?auth=MAC id=\"F7450F2A0A2FECCD62D63CB678256D75A9A948D7524557047F9CB9BFFF3017966546019F05F093DF\",nonce=\"1544982114921:6maESf3F\",mac=\"zcMYyrv1ghS4dNz2Pw46EImlWbFB6rkcspRniARNo14=\"&app=edbox&lng=zh-CN",
   "width" : 800,
   "x" : 0,
   "y" : 0
}
]
12/17 01:41:55 [7500 5848 ..\NdCef\NDCefMain.cpp,418] [SendMsgToClientProcessByWND-dll] [HWND:2362488 dwData:2 size:447 ndata:{
   "command" : 2,
   "height" : 600,
   "hwnd" : 6621348,
   "id" : 2,
   "ocx" : false,
   "osr" : true,
   "pop" : false,
   "render" : true,
   "show" : false,
   "url" : "https://ndim.101.com/?auth=MAC id=\"F7450F2A0A2FECCD62D63CB678256D75A9A948D7524557047F9CB9BFFF3017966546019F05F093DF\",nonce=\"1544982115002:VyAy98KM\",mac=\"dm6pj39ugYcf44QwSeR4NF8oJudfelSGqlJ/AKYlSpc=\"&app=edbox&lng=zh-CN",
   "width" : 800,
   "x" : 0,
   "y" : 0
}
]
12/17 01:41:55 [13824 11728 ..\NdCef\NDCefMain.cpp,435] [SendMsgToParentProcessByWND] [HWND:6621348 dwData:1026 size:174 ndata:{
   "eventBID" : 0,
   "eventCID" : 0,
   "eventData" : 396442,
   "eventHWND" : 396442,
   "eventName" : "OsrWindowHwnd",
   "id" : 1,
   "messageName" : "OsrWindowHwnd"
}
]
12/17 01:41:55 [13824 11728 ..\NdCef\NDCefMain.cpp,435] [SendMsgToParentProcessByWND] [HWND:6621348 dwData:40006 size:154 ndata:{
   "canGoBack" : false,
   "canGoForward" : false,
   "eventBID" : 0,
   "eventCID" : 0,
   "eventHWND" : 6621348,
   "id" : 1,
   "isLoading" : true
}
]
12/17 01:41:55 [13824 11728 ..\NdCef\NDCefMain.cpp,435] [SendMsgToParentProcessByWND] [HWND:6621348 dwData:1026 size:174 ndata:{
   "eventBID" : 0,
   "eventCID" : 0,
   "eventData" : 199842,
   "eventHWND" : 199842,
   "eventName" : "OsrWindowHwnd",
   "id" : 2,
   "messageName" : "OsrWindowHwnd"
}
]
12/17 01:41:55 [13824 11728 ..\NdCef\NDCefMain.cpp,435] [SendMsgToParentProcessByWND] [HWND:6621348 dwData:40006 size:154 ndata:{
   "canGoBack" : false,
   "canGoForward" : false,
   "eventBID" : 0,
   "eventCID" : 0,
   "eventHWND" : 6621348,
   "id" : 2,
   "isLoading" : true
}
]
12/17 01:41:59 [13824 11728 ..\NdCef\NDCefMain.cpp,435] [SendMsgToParentProcessByWND] [HWND:6621348 dwData:30001 size:373 ndata:{
   "eventBID" : 2,
   "eventData" : "https://ndim.101.com/?auth=MAC%20id=%22F7450F2A0A2FECCD62D63CB678256D75A9A948D7524557047F9CB9BFFF3017966546019F05F093DF%22,nonce=%221544982115002:VyAy98KM%22,mac=%22dm6pj39ugYcf44QwSeR4NF8oJudfelSGqlJ/AKYlSpc=%22&app=edbox&lng=zh-CN",
   "eventHWND" : 6621348,
   "eventName" : 30003,
   "id" : 2,
   "messageName" : "MSG_URLPOPUP"
}
]
12/17 01:41:59 [13824 11728 ..\NdCef\NDCefMain.cpp,435] [SendMsgToParentProcessByWND] [HWND:6621348 dwData:30001 size:373 ndata:{
   "eventBID" : 1,
   "eventData" : "https://ndim.101.com/?auth=MAC%20id=%22F7450F2A0A2FECCD62D63CB678256D75A9A948D7524557047F9CB9BFFF3017966546019F05F093DF%22,nonce=%221544982114921:6maESf3F%22,mac=%22zcMYyrv1ghS4dNz2Pw46EImlWbFB6rkcspRniARNo14=%22&app=edbox&lng=zh-CN",
   "eventHWND" : 6621348,
   "eventName" : 30003,
   "id" : 1,
   "messageName" : "MSG_URLPOPUP"
}
]
12/17 01:42:03 [13824 11728 ..\NdCef\NDCefMain.cpp,435] [SendMsgToParentProcessByWND] [HWND:6621348 dwData:40006 size:155 ndata:{
   "canGoBack" : false,
   "canGoForward" : false,
   "eventBID" : 0,
   "eventCID" : 0,
   "eventHWND" : 6621348,
   "id" : 2,
   "isLoading" : false
}
]
12/17 01:42:03 [13824 11728 ..\NdCef\NDCefMain.cpp,435] [SendMsgToParentProcessByWND] [HWND:6621348 dwData:40006 size:155 ndata:{
   "canGoBack" : false,
   "canGoForward" : false,
   "eventBID" : 0,
   "eventCID" : 0,
   "eventHWND" : 6621348,
   "id" : 1,
   "isLoading" : false
}
]
12/17 01:42:03 [13824 11728 ..\NdCef\NDCefMain.cpp,435] [SendMsgToParentProcessByWND] [HWND:6621348 dwData:30005 size:338 ndata:{
   "eventBID" : 1,
   "eventData" : "https://ndim.101.com/?auth=MAC%20id=%22F7450F2A0A2FECCD62D63CB678256D75A9A948D7524557047F9CB9BFFF3017966546019F05F093DF%22,nonce=%221544982114921:6maESf3F%22,mac=%22zcMYyrv1ghS4dNz2Pw46EImlWbFB6rkcspRniARNo14=%22&app=edbox&lng=zh-CN",
   "eventHWND" : 6621348,
   "eventName" : 30005,
   "id" : 1
}
]
12/17 01:42:03 [13824 11728 ..\NdCef\NDCefMain.cpp,435] [SendMsgToParentProcessByWND] [HWND:6621348 dwData:30005 size:338 ndata:{
   "eventBID" : 2,
   "eventData" : "https://ndim.101.com/?auth=MAC%20id=%22F7450F2A0A2FECCD62D63CB678256D75A9A948D7524557047F9CB9BFFF3017966546019F05F093DF%22,nonce=%221544982115002:VyAy98KM%22,mac=%22dm6pj39ugYcf44QwSeR4NF8oJudfelSGqlJ/AKYlSpc=%22&app=edbox&lng=zh-CN",
   "eventHWND" : 6621348,
   "eventName" : 30005,
   "id" : 2
}
]
12/17 01:42:03 [13824 11728 ..\NdCef\NDCefMain.cpp,435] [SendMsgToParentProcessByWND] [HWND:6621348 dwData:40006 size:154 ndata:{
   "canGoBack" : false,
   "canGoForward" : false,
   "eventBID" : 0,
   "eventCID" : 0,
   "eventHWND" : 6621348,
   "id" : 2,
   "isLoading" : true
}
]
12/17 01:42:03 [13824 11728 ..\NdCef\NDCefMain.cpp,435] [SendMsgToParentProcessByWND] [HWND:6621348 dwData:40006 size:154 ndata:{
   "canGoBack" : false,
   "canGoForward" : false,
   "eventBID" : 0,
   "eventCID" : 0,
   "eventHWND" : 6621348,
   "id" : 1,
   "isLoading" : true
}
]
12/17 01:42:03 [13824 11728 ..\NdCef\NDCefMain.cpp,435] [SendMsgToParentProcessByWND] [HWND:6621348 dwData:30001 size:182 ndata:{
   "eventBID" : 1,
   "eventData" : "https://ndim.101.com/?app=edbox&lng=zh-CN",
   "eventHWND" : 6621348,
   "eventName" : 30003,
   "id" : 1,
   "messageName" : "MSG_URLPOPUP"
}
]
12/17 01:42:03 [13824 11728 ..\NdCef\NDCefMain.cpp,435] [SendMsgToParentProcessByWND] [HWND:6621348 dwData:30001 size:182 ndata:{
   "eventBID" : 2,
   "eventData" : "https://ndim.101.com/?app=edbox&lng=zh-CN",
   "eventHWND" : 6621348,
   "eventName" : 30003,
   "id" : 2,
   "messageName" : "MSG_URLPOPUP"
}
]
12/17 01:42:04 [13824 11728 ..\NdCef\NDCefMain.cpp,435] [SendMsgToParentProcessByWND] [HWND:6621348 dwData:40006 size:155 ndata:{
   "canGoBack" : false,
   "canGoForward" : false,
   "eventBID" : 0,
   "eventCID" : 0,
   "eventHWND" : 6621348,
   "id" : 1,
   "isLoading" : false
}
]
12/17 01:42:04 [13824 11728 ..\NdCef\NDCefMain.cpp,435] [SendMsgToParentProcessByWND] [HWND:6621348 dwData:30005 size:147 ndata:{
   "eventBID" : 1,
   "eventData" : "https://ndim.101.com/?app=edbox&lng=zh-CN",
   "eventHWND" : 6621348,
   "eventName" : 30005,
   "id" : 1
}
]
12/17 01:42:04 [13824 11728 ..\NdCef\NDCefMain.cpp,435] [SendMsgToParentProcessByWND] [HWND:6621348 dwData:40006 size:155 ndata:{
   "canGoBack" : false,
   "canGoForward" : false,
   "eventBID" : 0,
   "eventCID" : 0,
   "eventHWND" : 6621348,
   "id" : 2,
   "isLoading" : false
}
]
12/17 01:42:04 [13824 11728 ..\NdCef\NDCefMain.cpp,435] [SendMsgToParentProcessByWND] [HWND:6621348 dwData:30005 size:147 ndata:{
   "eventBID" : 2,
   "eventData" : "https://ndim.101.com/?app=edbox&lng=zh-CN",
   "eventHWND" : 6621348,
   "eventName" : 30005,
   "id" : 2
}
]
12/17 01:42:05 [13824 11728 ..\NdCef\NDCefMain.cpp,435] [SendMsgToParentProcessByWND] [HWND:6621348 dwData:40006 size:154 ndata:{
   "canGoBack" : false,
   "canGoForward" : false,
   "eventBID" : 0,
   "eventCID" : 0,
   "eventHWND" : 6621348,
   "id" : 2,
   "isLoading" : true
}
]
12/17 01:42:05 [13824 11728 ..\NdCef\NDCefMain.cpp,435] [SendMsgToParentProcessByWND] [HWND:6621348 dwData:30001 size:184 ndata:{
   "eventBID" : 2,
   "eventData" : "https://ndim.101.com/?app=edbox&lng=zh-CN#/",
   "eventHWND" : 6621348,
   "eventName" : 30003,
   "id" : 2,
   "messageName" : "MSG_URLPOPUP"
}
]
12/17 01:42:05 [13824 11728 ..\NdCef\NDCefMain.cpp,435] [SendMsgToParentProcessByWND] [HWND:6621348 dwData:40006 size:155 ndata:{
   "canGoBack" : false,
   "canGoForward" : false,
   "eventBID" : 0,
   "eventCID" : 0,
   "eventHWND" : 6621348,
   "id" : 2,
   "isLoading" : false
}
]
12/17 01:42:05 [13824 11728 ..\NdCef\NDCefMain.cpp,435] [SendMsgToParentProcessByWND] [HWND:6621348 dwData:40006 size:154 ndata:{
   "canGoBack" : false,
   "canGoForward" : false,
   "eventBID" : 0,
   "eventCID" : 0,
   "eventHWND" : 6621348,
   "id" : 2,
   "isLoading" : true
}
]
12/17 01:42:05 [13824 11728 ..\NdCef\NDCefMain.cpp,435] [SendMsgToParentProcessByWND] [HWND:6621348 dwData:30001 size:194 ndata:{
   "eventBID" : 2,
   "eventData" : "https://ndim.101.com/?app=edbox&lng=zh-CN#/?_k=6xolcf",
   "eventHWND" : 6621348,
   "eventName" : 30003,
   "id" : 2,
   "messageName" : "MSG_URLPOPUP"
}
]
12/17 01:42:05 [13824 11728 ..\NdCef\NDCefMain.cpp,435] [SendMsgToParentProcessByWND] [HWND:6621348 dwData:40006 size:155 ndata:{
   "canGoBack" : false,
   "canGoForward" : false,
   "eventBID" : 0,
   "eventCID" : 0,
   "eventHWND" : 6621348,
   "id" : 2,
   "isLoading" : false
}
]
12/17 01:42:05 [13824 11728 ..\NdCef\NDCefMain.cpp,435] [SendMsgToParentProcessByWND] [HWND:6621348 dwData:40006 size:154 ndata:{
   "canGoBack" : false,
   "canGoForward" : false,
   "eventBID" : 0,
   "eventCID" : 0,
   "eventHWND" : 6621348,
   "id" : 1,
   "isLoading" : true
}
]
12/17 01:42:05 [13824 11728 ..\NdCef\NDCefMain.cpp,435] [SendMsgToParentProcessByWND] [HWND:6621348 dwData:30001 size:184 ndata:{
   "eventBID" : 1,
   "eventData" : "https://ndim.101.com/?app=edbox&lng=zh-CN#/",
   "eventHWND" : 6621348,
   "eventName" : 30003,
   "id" : 1,
   "messageName" : "MSG_URLPOPUP"
}
]
12/17 01:42:05 [13824 11728 ..\NdCef\NDCefMain.cpp,435] [SendMsgToParentProcessByWND] [HWND:6621348 dwData:40006 size:155 ndata:{
   "canGoBack" : false,
   "canGoForward" : false,
   "eventBID" : 0,
   "eventCID" : 0,
   "eventHWND" : 6621348,
   "id" : 1,
   "isLoading" : false
}
]
12/17 01:42:05 [13824 11728 ..\NdCef\NDCefMain.cpp,435] [SendMsgToParentProcessByWND] [HWND:6621348 dwData:40006 size:154 ndata:{
   "canGoBack" : false,
   "canGoForward" : false,
   "eventBID" : 0,
   "eventCID" : 0,
   "eventHWND" : 6621348,
   "id" : 1,
   "isLoading" : true
}
]
12/17 01:42:05 [13824 11728 ..\NdCef\NDCefMain.cpp,435] [SendMsgToParentProcessByWND] [HWND:6621348 dwData:30001 size:194 ndata:{
   "eventBID" : 1,
   "eventData" : "https://ndim.101.com/?app=edbox&lng=zh-CN#/?_k=m18ti3",
   "eventHWND" : 6621348,
   "eventName" : 30003,
   "id" : 1,
   "messageName" : "MSG_URLPOPUP"
}
]
12/17 01:42:05 [13824 11728 ..\NdCef\NDCefMain.cpp,435] [SendMsgToParentProcessByWND] [HWND:6621348 dwData:40006 size:155 ndata:{
   "canGoBack" : false,
   "canGoForward" : false,
   "eventBID" : 0,
   "eventCID" : 0,
   "eventHWND" : 6621348,
   "id" : 1,
   "isLoading" : false
}
]
12/17 01:42:05 [13824 11728 ..\NdCef\NDCefMain.cpp,435] [SendMsgToParentProcessByWND] [HWND:6621348 dwData:40006 size:154 ndata:{
   "canGoBack" : false,
   "canGoForward" : false,
   "eventBID" : 0,
   "eventCID" : 0,
   "eventHWND" : 6621348,
   "id" : 2,
   "isLoading" : true
}
]
12/17 01:42:05 [13824 11728 ..\NdCef\NDCefMain.cpp,435] [SendMsgToParentProcessByWND] [HWND:6621348 dwData:30001 size:199 ndata:{
   "eventBID" : 2,
   "eventData" : "https://ndim.101.com/?app=edbox&lng=zh-CN#/login?_k=fqmsqj",
   "eventHWND" : 6621348,
   "eventName" : 30003,
   "id" : 2,
   "messageName" : "MSG_URLPOPUP"
}
]
12/17 01:42:05 [13824 11728 ..\NdCef\NDCefMain.cpp,435] [SendMsgToParentProcessByWND] [HWND:6621348 dwData:40006 size:155 ndata:{
   "canGoBack" : false,
   "canGoForward" : false,
   "eventBID" : 0,
   "eventCID" : 0,
   "eventHWND" : 6621348,
   "id" : 2,
   "isLoading" : false
}
]
12/17 01:42:05 [13824 11728 ..\NdCef\NDCefMain.cpp,435] [SendMsgToParentProcessByWND] [HWND:6621348 dwData:40006 size:154 ndata:{
   "canGoBack" : false,
   "canGoForward" : false,
   "eventBID" : 0,
   "eventCID" : 0,
   "eventHWND" : 6621348,
   "id" : 1,
   "isLoading" : true
}
]
12/17 01:42:05 [13824 11728 ..\NdCef\NDCefMain.cpp,435] [SendMsgToParentProcessByWND] [HWND:6621348 dwData:30001 size:199 ndata:{
   "eventBID" : 1,
   "eventData" : "https://ndim.101.com/?app=edbox&lng=zh-CN#/login?_k=pim2ob",
   "eventHWND" : 6621348,
   "eventName" : 30003,
   "id" : 1,
   "messageName" : "MSG_URLPOPUP"
}
]
12/17 01:42:05 [13824 11728 ..\NdCef\NDCefMain.cpp,435] [SendMsgToParentProcessByWND] [HWND:6621348 dwData:40006 size:155 ndata:{
   "canGoBack" : false,
   "canGoForward" : false,
   "eventBID" : 0,
   "eventCID" : 0,
   "eventHWND" : 6621348,
   "id" : 1,
   "isLoading" : false
}
]
12/17 01:44:05 [7500 5848 ..\NdCef\NDCefMain.cpp,418] [SendMsgToClientProcessByWND-dll] [HWND:2362488 dwData:2 size:447 ndata:{
   "command" : 2,
   "height" : 600,
   "hwnd" : 6621348,
   "id" : 3,
   "ocx" : false,
   "osr" : true,
   "pop" : false,
   "render" : true,
   "show" : false,
   "url" : "https://ndim.101.com/?auth=MAC id=\"F7450F2A0A2FECCD62D63CB678256D75A9A948D7524557047F9CB9BFFF3017966546019F05F093DF\",nonce=\"1544982245651:ynlOt7Os\",mac=\"Bu6xZKdJKauR/XhgZBpukbSA9MY5wbC+uYo/TgLj3XM=\"&app=edbox&lng=zh-CN",
   "width" : 800,
   "x" : 0,
   "y" : 0
}
]
12/17 01:44:05 [13824 11728 ..\NdCef\NDCefMain.cpp,435] [SendMsgToParentProcessByWND] [HWND:6621348 dwData:1026 size:178 ndata:{
   "eventBID" : 0,
   "eventCID" : 0,
   "eventData" : 57936996,
   "eventHWND" : 57936996,
   "eventName" : "OsrWindowHwnd",
   "id" : 3,
   "messageName" : "OsrWindowHwnd"
}
]
12/17 01:44:05 [7500 5848 ..\NdCef\NDCefMain.cpp,418] [SendMsgToClientProcessByWND-dll] [HWND:2362488 dwData:2 size:447 ndata:{
   "command" : 2,
   "height" : 600,
   "hwnd" : 6621348,
   "id" : 4,
   "ocx" : false,
   "osr" : true,
   "pop" : false,
   "render" : true,
   "show" : false,
   "url" : "https://ndim.101.com/?auth=MAC id=\"F7450F2A0A2FECCD62D63CB678256D75A9A948D7524557047F9CB9BFFF3017966546019F05F093DF\",nonce=\"1544982245671:GBBr3Zl3\",mac=\"TShoDdw3dbi4CTmTBkHDCJ6o7rzrpKelGQb7x4cYi6o=\"&app=edbox&lng=zh-CN",
   "width" : 800,
   "x" : 0,
   "y" : 0
}
]
12/17 01:44:05 [13824 11728 ..\NdCef\NDCefMain.cpp,435] [SendMsgToParentProcessByWND] [HWND:6621348 dwData:40006 size:154 ndata:{
   "canGoBack" : false,
   "canGoForward" : false,
   "eventBID" : 0,
   "eventCID" : 0,
   "eventHWND" : 6621348,
   "id" : 3,
   "isLoading" : true
}
]
12/17 01:44:05 [7500 5848 ..\NdCef\NDCefMain.cpp,418] [SendMsgToClientProcessByWND-dll] [HWND:2362488 dwData:18 size:118 ndata:{
   "command" : 18,
   "data" : "",
   "hwnd" : 0,
   "id" : 1,
   "lParam" : 0,
   "message" : 8,
   "wParam" : 0
}
]
12/17 01:44:05 [13824 11728 ..\NdCef\NDCefMain.cpp,435] [SendMsgToParentProcessByWND] [HWND:6621348 dwData:1026 size:176 ndata:{
   "eventBID" : 0,
   "eventCID" : 0,
   "eventData" : 3476606,
   "eventHWND" : 3476606,
   "eventName" : "OsrWindowHwnd",
   "id" : 4,
   "messageName" : "OsrWindowHwnd"
}
]
12/17 01:44:05 [7500 5848 ..\NdCef\NDCefMain.cpp,418] [SendMsgToClientProcessByWND-dll] [HWND:2362488 dwData:18 size:118 ndata:{
   "command" : 18,
   "data" : "",
   "hwnd" : 0,
   "id" : 2,
   "lParam" : 0,
   "message" : 8,
   "wParam" : 0
}
]
12/17 01:44:05 [13824 11728 ..\NdCef\NDCefMain.cpp,435] [SendMsgToParentProcessByWND] [HWND:6621348 dwData:40006 size:154 ndata:{
   "canGoBack" : false,
   "canGoForward" : false,
   "eventBID" : 0,
   "eventCID" : 0,
   "eventHWND" : 6621348,
   "id" : 4,
   "isLoading" : true
}
]
12/17 01:44:05 [13824 11728 ..\NdCef\NDCefMain.cpp,435] [SendMsgToParentProcessByWND] [HWND:6621348 dwData:30001 size:373 ndata:{
   "eventBID" : 4,
   "eventData" : "https://ndim.101.com/?auth=MAC%20id=%22F7450F2A0A2FECCD62D63CB678256D75A9A948D7524557047F9CB9BFFF3017966546019F05F093DF%22,nonce=%221544982245671:GBBr3Zl3%22,mac=%22TShoDdw3dbi4CTmTBkHDCJ6o7rzrpKelGQb7x4cYi6o=%22&app=edbox&lng=zh-CN",
   "eventHWND" : 6621348,
   "eventName" : 30003,
   "id" : 4,
   "messageName" : "MSG_URLPOPUP"
}
]
12/17 01:44:05 [13824 11728 ..\NdCef\NDCefMain.cpp,435] [SendMsgToParentProcessByWND] [HWND:6621348 dwData:30001 size:373 ndata:{
   "eventBID" : 3,
   "eventData" : "https://ndim.101.com/?auth=MAC%20id=%22F7450F2A0A2FECCD62D63CB678256D75A9A948D7524557047F9CB9BFFF3017966546019F05F093DF%22,nonce=%221544982245651:ynlOt7Os%22,mac=%22Bu6xZKdJKauR/XhgZBpukbSA9MY5wbC+uYo/TgLj3XM=%22&app=edbox&lng=zh-CN",
   "eventHWND" : 6621348,
   "eventName" : 30003,
   "id" : 3,
   "messageName" : "MSG_URLPOPUP"
}
]
12/17 01:44:06 [13824 11728 ..\NdCef\NDCefMain.cpp,435] [SendMsgToParentProcessByWND] [HWND:6621348 dwData:40006 size:155 ndata:{
   "canGoBack" : false,
   "canGoForward" : false,
   "eventBID" : 0,
   "eventCID" : 0,
   "eventHWND" : 6621348,
   "id" : 4,
   "isLoading" : false
}
]
12/17 01:44:06 [13824 11728 ..\NdCef\NDCefMain.cpp,435] [SendMsgToParentProcessByWND] [HWND:6621348 dwData:30005 size:338 ndata:{
   "eventBID" : 4,
   "eventData" : "https://ndim.101.com/?auth=MAC%20id=%22F7450F2A0A2FECCD62D63CB678256D75A9A948D7524557047F9CB9BFFF3017966546019F05F093DF%22,nonce=%221544982245671:GBBr3Zl3%22,mac=%22TShoDdw3dbi4CTmTBkHDCJ6o7rzrpKelGQb7x4cYi6o=%22&app=edbox&lng=zh-CN",
   "eventHWND" : 6621348,
   "eventName" : 30005,
   "id" : 4
}
]
12/17 01:44:06 [13824 11728 ..\NdCef\NDCefMain.cpp,435] [SendMsgToParentProcessByWND] [HWND:6621348 dwData:40006 size:155 ndata:{
   "canGoBack" : false,
   "canGoForward" : false,
   "eventBID" : 0,
   "eventCID" : 0,
   "eventHWND" : 6621348,
   "id" : 3,
   "isLoading" : false
}
]
12/17 01:44:06 [13824 11728 ..\NdCef\NDCefMain.cpp,435] [SendMsgToParentProcessByWND] [HWND:6621348 dwData:30005 size:338 ndata:{
   "eventBID" : 3,
   "eventData" : "https://ndim.101.com/?auth=MAC%20id=%22F7450F2A0A2FECCD62D63CB678256D75A9A948D7524557047F9CB9BFFF3017966546019F05F093DF%22,nonce=%221544982245651:ynlOt7Os%22,mac=%22Bu6xZKdJKauR/XhgZBpukbSA9MY5wbC+uYo/TgLj3XM=%22&app=edbox&lng=zh-CN",
   "eventHWND" : 6621348,
   "eventName" : 30005,
   "id" : 3
}
]
12/17 01:44:07 [13824 11728 ..\NdCef\NDCefMain.cpp,435] [SendMsgToParentProcessByWND] [HWND:6621348 dwData:40006 size:154 ndata:{
   "canGoBack" : false,
   "canGoForward" : false,
   "eventBID" : 0,
   "eventCID" : 0,
   "eventHWND" : 6621348,
   "id" : 4,
   "isLoading" : true
}
]
12/17 01:44:07 [13824 11728 ..\NdCef\NDCefMain.cpp,435] [SendMsgToParentProcessByWND] [HWND:6621348 dwData:40006 size:154 ndata:{
   "canGoBack" : false,
   "canGoForward" : false,
   "eventBID" : 0,
   "eventCID" : 0,
   "eventHWND" : 6621348,
   "id" : 3,
   "isLoading" : true
}
]
12/17 01:44:07 [13824 11728 ..\NdCef\NDCefMain.cpp,435] [SendMsgToParentProcessByWND] [HWND:6621348 dwData:30001 size:182 ndata:{
   "eventBID" : 4,
   "eventData" : "https://ndim.101.com/?app=edbox&lng=zh-CN",
   "eventHWND" : 6621348,
   "eventName" : 30003,
   "id" : 4,
   "messageName" : "MSG_URLPOPUP"
}
]
12/17 01:44:07 [13824 11728 ..\NdCef\NDCefMain.cpp,435] [SendMsgToParentProcessByWND] [HWND:6621348 dwData:30001 size:182 ndata:{
   "eventBID" : 3,
   "eventData" : "https://ndim.101.com/?app=edbox&lng=zh-CN",
   "eventHWND" : 6621348,
   "eventName" : 30003,
   "id" : 3,
   "messageName" : "MSG_URLPOPUP"
}
]
12/17 01:44:07 [13824 11728 ..\NdCef\NDCefMain.cpp,435] [SendMsgToParentProcessByWND] [HWND:6621348 dwData:40006 size:155 ndata:{
   "canGoBack" : false,
   "canGoForward" : false,
   "eventBID" : 0,
   "eventCID" : 0,
   "eventHWND" : 6621348,
   "id" : 3,
   "isLoading" : false
}
]
12/17 01:44:07 [13824 11728 ..\NdCef\NDCefMain.cpp,435] [SendMsgToParentProcessByWND] [HWND:6621348 dwData:30005 size:147 ndata:{
   "eventBID" : 3,
   "eventData" : "https://ndim.101.com/?app=edbox&lng=zh-CN",
   "eventHWND" : 6621348,
   "eventName" : 30005,
   "id" : 3
}
]
12/17 01:44:07 [13824 11728 ..\NdCef\NDCefMain.cpp,435] [SendMsgToParentProcessByWND] [HWND:6621348 dwData:40006 size:155 ndata:{
   "canGoBack" : false,
   "canGoForward" : false,
   "eventBID" : 0,
   "eventCID" : 0,
   "eventHWND" : 6621348,
   "id" : 4,
   "isLoading" : false
}
]
12/17 01:44:07 [13824 11728 ..\NdCef\NDCefMain.cpp,435] [SendMsgToParentProcessByWND] [HWND:6621348 dwData:30005 size:147 ndata:{
   "eventBID" : 4,
   "eventData" : "https://ndim.101.com/?app=edbox&lng=zh-CN",
   "eventHWND" : 6621348,
   "eventName" : 30005,
   "id" : 4
}
]
12/17 01:44:08 [13824 11728 ..\NdCef\NDCefMain.cpp,435] [SendMsgToParentProcessByWND] [HWND:6621348 dwData:40006 size:154 ndata:{
   "canGoBack" : false,
   "canGoForward" : false,
   "eventBID" : 0,
   "eventCID" : 0,
   "eventHWND" : 6621348,
   "id" : 3,
   "isLoading" : true
}
]
12/17 01:44:08 [13824 11728 ..\NdCef\NDCefMain.cpp,435] [SendMsgToParentProcessByWND] [HWND:6621348 dwData:30001 size:184 ndata:{
   "eventBID" : 3,
   "eventData" : "https://ndim.101.com/?app=edbox&lng=zh-CN#/",
   "eventHWND" : 6621348,
   "eventName" : 30003,
   "id" : 3,
   "messageName" : "MSG_URLPOPUP"
}
]
12/17 01:44:08 [13824 11728 ..\NdCef\NDCefMain.cpp,435] [SendMsgToParentProcessByWND] [HWND:6621348 dwData:40006 size:155 ndata:{
   "canGoBack" : false,
   "canGoForward" : false,
   "eventBID" : 0,
   "eventCID" : 0,
   "eventHWND" : 6621348,
   "id" : 3,
   "isLoading" : false
}
]
12/17 01:44:08 [13824 11728 ..\NdCef\NDCefMain.cpp,435] [SendMsgToParentProcessByWND] [HWND:6621348 dwData:40006 size:154 ndata:{
   "canGoBack" : false,
   "canGoForward" : false,
   "eventBID" : 0,
   "eventCID" : 0,
   "eventHWND" : 6621348,
   "id" : 3,
   "isLoading" : true
}
]
12/17 01:44:08 [13824 11728 ..\NdCef\NDCefMain.cpp,435] [SendMsgToParentProcessByWND] [HWND:6621348 dwData:30001 size:194 ndata:{
   "eventBID" : 3,
   "eventData" : "https://ndim.101.com/?app=edbox&lng=zh-CN#/?_k=1pck71",
   "eventHWND" : 6621348,
   "eventName" : 30003,
   "id" : 3,
   "messageName" : "MSG_URLPOPUP"
}
]
12/17 01:44:08 [13824 11728 ..\NdCef\NDCefMain.cpp,435] [SendMsgToParentProcessByWND] [HWND:6621348 dwData:40006 size:155 ndata:{
   "canGoBack" : false,
   "canGoForward" : false,
   "eventBID" : 0,
   "eventCID" : 0,
   "eventHWND" : 6621348,
   "id" : 3,
   "isLoading" : false
}
]
12/17 01:44:08 [13824 11728 ..\NdCef\NDCefMain.cpp,435] [SendMsgToParentProcessByWND] [HWND:6621348 dwData:40006 size:154 ndata:{
   "canGoBack" : false,
   "canGoForward" : false,
   "eventBID" : 0,
   "eventCID" : 0,
   "eventHWND" : 6621348,
   "id" : 3,
   "isLoading" : true
}
]
12/17 01:44:08 [13824 11728 ..\NdCef\NDCefMain.cpp,435] [SendMsgToParentProcessByWND] [HWND:6621348 dwData:30001 size:199 ndata:{
   "eventBID" : 3,
   "eventData" : "https://ndim.101.com/?app=edbox&lng=zh-CN#/login?_k=lj1zsj",
   "eventHWND" : 6621348,
   "eventName" : 30003,
   "id" : 3,
   "messageName" : "MSG_URLPOPUP"
}
]
12/17 01:44:08 [13824 11728 ..\NdCef\NDCefMain.cpp,435] [SendMsgToParentProcessByWND] [HWND:6621348 dwData:40006 size:155 ndata:{
   "canGoBack" : false,
   "canGoForward" : false,
   "eventBID" : 0,
   "eventCID" : 0,
   "eventHWND" : 6621348,
   "id" : 3,
   "isLoading" : false
}
]
12/17 01:44:08 [13824 11728 ..\NdCef\NDCefMain.cpp,435] [SendMsgToParentProcessByWND] [HWND:6621348 dwData:40006 size:154 ndata:{
   "canGoBack" : false,
   "canGoForward" : false,
   "eventBID" : 0,
   "eventCID" : 0,
   "eventHWND" : 6621348,
   "id" : 4,
   "isLoading" : true
}
]
12/17 01:44:08 [13824 11728 ..\NdCef\NDCefMain.cpp,435] [SendMsgToParentProcessByWND] [HWND:6621348 dwData:30001 size:184 ndata:{
   "eventBID" : 4,
   "eventData" : "https://ndim.101.com/?app=edbox&lng=zh-CN#/",
   "eventHWND" : 6621348,
   "eventName" : 30003,
   "id" : 4,
   "messageName" : "MSG_URLPOPUP"
}
]
12/17 01:44:08 [13824 11728 ..\NdCef\NDCefMain.cpp,435] [SendMsgToParentProcessByWND] [HWND:6621348 dwData:40006 size:155 ndata:{
   "canGoBack" : false,
   "canGoForward" : false,
   "eventBID" : 0,
   "eventCID" : 0,
   "eventHWND" : 6621348,
   "id" : 4,
   "isLoading" : false
}
]
12/17 01:44:08 [13824 11728 ..\NdCef\NDCefMain.cpp,435] [SendMsgToParentProcessByWND] [HWND:6621348 dwData:40006 size:154 ndata:{
   "canGoBack" : false,
   "canGoForward" : false,
   "eventBID" : 0,
   "eventCID" : 0,
   "eventHWND" : 6621348,
   "id" : 4,
   "isLoading" : true
}
]
12/17 01:44:08 [13824 11728 ..\NdCef\NDCefMain.cpp,435] [SendMsgToParentProcessByWND] [HWND:6621348 dwData:30001 size:194 ndata:{
   "eventBID" : 4,
   "eventData" : "https://ndim.101.com/?app=edbox&lng=zh-CN#/?_k=vfrmqm",
   "eventHWND" : 6621348,
   "eventName" : 30003,
   "id" : 4,
   "messageName" : "MSG_URLPOPUP"
}
]
12/17 01:44:08 [13824 11728 ..\NdCef\NDCefMain.cpp,435] [SendMsgToParentProcessByWND] [HWND:6621348 dwData:40006 size:155 ndata:{
   "canGoBack" : false,
   "canGoForward" : false,
   "eventBID" : 0,
   "eventCID" : 0,
   "eventHWND" : 6621348,
   "id" : 4,
   "isLoading" : false
}
]
12/17 01:44:08 [13824 11728 ..\NdCef\NDCefMain.cpp,435] [SendMsgToParentProcessByWND] [HWND:6621348 dwData:40006 size:154 ndata:{
   "canGoBack" : false,
   "canGoForward" : false,
   "eventBID" : 0,
   "eventCID" : 0,
   "eventHWND" : 6621348,
   "id" : 4,
   "isLoading" : true
}
]
12/17 01:44:08 [13824 11728 ..\NdCef\NDCefMain.cpp,435] [SendMsgToParentProcessByWND] [HWND:6621348 dwData:30001 size:199 ndata:{
   "eventBID" : 4,
   "eventData" : "https://ndim.101.com/?app=edbox&lng=zh-CN#/login?_k=co0w1o",
   "eventHWND" : 6621348,
   "eventName" : 30003,
   "id" : 4,
   "messageName" : "MSG_URLPOPUP"
}
]
12/17 01:44:08 [13824 11728 ..\NdCef\NDCefMain.cpp,435] [SendMsgToParentProcessByWND] [HWND:6621348 dwData:40006 size:155 ndata:{
   "canGoBack" : false,
   "canGoForward" : false,
   "eventBID" : 0,
   "eventCID" : 0,
   "eventHWND" : 6621348,
   "id" : 4,
   "isLoading" : false
}
]
12/17 01:44:13 [7500 5848 ..\NdCef\NDCefMain.cpp,418] [SendMsgToClientProcessByWND-dll] [HWND:2362488 dwData:2 size:447 ndata:{
   "command" : 2,
   "height" : 600,
   "hwnd" : 6621348,
   "id" : 5,
   "ocx" : false,
   "osr" : true,
   "pop" : false,
   "render" : true,
   "show" : false,
   "url" : "https://ndim.101.com/?auth=MAC id=\"F7450F2A0A2FECCD62D63CB678256D75A9A948D7524557047F9CB9BFFF3017966546019F05F093DF\",nonce=\"1544982253114:DwJF0XE4\",mac=\"Ldc4RdabbHnMmza+vlu02iva6G1os8JUnSAFjpZ+ZPw=\"&app=edbox&lng=zh-CN",
   "width" : 800,
   "x" : 0,
   "y" : 0
}
]
12/17 01:44:13 [13824 11728 ..\NdCef\NDCefMain.cpp,435] [SendMsgToParentProcessByWND] [HWND:6621348 dwData:1026 size:176 ndata:{
   "eventBID" : 0,
   "eventCID" : 0,
   "eventData" : 2296956,
   "eventHWND" : 2296956,
   "eventName" : "OsrWindowHwnd",
   "id" : 5,
   "messageName" : "OsrWindowHwnd"
}
]
12/17 01:44:13 [7500 5848 ..\NdCef\NDCefMain.cpp,418] [SendMsgToClientProcessByWND-dll] [HWND:2362488 dwData:2 size:447 ndata:{
   "command" : 2,
   "height" : 600,
   "hwnd" : 6621348,
   "id" : 6,
   "ocx" : false,
   "osr" : true,
   "pop" : false,
   "render" : true,
   "show" : false,
   "url" : "https://ndim.101.com/?auth=MAC id=\"F7450F2A0A2FECCD62D63CB678256D75A9A948D7524557047F9CB9BFFF3017966546019F05F093DF\",nonce=\"1544982253133:kM2cN5cK\",mac=\"0Bqf4t/P0jNKg7sAsefkKRrjhTq8xKMJkxbVTG597/E=\"&app=edbox&lng=zh-CN",
   "width" : 800,
   "x" : 0,
   "y" : 0
}
]
12/17 01:44:13 [7500 5848 ..\NdCef\NDCefMain.cpp,418] [SendMsgToClientProcessByWND-dll] [HWND:2362488 dwData:18 size:118 ndata:{
   "command" : 18,
   "data" : "",
   "hwnd" : 0,
   "id" : 1,
   "lParam" : 0,
   "message" : 8,
   "wParam" : 0
}
]
12/17 01:44:13 [13824 11728 ..\NdCef\NDCefMain.cpp,435] [SendMsgToParentProcessByWND] [HWND:6621348 dwData:40006 size:154 ndata:{
   "canGoBack" : false,
   "canGoForward" : false,
   "eventBID" : 0,
   "eventCID" : 0,
   "eventHWND" : 6621348,
   "id" : 5,
   "isLoading" : true
}
]
12/17 01:44:13 [13824 11728 ..\NdCef\NDCefMain.cpp,435] [SendMsgToParentProcessByWND] [HWND:6621348 dwData:1026 size:178 ndata:{
   "eventBID" : 0,
   "eventCID" : 0,
   "eventData" : 49220002,
   "eventHWND" : 49220002,
   "eventName" : "OsrWindowHwnd",
   "id" : 6,
   "messageName" : "OsrWindowHwnd"
}
]
12/17 01:44:13 [7500 5848 ..\NdCef\NDCefMain.cpp,418] [SendMsgToClientProcessByWND-dll] [HWND:2362488 dwData:18 size:118 ndata:{
   "command" : 18,
   "data" : "",
   "hwnd" : 0,
   "id" : 2,
   "lParam" : 0,
   "message" : 8,
   "wParam" : 0
}
]
12/17 01:44:13 [7500 5848 ..\NdCef\NDCefMain.cpp,418] [SendMsgToClientProcessByWND-dll] [HWND:2362488 dwData:18 size:118 ndata:{
   "command" : 18,
   "data" : "",
   "hwnd" : 0,
   "id" : 3,
   "lParam" : 0,
   "message" : 8,
   "wParam" : 0
}
]
12/17 01:44:13 [13824 11728 ..\NdCef\NDCefMain.cpp,435] [SendMsgToParentProcessByWND] [HWND:6621348 dwData:40006 size:154 ndata:{
   "canGoBack" : false,
   "canGoForward" : false,
   "eventBID" : 0,
   "eventCID" : 0,
   "eventHWND" : 6621348,
   "id" : 6,
   "isLoading" : true
}
]
12/17 01:44:13 [7500 5848 ..\NdCef\NDCefMain.cpp,418] [SendMsgToClientProcessByWND-dll] [HWND:2362488 dwData:18 size:118 ndata:{
   "command" : 18,
   "data" : "",
   "hwnd" : 0,
   "id" : 4,
   "lParam" : 0,
   "message" : 8,
   "wParam" : 0
}
]
12/17 01:44:13 [13824 11728 ..\NdCef\NDCefMain.cpp,435] [SendMsgToParentProcessByWND] [HWND:6621348 dwData:30001 size:373 ndata:{
   "eventBID" : 5,
   "eventData" : "https://ndim.101.com/?auth=MAC%20id=%22F7450F2A0A2FECCD62D63CB678256D75A9A948D7524557047F9CB9BFFF3017966546019F05F093DF%22,nonce=%221544982253114:DwJF0XE4%22,mac=%22Ldc4RdabbHnMmza+vlu02iva6G1os8JUnSAFjpZ+ZPw=%22&app=edbox&lng=zh-CN",
   "eventHWND" : 6621348,
   "eventName" : 30003,
   "id" : 5,
   "messageName" : "MSG_URLPOPUP"
}
]
12/17 01:44:13 [13824 11728 ..\NdCef\NDCefMain.cpp,435] [SendMsgToParentProcessByWND] [HWND:6621348 dwData:30001 size:373 ndata:{
   "eventBID" : 6,
   "eventData" : "https://ndim.101.com/?auth=MAC%20id=%22F7450F2A0A2FECCD62D63CB678256D75A9A948D7524557047F9CB9BFFF3017966546019F05F093DF%22,nonce=%221544982253133:kM2cN5cK%22,mac=%220Bqf4t/P0jNKg7sAsefkKRrjhTq8xKMJkxbVTG597/E=%22&app=edbox&lng=zh-CN",
   "eventHWND" : 6621348,
   "eventName" : 30003,
   "id" : 6,
   "messageName" : "MSG_URLPOPUP"
}
]
12/17 01:44:13 [13824 11728 ..\NdCef\NDCefMain.cpp,435] [SendMsgToParentProcessByWND] [HWND:6621348 dwData:40006 size:155 ndata:{
   "canGoBack" : false,
   "canGoForward" : false,
   "eventBID" : 0,
   "eventCID" : 0,
   "eventHWND" : 6621348,
   "id" : 5,
   "isLoading" : false
}
]
12/17 01:44:13 [13824 11728 ..\NdCef\NDCefMain.cpp,435] [SendMsgToParentProcessByWND] [HWND:6621348 dwData:30005 size:338 ndata:{
   "eventBID" : 5,
   "eventData" : "https://ndim.101.com/?auth=MAC%20id=%22F7450F2A0A2FECCD62D63CB678256D75A9A948D7524557047F9CB9BFFF3017966546019F05F093DF%22,nonce=%221544982253114:DwJF0XE4%22,mac=%22Ldc4RdabbHnMmza+vlu02iva6G1os8JUnSAFjpZ+ZPw=%22&app=edbox&lng=zh-CN",
   "eventHWND" : 6621348,
   "eventName" : 30005,
   "id" : 5
}
]
12/17 01:44:13 [13824 11728 ..\NdCef\NDCefMain.cpp,435] [SendMsgToParentProcessByWND] [HWND:6621348 dwData:40006 size:155 ndata:{
   "canGoBack" : false,
   "canGoForward" : false,
   "eventBID" : 0,
   "eventCID" : 0,
   "eventHWND" : 6621348,
   "id" : 6,
   "isLoading" : false
}
]
12/17 01:44:13 [13824 11728 ..\NdCef\NDCefMain.cpp,435] [SendMsgToParentProcessByWND] [HWND:6621348 dwData:30005 size:338 ndata:{
   "eventBID" : 6,
   "eventData" : "https://ndim.101.com/?auth=MAC%20id=%22F7450F2A0A2FECCD62D63CB678256D75A9A948D7524557047F9CB9BFFF3017966546019F05F093DF%22,nonce=%221544982253133:kM2cN5cK%22,mac=%220Bqf4t/P0jNKg7sAsefkKRrjhTq8xKMJkxbVTG597/E=%22&app=edbox&lng=zh-CN",
   "eventHWND" : 6621348,
   "eventName" : 30005,
   "id" : 6
}
]
12/17 01:44:14 [13824 11728 ..\NdCef\NDCefMain.cpp,435] [SendMsgToParentProcessByWND] [HWND:6621348 dwData:40006 size:154 ndata:{
   "canGoBack" : false,
   "canGoForward" : false,
   "eventBID" : 0,
   "eventCID" : 0,
   "eventHWND" : 6621348,
   "id" : 6,
   "isLoading" : true
}
]
12/17 01:44:14 [13824 11728 ..\NdCef\NDCefMain.cpp,435] [SendMsgToParentProcessByWND] [HWND:6621348 dwData:40006 size:154 ndata:{
   "canGoBack" : false,
   "canGoForward" : false,
   "eventBID" : 0,
   "eventCID" : 0,
   "eventHWND" : 6621348,
   "id" : 5,
   "isLoading" : true
}
]
12/17 01:44:14 [13824 11728 ..\NdCef\NDCefMain.cpp,435] [SendMsgToParentProcessByWND] [HWND:6621348 dwData:30001 size:182 ndata:{
   "eventBID" : 6,
   "eventData" : "https://ndim.101.com/?app=edbox&lng=zh-CN",
   "eventHWND" : 6621348,
   "eventName" : 30003,
   "id" : 6,
   "messageName" : "MSG_URLPOPUP"
}
]
12/17 01:44:14 [13824 11728 ..\NdCef\NDCefMain.cpp,435] [SendMsgToParentProcessByWND] [HWND:6621348 dwData:30001 size:182 ndata:{
   "eventBID" : 5,
   "eventData" : "https://ndim.101.com/?app=edbox&lng=zh-CN",
   "eventHWND" : 6621348,
   "eventName" : 30003,
   "id" : 5,
   "messageName" : "MSG_URLPOPUP"
}
]
12/17 01:44:15 [13824 11728 ..\NdCef\NDCefMain.cpp,435] [SendMsgToParentProcessByWND] [HWND:6621348 dwData:40006 size:155 ndata:{
   "canGoBack" : false,
   "canGoForward" : false,
   "eventBID" : 0,
   "eventCID" : 0,
   "eventHWND" : 6621348,
   "id" : 5,
   "isLoading" : false
}
]
12/17 01:44:15 [13824 11728 ..\NdCef\NDCefMain.cpp,435] [SendMsgToParentProcessByWND] [HWND:6621348 dwData:30005 size:147 ndata:{
   "eventBID" : 5,
   "eventData" : "https://ndim.101.com/?app=edbox&lng=zh-CN",
   "eventHWND" : 6621348,
   "eventName" : 30005,
   "id" : 5
}
]
12/17 01:44:15 [13824 11728 ..\NdCef\NDCefMain.cpp,435] [SendMsgToParentProcessByWND] [HWND:6621348 dwData:40006 size:155 ndata:{
   "canGoBack" : false,
   "canGoForward" : false,
   "eventBID" : 0,
   "eventCID" : 0,
   "eventHWND" : 6621348,
   "id" : 6,
   "isLoading" : false
}
]
12/17 01:44:15 [13824 11728 ..\NdCef\NDCefMain.cpp,435] [SendMsgToParentProcessByWND] [HWND:6621348 dwData:30005 size:147 ndata:{
   "eventBID" : 6,
   "eventData" : "https://ndim.101.com/?app=edbox&lng=zh-CN",
   "eventHWND" : 6621348,
   "eventName" : 30005,
   "id" : 6
}
]
12/17 01:44:15 [13824 11728 ..\NdCef\NDCefMain.cpp,435] [SendMsgToParentProcessByWND] [HWND:6621348 dwData:40006 size:154 ndata:{
   "canGoBack" : false,
   "canGoForward" : false,
   "eventBID" : 0,
   "eventCID" : 0,
   "eventHWND" : 6621348,
   "id" : 5,
   "isLoading" : true
}
]
12/17 01:44:15 [13824 11728 ..\NdCef\NDCefMain.cpp,435] [SendMsgToParentProcessByWND] [HWND:6621348 dwData:30001 size:184 ndata:{
   "eventBID" : 5,
   "eventData" : "https://ndim.101.com/?app=edbox&lng=zh-CN#/",
   "eventHWND" : 6621348,
   "eventName" : 30003,
   "id" : 5,
   "messageName" : "MSG_URLPOPUP"
}
]
12/17 01:44:15 [13824 11728 ..\NdCef\NDCefMain.cpp,435] [SendMsgToParentProcessByWND] [HWND:6621348 dwData:40006 size:155 ndata:{
   "canGoBack" : false,
   "canGoForward" : false,
   "eventBID" : 0,
   "eventCID" : 0,
   "eventHWND" : 6621348,
   "id" : 5,
   "isLoading" : false
}
]
12/17 01:44:15 [13824 11728 ..\NdCef\NDCefMain.cpp,435] [SendMsgToParentProcessByWND] [HWND:6621348 dwData:40006 size:154 ndata:{
   "canGoBack" : false,
   "canGoForward" : false,
   "eventBID" : 0,
   "eventCID" : 0,
   "eventHWND" : 6621348,
   "id" : 5,
   "isLoading" : true
}
]
12/17 01:44:15 [13824 11728 ..\NdCef\NDCefMain.cpp,435] [SendMsgToParentProcessByWND] [HWND:6621348 dwData:30001 size:194 ndata:{
   "eventBID" : 5,
   "eventData" : "https://ndim.101.com/?app=edbox&lng=zh-CN#/?_k=gffdvt",
   "eventHWND" : 6621348,
   "eventName" : 30003,
   "id" : 5,
   "messageName" : "MSG_URLPOPUP"
}
]
12/17 01:44:15 [13824 11728 ..\NdCef\NDCefMain.cpp,435] [SendMsgToParentProcessByWND] [HWND:6621348 dwData:40006 size:155 ndata:{
   "canGoBack" : false,
   "canGoForward" : false,
   "eventBID" : 0,
   "eventCID" : 0,
   "eventHWND" : 6621348,
   "id" : 5,
   "isLoading" : false
}
]
12/17 01:44:15 [13824 11728 ..\NdCef\NDCefMain.cpp,435] [SendMsgToParentProcessByWND] [HWND:6621348 dwData:40006 size:154 ndata:{
   "canGoBack" : false,
   "canGoForward" : false,
   "eventBID" : 0,
   "eventCID" : 0,
   "eventHWND" : 6621348,
   "id" : 5,
   "isLoading" : true
}
]
12/17 01:44:15 [13824 11728 ..\NdCef\NDCefMain.cpp,435] [SendMsgToParentProcessByWND] [HWND:6621348 dwData:30001 size:199 ndata:{
   "eventBID" : 5,
   "eventData" : "https://ndim.101.com/?app=edbox&lng=zh-CN#/login?_k=xb31qb",
   "eventHWND" : 6621348,
   "eventName" : 30003,
   "id" : 5,
   "messageName" : "MSG_URLPOPUP"
}
]
12/17 01:44:15 [13824 11728 ..\NdCef\NDCefMain.cpp,435] [SendMsgToParentProcessByWND] [HWND:6621348 dwData:40006 size:155 ndata:{
   "canGoBack" : false,
   "canGoForward" : false,
   "eventBID" : 0,
   "eventCID" : 0,
   "eventHWND" : 6621348,
   "id" : 5,
   "isLoading" : false
}
]
12/17 01:44:15 [13824 11728 ..\NdCef\NDCefMain.cpp,435] [SendMsgToParentProcessByWND] [HWND:6621348 dwData:40006 size:154 ndata:{
   "canGoBack" : false,
   "canGoForward" : false,
   "eventBID" : 0,
   "eventCID" : 0,
   "eventHWND" : 6621348,
   "id" : 6,
   "isLoading" : true
}
]
12/17 01:44:15 [13824 11728 ..\NdCef\NDCefMain.cpp,435] [SendMsgToParentProcessByWND] [HWND:6621348 dwData:30001 size:184 ndata:{
   "eventBID" : 6,
   "eventData" : "https://ndim.101.com/?app=edbox&lng=zh-CN#/",
   "eventHWND" : 6621348,
   "eventName" : 30003,
   "id" : 6,
   "messageName" : "MSG_URLPOPUP"
}
]
12/17 01:44:15 [13824 11728 ..\NdCef\NDCefMain.cpp,435] [SendMsgToParentProcessByWND] [HWND:6621348 dwData:40006 size:155 ndata:{
   "canGoBack" : false,
   "canGoForward" : false,
   "eventBID" : 0,
   "eventCID" : 0,
   "eventHWND" : 6621348,
   "id" : 6,
   "isLoading" : false
}
]
12/17 01:44:15 [13824 11728 ..\NdCef\NDCefMain.cpp,435] [SendMsgToParentProcessByWND] [HWND:6621348 dwData:40006 size:154 ndata:{
   "canGoBack" : false,
   "canGoForward" : false,
   "eventBID" : 0,
   "eventCID" : 0,
   "eventHWND" : 6621348,
   "id" : 6,
   "isLoading" : true
}
]
12/17 01:44:15 [13824 11728 ..\NdCef\NDCefMain.cpp,435] [SendMsgToParentProcessByWND] [HWND:6621348 dwData:30001 size:194 ndata:{
   "eventBID" : 6,
   "eventData" : "https://ndim.101.com/?app=edbox&lng=zh-CN#/?_k=j0gf90",
   "eventHWND" : 6621348,
   "eventName" : 30003,
   "id" : 6,
   "messageName" : "MSG_URLPOPUP"
}
]
12/17 01:44:15 [13824 11728 ..\NdCef\NDCefMain.cpp,435] [SendMsgToParentProcessByWND] [HWND:6621348 dwData:40006 size:155 ndata:{
   "canGoBack" : false,
   "canGoForward" : false,
   "eventBID" : 0,
   "eventCID" : 0,
   "eventHWND" : 6621348,
   "id" : 6,
   "isLoading" : false
}
]
12/17 01:44:15 [13824 11728 ..\NdCef\NDCefMain.cpp,435] [SendMsgToParentProcessByWND] [HWND:6621348 dwData:40006 size:154 ndata:{
   "canGoBack" : false,
   "canGoForward" : false,
   "eventBID" : 0,
   "eventCID" : 0,
   "eventHWND" : 6621348,
   "id" : 6,
   "isLoading" : true
}
]
12/17 01:44:15 [13824 11728 ..\NdCef\NDCefMain.cpp,435] [SendMsgToParentProcessByWND] [HWND:6621348 dwData:30001 size:199 ndata:{
   "eventBID" : 6,
   "eventData" : "https://ndim.101.com/?app=edbox&lng=zh-CN#/login?_k=8m5jig",
   "eventHWND" : 6621348,
   "eventName" : 30003,
   "id" : 6,
   "messageName" : "MSG_URLPOPUP"
}
]
12/17 01:44:15 [13824 11728 ..\NdCef\NDCefMain.cpp,435] [SendMsgToParentProcessByWND] [HWND:6621348 dwData:40006 size:155 ndata:{
   "canGoBack" : false,
   "canGoForward" : false,
   "eventBID" : 0,
   "eventCID" : 0,
   "eventHWND" : 6621348,
   "id" : 6,
   "isLoading" : false
}
]
12/17 01:44:42 [7500 5848 ..\NdCef\NDCefMain.cpp,418] [SendMsgToClientProcessByWND-dll] [HWND:2362488 dwData:8 size:49 ndata:{
   "command" : 8,
   "hwnd" : 0,
   "id" : 7
}
]
12/17 01:44:42 [7500 5848 ..\NdCef\NDCefMain.cpp,418] [SendMsgToClientProcessByWND-dll] [HWND:2362488 dwData:8 size:49 ndata:{
   "command" : 8,
   "hwnd" : 0,
   "id" : 8
}
]
12/17 01:44:42 [7500 5848 ..\NdCef\NDCefMain.cpp,418] [SendMsgToClientProcessByWND-dll] [HWND:2362488 dwData:8 size:49 ndata:{
   "command" : 8,
   "hwnd" : 0,
   "id" : 9
}
]
12/17 01:44:42 [7500 5848 ..\NdCef\NDCefMain.cpp,418] [SendMsgToClientProcessByWND-dll] [HWND:2362488 dwData:8 size:50 ndata:{
   "command" : 8,
   "hwnd" : 0,
   "id" : 10
}
]
12/17 01:44:42 [7500 5848 ..\NdCef\NDCefMain.cpp,418] [SendMsgToClientProcessByWND-dll] [HWND:2362488 dwData:8 size:50 ndata:{
   "command" : 8,
   "hwnd" : 0,
   "id" : 11
}
]
12/17 01:44:42 [7500 5848 ..\NdCef\NDCefMain.cpp,418] [SendMsgToClientProcessByWND-dll] [HWND:2362488 dwData:8 size:50 ndata:{
   "command" : 8,
   "hwnd" : 0,
   "id" : 12
}
]
12/17 01:44:42 [7500 5848 ..\NdCef\NDCefMain.cpp,418] [SendMsgToClientProcessByWND-dll] [HWND:2362488 dwData:8 size:50 ndata:{
   "command" : 8,
   "hwnd" : 0,
   "id" : 13
}
]
12/17 01:44:42 [7500 5848 ..\NdCef\NDCefMain.cpp,418] [SendMsgToClientProcessByWND-dll] [HWND:2362488 dwData:8 size:50 ndata:{
   "command" : 8,
   "hwnd" : 0,
   "id" : 14
}
]
12/17 01:44:42 [7500 5848 ..\NdCef\NDCefMain.cpp,418] [SendMsgToClientProcessByWND-dll] [HWND:2362488 dwData:8 size:50 ndata:{
   "command" : 8,
   "hwnd" : 0,
   "id" : 15
}
]
12/17 01:44:42 [7500 5848 ..\NdCef\NDCefMain.cpp,418] [SendMsgToClientProcessByWND-dll] [HWND:2362488 dwData:8 size:50 ndata:{
   "command" : 8,
   "hwnd" : 0,
   "id" : 16
}
]
12/17 01:44:42 [7500 5848 ..\NdCef\NDCefMain.cpp,418] [SendMsgToClientProcessByWND-dll] [HWND:2362488 dwData:8 size:50 ndata:{
   "command" : 8,
   "hwnd" : 0,
   "id" : 17
}
]
12/17 01:44:42 [7500 5848 ..\NdCef\NDCefMain.cpp,418] [SendMsgToClientProcessByWND-dll] [HWND:2362488 dwData:8 size:50 ndata:{
   "command" : 8,
   "hwnd" : 0,
   "id" : 18
}
]
12/17 01:45:18 [7500 5848 ..\NdCef\NDCefMain.cpp,418] [SendMsgToClientProcessByWND-dll] [HWND:9767282 dwData:2 size:447 ndata:{
   "command" : 2,
   "height" : 600,
   "hwnd" : 6621348,
   "id" : 1,
   "ocx" : false,
   "osr" : true,
   "pop" : false,
   "render" : true,
   "show" : false,
   "url" : "https://ndim.101.com/?auth=MAC id=\"F7450F2A0A2FECCD62D63CB678256D757FF5B54F6A445863D38B674C4008FD8C0866ABB20AC69494\",nonce=\"1544982318367:DJGUoyvh\",mac=\"wTs1rayHnVprd9gEoKk+YLP/P2d7n5/w8ZMax4zO/90=\"&app=edbox&lng=zh-CN",
   "width" : 800,
   "x" : 0,
   "y" : 0
}
]
12/17 01:45:18 [9856 2884 ..\NdCef\NDCefMain.cpp,435] [SendMsgToParentProcessByWND] [HWND:6621348 dwData:1026 size:174 ndata:{
   "eventBID" : 0,
   "eventCID" : 0,
   "eventData" : 265368,
   "eventHWND" : 265368,
   "eventName" : "OsrWindowHwnd",
   "id" : 1,
   "messageName" : "OsrWindowHwnd"
}
]
12/17 01:45:18 [7500 5848 ..\NdCef\NDCefMain.cpp,418] [SendMsgToClientProcessByWND-dll] [HWND:9767282 dwData:2 size:447 ndata:{
   "command" : 2,
   "height" : 600,
   "hwnd" : 6621348,
   "id" : 2,
   "ocx" : false,
   "osr" : true,
   "pop" : false,
   "render" : true,
   "show" : false,
   "url" : "https://ndim.101.com/?auth=MAC id=\"F7450F2A0A2FECCD62D63CB678256D757FF5B54F6A445863D38B674C4008FD8C0866ABB20AC69494\",nonce=\"1544982318399:tdg3KyAy\",mac=\"306YD4PnyB87vI17kd+UMZZeBHxz0YOfUNpXdIM63oY=\"&app=edbox&lng=zh-CN",
   "width" : 800,
   "x" : 0,
   "y" : 0
}
]
12/17 01:45:18 [7500 5848 ..\NdCef\NDCefMain.cpp,418] [SendMsgToClientProcessByWND-dll] [HWND:9767282 dwData:2 size:244 ndata:{
   "command" : 2,
   "height" : 100,
   "hwnd" : 6621348,
   "id" : 1,
   "ocx" : false,
   "osr" : true,
   "pop" : false,
   "render" : true,
   "show" : false,
   "url" : "https://www.baidu.com",
   "width" : 100,
   "x" : 0,
   "y" : 0
}
]
12/17 01:45:18 [9856 2884 ..\NdCef\NDCefMain.cpp,435] [SendMsgToParentProcessByWND] [HWND:6621348 dwData:40006 size:154 ndata:{
   "canGoBack" : false,
   "canGoForward" : false,
   "eventBID" : 0,
   "eventCID" : 0,
   "eventHWND" : 6621348,
   "id" : 1,
   "isLoading" : true
}
]
12/17 01:46:19 [7500 5848 ..\NdCef\NDCefMain.cpp,418] [SendMsgToClientProcessByWND-dll] [HWND:396444 dwData:8 size:49 ndata:{
   "command" : 8,
   "hwnd" : 0,
   "id" : 3
}
]
12/17 01:46:19 [7500 5848 ..\NdCef\NDCefMain.cpp,418] [SendMsgToClientProcessByWND-dll] [HWND:396444 dwData:8 size:49 ndata:{
   "command" : 8,
   "hwnd" : 0,
   "id" : 4
}
]
12/17 01:46:19 [7500 5848 ..\NdCef\NDCefMain.cpp,418] [SendMsgToClientProcessByWND-dll] [HWND:396444 dwData:8 size:49 ndata:{
   "command" : 8,
   "hwnd" : 0,
   "id" : 5
}
]
12/17 01:46:19 [7500 5848 ..\NdCef\NDCefMain.cpp,418] [SendMsgToClientProcessByWND-dll] [HWND:396444 dwData:8 size:49 ndata:{
   "command" : 8,
   "hwnd" : 0,
   "id" : 6
}
]
12/17 01:47:11 [7500 5848 ..\NdCef\NDCefMain.cpp,418] [SendMsgToClientProcessByWND-dll] [HWND:10161110 dwData:2 size:447 ndata:{
   "command" : 2,
   "height" : 600,
   "hwnd" : 6621348,
   "id" : 1,
   "ocx" : false,
   "osr" : true,
   "pop" : false,
   "render" : true,
   "show" : false,
   "url" : "https://ndim.101.com/?auth=MAC id=\"F7450F2A0A2FECCD62D63CB678256D75174C5FD310F8F6D0E14DFE290AB245F8A2429632C0E166EC\",nonce=\"1544982431728:2dRKtSLG\",mac=\"jtbl8vCY8G/uRiqPnjTWJPlaPRARCmnT++AkP6iASeg=\"&app=edbox&lng=zh-CN",
   "width" : 800,
   "x" : 0,
   "y" : 0
}
]
12/17 01:47:11 [752 9784 ..\NdCef\NDCefMain.cpp,435] [SendMsgToParentProcessByWND] [HWND:6621348 dwData:1026 size:178 ndata:{
   "eventBID" : 0,
   "eventCID" : 0,
   "eventData" : 13174326,
   "eventHWND" : 13174326,
   "eventName" : "OsrWindowHwnd",
   "id" : 1,
   "messageName" : "OsrWindowHwnd"
}
]
12/17 01:47:11 [7500 5848 ..\NdCef\NDCefMain.cpp,418] [SendMsgToClientProcessByWND-dll] [HWND:10161110 dwData:2 size:447 ndata:{
   "command" : 2,
   "height" : 600,
   "hwnd" : 6621348,
   "id" : 2,
   "ocx" : false,
   "osr" : true,
   "pop" : false,
   "render" : true,
   "show" : false,
   "url" : "https://ndim.101.com/?auth=MAC id=\"F7450F2A0A2FECCD62D63CB678256D75174C5FD310F8F6D0E14DFE290AB245F8A2429632C0E166EC\",nonce=\"1544982431762:SHqSPTQX\",mac=\"vX8GQNqs5UxaYFqUBVt5hJ2kjWz5TTra0Scs0WgGV20=\"&app=edbox&lng=zh-CN",
   "width" : 800,
   "x" : 0,
   "y" : 0
}
]
12/17 01:47:11 [7500 5848 ..\NdCef\NDCefMain.cpp,418] [SendMsgToClientProcessByWND-dll] [HWND:10161110 dwData:2 size:244 ndata:{
   "command" : 2,
   "height" : 100,
   "hwnd" : 6621348,
   "id" : 1,
   "ocx" : false,
   "osr" : true,
   "pop" : false,
   "render" : true,
   "show" : false,
   "url" : "https://www.baidu.com",
   "width" : 100,
   "x" : 0,
   "y" : 0
}
]
12/17 01:47:11 [752 9784 ..\NdCef\NDCefMain.cpp,435] [SendMsgToParentProcessByWND] [HWND:6621348 dwData:40006 size:154 ndata:{
   "canGoBack" : false,
   "canGoForward" : false,
   "eventBID" : 0,
   "eventCID" : 0,
   "eventHWND" : 6621348,
   "id" : 1,
   "isLoading" : true
}
]
12/17 01:59:18 [7500 5848 ..\NdCef\NDCefMain.cpp,418] [SendMsgToClientProcessByWND-dll] [HWND:3607300 dwData:8 size:49 ndata:{
   "command" : 8,
   "hwnd" : 0,
   "id" : 3
}
]
12/17 01:59:18 [7500 5848 ..\NdCef\NDCefMain.cpp,418] [SendMsgToClientProcessByWND-dll] [HWND:3607300 dwData:8 size:49 ndata:{
   "command" : 8,
   "hwnd" : 0,
   "id" : 4
}
]
12/17 01:59:18 [7500 5848 ..\NdCef\NDCefMain.cpp,418] [SendMsgToClientProcessByWND-dll] [HWND:3607300 dwData:8 size:49 ndata:{
   "command" : 8,
   "hwnd" : 0,
   "id" : 5
}
]
12/17 01:59:18 [7500 5848 ..\NdCef\NDCefMain.cpp,418] [SendMsgToClientProcessByWND-dll] [HWND:3607300 dwData:8 size:49 ndata:{
   "command" : 8,
   "hwnd" : 0,
   "id" : 6
}
]
12/17 01:59:32 [7500 5848 ..\NdCef\NDCefMain.cpp,418] [SendMsgToClientProcessByWND-dll] [HWND:6753444 dwData:2 size:244 ndata:{
   "command" : 2,
   "height" : 100,
   "hwnd" : 6621348,
   "id" : 1,
   "ocx" : false,
   "osr" : true,
   "pop" : false,
   "render" : true,
   "show" : false,
   "url" : "https://www.baidu.com",
   "width" : 100,
   "x" : 0,
   "y" : 0
}
]
12/17 01:59:32 [11612 2804 ..\NdCef\NDCefMain.cpp,435] [SendMsgToParentProcessByWND] [HWND:6621348 dwData:1026 size:178 ndata:{
   "eventBID" : 0,
   "eventCID" : 0,
   "eventData" : 25496678,
   "eventHWND" : 25496678,
   "eventName" : "OsrWindowHwnd",
   "id" : 1,
   "messageName" : "OsrWindowHwnd"
}
]
12/17 01:59:32 [11612 2804 ..\NdCef\NDCefMain.cpp,435] [SendMsgToParentProcessByWND] [HWND:6621348 dwData:40006 size:154 ndata:{
   "canGoBack" : false,
   "canGoForward" : false,
   "eventBID" : 0,
   "eventCID" : 0,
   "eventHWND" : 6621348,
   "id" : 1,
   "isLoading" : true
}
]
12/17 01:59:34 [11612 2804 ..\NdCef\NDCefMain.cpp,435] [SendMsgToParentProcessByWND] [HWND:6621348 dwData:30001 size:163 ndata:{
   "eventBID" : 1,
   "eventData" : "https://www.baidu.com/",
   "eventHWND" : 6621348,
   "eventName" : 30003,
   "id" : 1,
   "messageName" : "MSG_URLPOPUP"
}
]
12/17 01:59:35 [11612 2804 ..\NdCef\NDCefMain.cpp,435] [SendMsgToParentProcessByWND] [HWND:6621348 dwData:40006 size:155 ndata:{
   "canGoBack" : false,
   "canGoForward" : false,
   "eventBID" : 0,
   "eventCID" : 0,
   "eventHWND" : 6621348,
   "id" : 1,
   "isLoading" : false
}
]
12/17 01:59:35 [11612 2804 ..\NdCef\NDCefMain.cpp,435] [SendMsgToParentProcessByWND] [HWND:6621348 dwData:30005 size:128 ndata:{
   "eventBID" : 1,
   "eventData" : "https://www.baidu.com/",
   "eventHWND" : 6621348,
   "eventName" : 30005,
   "id" : 1
}
]
12/17 02:01:13 [7500 5848 ..\NdCef\NDCefMain.cpp,418] [SendMsgToClientProcessByWND-dll] [HWND:6753444 dwData:8 size:49 ndata:{
   "command" : 8,
   "hwnd" : 0,
   "id" : 2
}
]
12/17 02:01:13 [7500 5848 ..\NdCef\NDCefMain.cpp,418] [SendMsgToClientProcessByWND-dll] [HWND:6753444 dwData:8 size:49 ndata:{
   "command" : 8,
   "hwnd" : 0,
   "id" : 3
}
]
12/17 02:02:15 [7500 5848 ..\NdCef\NDCefMain.cpp,418] [SendMsgToClientProcessByWND-dll] [HWND:2427830 dwData:2 size:447 ndata:{
   "command" : 2,
   "height" : 600,
   "hwnd" : 6621348,
   "id" : 1,
   "ocx" : false,
   "osr" : true,
   "pop" : false,
   "render" : true,
   "show" : false,
   "url" : "https://ndim.101.com/?auth=MAC id=\"F7450F2A0A2FECCD62D63CB678256D755973FCC3B35DA7F3C9706E2F6465202120964311B520C499\",nonce=\"1544983335629:eBhc14Jo\",mac=\"cs51eko0iGZXQU/TGOKs4SvH8Et9ZMnR9cLhdXP8M8Q=\"&app=edbox&lng=zh-CN",
   "width" : 800,
   "x" : 0,
   "y" : 0
}
]
12/17 02:02:15 [13880 11324 ..\NdCef\NDCefMain.cpp,435] [SendMsgToParentProcessByWND] [HWND:6621348 dwData:1026 size:178 ndata:{
   "eventBID" : 0,
   "eventCID" : 0,
   "eventData" : 63703432,
   "eventHWND" : 63703432,
   "eventName" : "OsrWindowHwnd",
   "id" : 1,
   "messageName" : "OsrWindowHwnd"
}
]
12/17 02:02:15 [7500 5848 ..\NdCef\NDCefMain.cpp,418] [SendMsgToClientProcessByWND-dll] [HWND:2427830 dwData:2 size:447 ndata:{
   "command" : 2,
   "height" : 600,
   "hwnd" : 6621348,
   "id" : 2,
   "ocx" : false,
   "osr" : true,
   "pop" : false,
   "render" : true,
   "show" : false,
   "url" : "https://ndim.101.com/?auth=MAC id=\"F7450F2A0A2FECCD62D63CB678256D755973FCC3B35DA7F3C9706E2F6465202120964311B520C499\",nonce=\"1544983335658:nOyPAWgY\",mac=\"n8ePJCtzC3nJ/UtDoelsGV6cXSd0C+4MIKDF65yicO4=\"&app=edbox&lng=zh-CN",
   "width" : 800,
   "x" : 0,
   "y" : 0
}
]
12/17 02:02:15 [7500 5848 ..\NdCef\NDCefMain.cpp,418] [SendMsgToClientProcessByWND-dll] [HWND:2427830 dwData:2 size:244 ndata:{
   "command" : 2,
   "height" : 100,
   "hwnd" : 6621348,
   "id" : 1,
   "ocx" : false,
   "osr" : true,
   "pop" : false,
   "render" : true,
   "show" : false,
   "url" : "https://www.baidu.com",
   "width" : 100,
   "x" : 0,
   "y" : 0
}
]
12/17 02:02:15 [13880 11324 ..\NdCef\NDCefMain.cpp,435] [SendMsgToParentProcessByWND] [HWND:6621348 dwData:40006 size:154 ndata:{
   "canGoBack" : false,
   "canGoForward" : false,
   "eventBID" : 0,
   "eventCID" : 0,
   "eventHWND" : 6621348,
   "id" : 1,
   "isLoading" : true
}
]
12/17 02:37:08 [7500 5848 ..\NdCef\NDCefMain.cpp,418] [SendMsgToClientProcessByWND-dll] [HWND:2165782 dwData:8 size:49 ndata:{
   "command" : 8,
   "hwnd" : 0,
   "id" : 3
}
]
12/17 02:37:08 [7500 5848 ..\NdCef\NDCefMain.cpp,418] [SendMsgToClientProcessByWND-dll] [HWND:2165782 dwData:8 size:49 ndata:{
   "command" : 8,
   "hwnd" : 0,
   "id" : 4
}
]
12/17 02:37:08 [7500 5848 ..\NdCef\NDCefMain.cpp,418] [SendMsgToClientProcessByWND-dll] [HWND:2165782 dwData:8 size:49 ndata:{
   "command" : 8,
   "hwnd" : 0,
   "id" : 5
}
]
12/17 02:37:08 [7500 5848 ..\NdCef\NDCefMain.cpp,418] [SendMsgToClientProcessByWND-dll] [HWND:2165782 dwData:8 size:49 ndata:{
   "command" : 8,
   "hwnd" : 0,
   "id" : 6
}
]
