[0930/154107:INFO:CONSOLE(265)] "Integrate uc sso success.", source: http://esp-sso.edu.web.sdp.101.com/redirect_third?sso_host=esp-sso.edu.web.sdp.101.com&type=weixin&fromway=http://ppt-release.edu.web.sdp.101.com&code=061PU9Ne2X7P5C07UEJe2iwKMe2PU9N3&state= (265)
[0930/154149:ERROR:ssl_client_socket_openssl.cc(1056)] handshake failed; returned -1, SSL error code 1, net_error -101
[0930/154149:ERROR:ssl_client_socket_openssl.cc(1056)] handshake failed; returned -1, SSL error code 1, net_error -101
[0930/154149:ERROR:ssl_client_socket_openssl.cc(1056)] handshake failed; returned -1, SSL error code 1, net_error -101
[0930/154212:ERROR:ssl_client_socket_openssl.cc(1056)] handshake failed; returned -1, SSL error code 1, net_error -101
[0930/154214:ERROR:ssl_client_socket_openssl.cc(1056)] handshake failed; returned -1, SSL error code 1, net_error -101
[0930/154216:ERROR:ssl_client_socket_openssl.cc(1056)] handshake failed; returned -1, SSL error code 1, net_error -101
[0930/154239:ERROR:ssl_client_socket_openssl.cc(1056)] handshake failed; returned -1, SSL error code 1, net_error -101
[0930/154241:ERROR:ssl_client_socket_openssl.cc(1056)] handshake failed; returned -1, SSL error code 1, net_error -101
[0930/154243:ERROR:ssl_client_socket_openssl.cc(1056)] handshake failed; returned -1, SSL error code 1, net_error -101
[0930/154305:ERROR:ssl_client_socket_openssl.cc(1056)] handshake failed; returned -1, SSL error code 1, net_error -101
[0930/154306:ERROR:ssl_client_socket_openssl.cc(1056)] handshake failed; returned -1, SSL error code 1, net_error -101
[0930/154306:INFO:CONSOLE(15)] "Uncaught ReferenceError: OneEye is not defined", source: https://api.edmodo.com/login?return_to=%2Foauth%2Fauthorize%3Fclient_id%3Df0b0a608d861597db2862280160b91504edd01877b1acf35edd0cff922fca52b%26redirect_uri%3Dhttps%3A%2F%2Fedmodo-callback.aws.stg.cherrypickslearning.com%2F101vrdesktopapp%26scope%3Dbasic%26response_type%3Dtoken%26state%3Dndtest (15)
[0930/154306:INFO:CONSOLE(68)] "Uncaught ReferenceError: $ is not defined", source: https://api.edmodo.com/login?return_to=%2Foauth%2Fauthorize%3Fclient_id%3Df0b0a608d861597db2862280160b91504edd01877b1acf35edd0cff922fca52b%26redirect_uri%3Dhttps%3A%2F%2Fedmodo-callback.aws.stg.cherrypickslearning.com%2F101vrdesktopapp%26scope%3Dbasic%26response_type%3Dtoken%26state%3Dndtest (68)
[0930/154307:ERROR:ssl_client_socket_openssl.cc(1056)] handshake failed; returned -1, SSL error code 1, net_error -101
[1011/163640:ERROR:backend_impl.cc(1023)] Critical error found -8
[1011/163640:ERROR:entry_impl.cc(1021)] No file for c103000a
[1011/163640:WARNING:storage_block-inl.h(128)] Failed data load.
[1011/163640:ERROR:cache_util_win.cc(20)] Unable to move the cache: 5
[1011/163640:ERROR:cache_util.cc(132)] Unable to move cache folder E:\3DPlatform\2017\LobbyProject\Assets\StreamingAssets\NdWebPlugin\CefWebKit\CoursePlayer\Cache to E:\3DPlatform\2017\LobbyProject\Assets\StreamingAssets\NdWebPlugin\CefWebKit\CoursePlayer\old_Cache_000
[1011/163640:ERROR:backend_impl.cc(1997)] Corrupt Index file
[1011/163711:INFO:CONSOLE(15)] "Uncaught ReferenceError: OneEye is not defined", source: https://api.edmodo.com/login?return_to=%2Foauth%2Fauthorize%3Fclient_id%3Df0b0a608d861597db2862280160b91504edd01877b1acf35edd0cff922fca52b%26redirect_uri%3Dhttps%3A%2F%2Fedmodo-callback.aws.stg.cherrypickslearning.com%2F101vrdesktopapp%26scope%3Dbasic%26response_type%3Dtoken%26state%3Dndtest (15)
[1011/163711:INFO:CONSOLE(68)] "Uncaught ReferenceError: $ is not defined", source: https://api.edmodo.com/login?return_to=%2Foauth%2Fauthorize%3Fclient_id%3Df0b0a608d861597db2862280160b91504edd01877b1acf35edd0cff922fca52b%26redirect_uri%3Dhttps%3A%2F%2Fedmodo-callback.aws.stg.cherrypickslearning.com%2F101vrdesktopapp%26scope%3Dbasic%26response_type%3Dtoken%26state%3Dndtest (68)
[1011/163743:ERROR:backend_impl.cc(1997)] Corrupt Index file
[1011/163743:ERROR:cache_util_win.cc(20)] Unable to move the cache: 5
[1011/163743:ERROR:cache_util.cc(132)] Unable to move cache folder E:\3DPlatform\2017\LobbyProject\Assets\StreamingAssets\NdWebPlugin\CefWebKit\CoursePlayer\Cache to E:\3DPlatform\2017\LobbyProject\Assets\StreamingAssets\NdWebPlugin\CefWebKit\CoursePlayer\old_Cache_000
[1011/163743:ERROR:cache_creator.cc(127)] Unable to create cache
[1011/163801:INFO:CONSOLE(55)] "https://auth-third.101.com/edmodo?access_token=eyJ0eXAiOiJKV1QiLCJhbGciOiJIUzUxMiJ9.eyJpYXQiOjE1MzkyNDcwNzksImlzcyI6Imh0dHBzOi8vYXBpLmVkbW9kby5jb20iLCJ1c2VyIjp7ImlkIjoxMzkyNjMwNDh9LCJhcHAiOnsiaWQiOjk5NX0sImV4cGlyZXNfaW4iOjg2NDAwLCJzY29wZXMiOiJiYXNpYyJ9.Tf8ULMMpeC_YFtX5JGegVps4u4DTyI64sFS00X_AfD4Jj7m7Fx1dotj-pFlaYYJyTAsRmORDiJsNcN9CZw1vjg&token_type=bearer&expires_in=86400&state=ndtest&n=1539247081049", source: https://edmodo-callback.aws.stg.cherrypickslearning.com/101vrdesktopapp (55)
[1011/164047:ERROR:backend_impl.cc(1997)] Corrupt Index file
[1011/164047:ERROR:cache_util_win.cc(20)] Unable to move the cache: 5
[1011/164047:ERROR:cache_util.cc(132)] Unable to move cache folder E:\3DPlatform\2017\LobbyProject\Assets\StreamingAssets\NdWebPlugin\CefWebKit\CoursePlayer\Cache to E:\3DPlatform\2017\LobbyProject\Assets\StreamingAssets\NdWebPlugin\CefWebKit\CoursePlayer\old_Cache_000
[1011/164047:ERROR:cache_creator.cc(127)] Unable to create cache
[1011/164121:INFO:CONSOLE(15)] "Uncaught ReferenceError: OneEye is not defined", source: https://api.edmodo.com/login?return_to=%2Foauth%2Fauthorize%3Fclient_id%3Df0b0a608d861597db2862280160b91504edd01877b1acf35edd0cff922fca52b%26redirect_uri%3Dhttps%3A%2F%2Fedmodo-callback.aws.stg.cherrypickslearning.com%2F101vrdesktopapp%26scope%3Dbasic%26response_type%3Dtoken%26state%3Dndtest (15)
[1011/164121:INFO:CONSOLE(68)] "Uncaught ReferenceError: $ is not defined", source: https://api.edmodo.com/login?return_to=%2Foauth%2Fauthorize%3Fclient_id%3Df0b0a608d861597db2862280160b91504edd01877b1acf35edd0cff922fca52b%26redirect_uri%3Dhttps%3A%2F%2Fedmodo-callback.aws.stg.cherrypickslearning.com%2F101vrdesktopapp%26scope%3Dbasic%26response_type%3Dtoken%26state%3Dndtest (68)
[1011/164141:INFO:CONSOLE(55)] "https://auth-third.101.com/edmodo?access_token=eyJ0eXAiOiJKV1QiLCJhbGciOiJIUzUxMiJ9.eyJpYXQiOjE1MzkyNDcyOTksImlzcyI6Imh0dHBzOi8vYXBpLmVkbW9kby5jb20iLCJ1c2VyIjp7ImlkIjoxMzkyNjMwNDh9LCJhcHAiOnsiaWQiOjk5NX0sImV4cGlyZXNfaW4iOjg2NDAwLCJzY29wZXMiOiJiYXNpYyJ9.GAZ5tKjkWDKVdSGMC7meJQ1T6tfMRdkt72rJrOQEi7nutIBbGdT6PhwROMNXukbEoQ1NnR1vqi9aZEs2mTlmWw&token_type=bearer&expires_in=86400&state=ndtest&n=1539247301695", source: https://edmodo-callback.aws.stg.cherrypickslearning.com/101vrdesktopapp (55)
[1011/164353:ERROR:backend_impl.cc(1997)] Corrupt Index file
[1011/164353:ERROR:cache_util_win.cc(20)] Unable to move the cache: 5
[1011/164353:ERROR:cache_util.cc(132)] Unable to move cache folder E:\3DPlatform\2017\LobbyProject\Assets\StreamingAssets\NdWebPlugin\CefWebKit\CoursePlayer\Cache to E:\3DPlatform\2017\LobbyProject\Assets\StreamingAssets\NdWebPlugin\CefWebKit\CoursePlayer\old_Cache_000
[1011/164353:ERROR:cache_creator.cc(127)] Unable to create cache
[1011/164416:INFO:CONSOLE(55)] "https://auth-third.101.com/edmodo?access_token=eyJ0eXAiOiJKV1QiLCJhbGciOiJIUzUxMiJ9.eyJpYXQiOjE1MzkyNDc0NTMsImlzcyI6Imh0dHBzOi8vYXBpLmVkbW9kby5jb20iLCJ1c2VyIjp7ImlkIjoxMzkyNjMwNDh9LCJhcHAiOnsiaWQiOjk5NX0sImV4cGlyZXNfaW4iOjg2NDAwLCJzY29wZXMiOiJiYXNpYyJ9.quj1joBXLNk3GPFqzHjejR6AtMUa0Rf2OyLcB6OfOe03P6Ff0Fl043LSGhg1oL_m8CzRIuVexAFPL_5kAvhYSg&token_type=bearer&expires_in=86400&state=ndtest&n=1539247456116", source: https://edmodo-callback.aws.stg.cherrypickslearning.com/101vrdesktopapp (55)
[1011/165040:ERROR:backend_impl.cc(1997)] Corrupt Index file
[1011/165040:ERROR:cache_util_win.cc(20)] Unable to move the cache: 5
[1011/165040:ERROR:cache_util.cc(132)] Unable to move cache folder E:\3DPlatform\2017\LobbyProject\Assets\StreamingAssets\NdWebPlugin\CefWebKit\CoursePlayer\Cache to E:\3DPlatform\2017\LobbyProject\Assets\StreamingAssets\NdWebPlugin\CefWebKit\CoursePlayer\old_Cache_000
[1011/165040:ERROR:cache_creator.cc(127)] Unable to create cache
[1011/165137:INFO:CONSOLE(55)] "https://auth-third.101.com/edmodo?access_token=eyJ0eXAiOiJKV1QiLCJhbGciOiJIUzUxMiJ9.eyJpYXQiOjE1MzkyNDc4OTQsImlzcyI6Imh0dHBzOi8vYXBpLmVkbW9kby5jb20iLCJ1c2VyIjp7ImlkIjoxMzkyNjMwNDh9LCJhcHAiOnsiaWQiOjk5NX0sImV4cGlyZXNfaW4iOjg2NDAwLCJzY29wZXMiOiJiYXNpYyJ9.MYiogeWh5hwaO556KokqJ-tlbcJ4Qf76JUIWUtYjJ5Ixfl-G62eZTvzsPA7ofiNWzjfZB6IqM66kVGnknpqnSw&token_type=bearer&expires_in=86400&state=ndtest&n=1539247897173", source: https://edmodo-callback.aws.stg.cherrypickslearning.com/101vrdesktopapp (55)
[1011/165712:ERROR:backend_impl.cc(1997)] Corrupt Index file
[1011/165712:ERROR:cache_util_win.cc(20)] Unable to move the cache: 5
[1011/165712:ERROR:cache_util.cc(132)] Unable to move cache folder E:\3DPlatform\2017\LobbyProject\Assets\StreamingAssets\NdWebPlugin\CefWebKit\CoursePlayer\Cache to E:\3DPlatform\2017\LobbyProject\Assets\StreamingAssets\NdWebPlugin\CefWebKit\CoursePlayer\old_Cache_000
[1011/165712:ERROR:cache_creator.cc(127)] Unable to create cache
[1011/165731:INFO:CONSOLE(55)] "https://auth-third.101.com/edmodo?access_token=eyJ0eXAiOiJKV1QiLCJhbGciOiJIUzUxMiJ9.eyJpYXQiOjE1MzkyNDgyNDksImlzcyI6Imh0dHBzOi8vYXBpLmVkbW9kby5jb20iLCJ1c2VyIjp7ImlkIjoxMzkyNjMwNDh9LCJhcHAiOnsiaWQiOjk5NX0sImV4cGlyZXNfaW4iOjg2NDAwLCJzY29wZXMiOiJiYXNpYyJ9.73OXUzK9qvrH_9YDcZI_fWdHoC8NyeNvYerZqKzqpYSWg0h2SVIIy4-5O9N5uTBlZh28DJz84p-T-gxLz__7Xg&token_type=bearer&expires_in=86400&state=ndtest&n=1539248251848", source: https://edmodo-callback.aws.stg.cherrypickslearning.com/101vrdesktopapp (55)
[1217/014205:INFO:CONSOLE(69)] "%c欢迎来到网龙99游", source: https://ndim.101.com/app.4217ecf030b01f6355ab.js (69)
[1217/014205:INFO:CONSOLE(69)] "%c欢迎来到网龙99游", source: https://ndim.101.com/app.4217ecf030b01f6355ab.js (69)
[1217/014205:ERROR:shader_disk_cache.cc(219)] Failed to create shader cache entry: -2
[1217/014408:INFO:CONSOLE(69)] "%c欢迎来到网龙99游", source: https://ndim.101.com/app.4217ecf030b01f6355ab.js (69)
[1217/014408:INFO:CONSOLE(69)] "%c欢迎来到网龙99游", source: https://ndim.101.com/app.4217ecf030b01f6355ab.js (69)
[1217/014415:INFO:CONSOLE(69)] "%c欢迎来到网龙99游", source: https://ndim.101.com/app.4217ecf030b01f6355ab.js (69)
[1217/014415:INFO:CONSOLE(69)] "%c欢迎来到网龙99游", source: https://ndim.101.com/app.4217ecf030b01f6355ab.js (69)
[1217/014518:FATAL:navigation_controller_impl.cc(1936)] Check failed: !in_navigate_to_pending_entry_ || delegate_->IsBeingDestroyed(). 
Backtrace:
	cef_time_to_timet [0x0F208D07+791767]
	cef_time_to_timet [0x0F1D4961+577841]
	TerminateProcessWithoutDump [0x106F5004+865748]
	TerminateProcessWithoutDump [0x106F6154+870180]
	TerminateProcessWithoutDump [0x106F5DA9+869241]
	cef_string_multimap_value [0x0F129E25+54453]
	cef_time_to_timet [0x0F160FBE+104334]
	cef_drag_data_create [0x0F0F73AC+4412]
	(No symbol) [0x0028B2DE]
	(No symbol) [0x0026B91F]
	(No symbol) [0x0025DD41]
	(No symbol) [0x002305F4]
	(No symbol) [0x00226A6C]
	(No symbol) [0x00229B0D]
	SetManipulationInputTarget [0x771ED2B3+83]
	DispatchMessageW [0x771CE88A+2298]
	DispatchMessageW [0x771CE4C0+1328]
	RegisterLogonProcess [0x7725A4A8+2904]
	KiUserCallbackDispatcher [0x77ED0006+54]
	SendMessageW [0x771D0C00+320]
	(No symbol) [0x0022A2CA]
	(No symbol) [0x0024F2B5]
	(No symbol) [0x00252092]
	(No symbol) [0x00291ED6]
	cef_list_value_create [0x0F0F93F9+985]
	cef_string_multimap_value [0x0F12A068+55032]
	TerminateProcessWithoutDump [0x10641E54+132132]
	TerminateProcessWithoutDump [0x106387B3+93571]
	TerminateProcessWithoutDump [0x106F1FE5+853429]
	TerminateProcessWithoutDump [0x10652599+199529]
	TerminateProcessWithoutDump [0x107052EE+932030]
	TerminateProcessWithoutDump [0x10705432+932354]
	TerminateProcessWithoutDump [0x106F63AF+870783]
	TerminateProcessWithoutDump [0x106F6327+870647]
	TerminateProcessWithoutDump [0x106F617F+870223]
	TerminateProcessWithoutDump [0x106F5DA9+869241]
	cef_string_multimap_value [0x0F129E25+54453]
	cef_string_multimap_value [0x0F126122+38834]
	cef_string_multimap_value [0x0F1263E0+39536]
	cef_string_multimap_value [0x0F1264B2+39746]
	TerminateProcessWithoutDump [0x1161C0AE+16754302]
	GetHandleVerifier [0x0F212D65+469]
	cef_time_to_timet [0x0F1E080F+626655]
	cef_time_to_timet [0x0F1E01F9+625097]
	GetHandleVerifier [0x0F213B42+4018]
	GetHandleVerifier [0x0F21417D+5613]
	cef_time_to_timet [0x0F1E0530+625920]
	cef_time_to_timet [0x0F1E04ED+625853]
	cef_string_list_value [0x0F115FE7+37799]
	(No symbol) [0x0022A9A5]
	(No symbol) [0x00260BE9]
	(No symbol) [0x002BAA49]
	BaseThreadInitThunk [0x773362C4+36]
	RtlSubscribeWnfStateChangeNotification [0x77EC0719+1081]
	RtlSubscribeWnfStateChangeNotification [0x77EC06E4+1028]

[1217/014711:FATAL:navigation_controller_impl.cc(1936)] Check failed: !in_navigate_to_pending_entry_ || delegate_->IsBeingDestroyed(). 
Backtrace:
	cef_time_to_timet [0x0FB48D07+791767]
	cef_time_to_timet [0x0FB14961+577841]
	TerminateProcessWithoutDump [0x11035004+865748]
	TerminateProcessWithoutDump [0x11036154+870180]
	TerminateProcessWithoutDump [0x11035DA9+869241]
	cef_string_multimap_value [0x0FA69E25+54453]
	cef_time_to_timet [0x0FAA0FBE+104334]
	cef_drag_data_create [0x0FA373AC+4412]
	(No symbol) [0x0028B2DE]
	(No symbol) [0x0026B91F]
	(No symbol) [0x0025DD41]
	(No symbol) [0x002305F4]
	(No symbol) [0x00226A6C]
	(No symbol) [0x00229B0D]
	SetManipulationInputTarget [0x771ED2B3+83]
	DispatchMessageW [0x771CE88A+2298]
	DispatchMessageW [0x771CE4C0+1328]
	RegisterLogonProcess [0x7725A4A8+2904]
	KiUserCallbackDispatcher [0x77ED0006+54]
	SendMessageW [0x771D0C00+320]
	(No symbol) [0x0022A2CA]
	(No symbol) [0x0024F2B5]
	(No symbol) [0x00252092]
	(No symbol) [0x00291ED6]
	cef_list_value_create [0x0FA393F9+985]
	cef_string_multimap_value [0x0FA6A068+55032]
	TerminateProcessWithoutDump [0x10F81E54+132132]
	TerminateProcessWithoutDump [0x10F787B3+93571]
	TerminateProcessWithoutDump [0x11031FE5+853429]
	TerminateProcessWithoutDump [0x10F92599+199529]
	TerminateProcessWithoutDump [0x110452EE+932030]
	TerminateProcessWithoutDump [0x11045432+932354]
	TerminateProcessWithoutDump [0x110363AF+870783]
	TerminateProcessWithoutDump [0x11036327+870647]
	TerminateProcessWithoutDump [0x1103617F+870223]
	TerminateProcessWithoutDump [0x11035DA9+869241]
	cef_string_multimap_value [0x0FA69E25+54453]
	cef_string_multimap_value [0x0FA66122+38834]
	cef_string_multimap_value [0x0FA663E0+39536]
	cef_string_multimap_value [0x0FA664B2+39746]
	TerminateProcessWithoutDump [0x11F5C0AE+16754302]
	GetHandleVerifier [0x0FB52D65+469]
	cef_time_to_timet [0x0FB2080F+626655]
	cef_time_to_timet [0x0FB201F9+625097]
	GetHandleVerifier [0x0FB53B42+4018]
	GetHandleVerifier [0x0FB5417D+5613]
	cef_time_to_timet [0x0FB20530+625920]
	cef_time_to_timet [0x0FB204ED+625853]
	cef_string_list_value [0x0FA55FE7+37799]
	(No symbol) [0x0022A9A5]
	(No symbol) [0x00260BE9]
	(No symbol) [0x002BAA49]
	BaseThreadInitThunk [0x773362C4+36]
	RtlSubscribeWnfStateChangeNotification [0x77EC0719+1081]
	RtlSubscribeWnfStateChangeNotification [0x77EC06E4+1028]

[1217/015934:INFO:CONSOLE(4)] "Uncaught ReferenceError: c is not defined", source: https://ss1.bdstatic.com/5eN1bjq8AAUYm2zgoY3K/r/www/cache/static/protocol/https/plugins/every_cookie_4644b13.js (4)
[1217/015935:INFO:CONSOLE(179)] "同学，祝贺你喜提彩蛋~
或许你们还在犹豫是否加入，我会坦诚的告诉你我们超酷；
在这里大家都用无人车代步，AI音箱不仅播放还可以交互；
人工智能是发展的核心技术，做自己让未来不只领先几步；
在这里做自己，欢迎来到百度！
", source: https://ss1.bdstatic.com/5eN1bjq8AAUYm2zgoY3K/r/www/cache/static/protocol/https/global/js/all_async_search_8936f95.js (179)
[1217/015935:INFO:CONSOLE(179)] "%c百度2019校园招聘简历提交：http://dwz.cn/XpoFdepe （你将有机会直接获得面试资格）", source: https://ss1.bdstatic.com/5eN1bjq8AAUYm2zgoY3K/r/www/cache/static/protocol/https/global/js/all_async_search_8936f95.js (179)
[1217/020215:FATAL:navigation_controller_impl.cc(1936)] Check failed: !in_navigate_to_pending_entry_ || delegate_->IsBeingDestroyed(). 
Backtrace:
	cef_time_to_timet [0x0FE28D07+791767]
	cef_time_to_timet [0x0FDF4961+577841]
	TerminateProcessWithoutDump [0x11315004+865748]
	TerminateProcessWithoutDump [0x11316154+870180]
	TerminateProcessWithoutDump [0x11315DA9+869241]
	cef_string_multimap_value [0x0FD49E25+54453]
	cef_time_to_timet [0x0FD80FBE+104334]
	cef_drag_data_create [0x0FD173AC+4412]
	(No symbol) [0x0028B2DE]
	(No symbol) [0x0026B91F]
	(No symbol) [0x0025DD41]
	(No symbol) [0x002305F4]
	(No symbol) [0x00226A6C]
	(No symbol) [0x00229B0D]
	SetManipulationInputTarget [0x771ED2B3+83]
	DispatchMessageW [0x771CE88A+2298]
	DispatchMessageW [0x771CE4C0+1328]
	RegisterLogonProcess [0x7725A4A8+2904]
	KiUserCallbackDispatcher [0x77ED0006+54]
	SendMessageW [0x771D0C00+320]
	(No symbol) [0x0022A2CA]
	(No symbol) [0x0024F2B5]
	(No symbol) [0x00252092]
	(No symbol) [0x00291ED6]
	cef_list_value_create [0x0FD193F9+985]
	cef_string_multimap_value [0x0FD4A068+55032]
	TerminateProcessWithoutDump [0x11261E54+132132]
	TerminateProcessWithoutDump [0x112587B3+93571]
	TerminateProcessWithoutDump [0x11311FE5+853429]
	TerminateProcessWithoutDump [0x11272599+199529]
	TerminateProcessWithoutDump [0x113252EE+932030]
	TerminateProcessWithoutDump [0x11325432+932354]
	TerminateProcessWithoutDump [0x113163AF+870783]
	TerminateProcessWithoutDump [0x11316327+870647]
	TerminateProcessWithoutDump [0x1131617F+870223]
	TerminateProcessWithoutDump [0x11315DA9+869241]
	cef_string_multimap_value [0x0FD49E25+54453]
	cef_string_multimap_value [0x0FD46122+38834]
	cef_string_multimap_value [0x0FD463E0+39536]
	cef_string_multimap_value [0x0FD464B2+39746]
	TerminateProcessWithoutDump [0x1223C0AE+16754302]
	GetHandleVerifier [0x0FE32D65+469]
	cef_time_to_timet [0x0FE0080F+626655]
	cef_time_to_timet [0x0FE001F9+625097]
	GetHandleVerifier [0x0FE33B42+4018]
	GetHandleVerifier [0x0FE3417D+5613]
	cef_time_to_timet [0x0FE00530+625920]
	cef_time_to_timet [0x0FE004ED+625853]
	cef_string_list_value [0x0FD35FE7+37799]
	(No symbol) [0x0022A9A5]
	(No symbol) [0x00260BE9]
	(No symbol) [0x002BAA49]
	BaseThreadInitThunk [0x773362C4+36]
	RtlSubscribeWnfStateChangeNotification [0x77EC0719+1081]
	RtlSubscribeWnfStateChangeNotification [0x77EC06E4+1028]

[1219/001805:INFO:CONSOLE(16)] "'login' may be abandoned in the future Please use 'LOGIN'", source: https://ndim.101.com/app.8cf7971ff26843ff786d.js (16)
[1219/001807:INFO:CONSOLE(16)] "'login' may be abandoned in the future Please use 'LOGIN'", source: https://ndim.101.com/app.8cf7971ff26843ff786d.js (16)
[1219/001807:INFO:CONSOLE(68)] "%c欢迎来到网龙99游", source: https://ndim.101.com/app.8cf7971ff26843ff786d.js (68)
[1219/002153:INFO:CONSOLE(179)] "同学，祝贺你喜提彩蛋~
或许你们还在犹豫是否加入，我会坦诚的告诉你我们超酷；
在这里大家都用无人车代步，AI音箱不仅播放还可以交互；
人工智能是发展的核心技术，做自己让未来不只领先几步；
在这里做自己，欢迎来到百度！
", source: https://ss1.bdstatic.com/5eN1bjq8AAUYm2zgoY3K/r/www/cache/static/protocol/https/global/js/all_async_search_8936f95.js (179)
[1219/002153:INFO:CONSOLE(179)] "%c百度2019校园招聘简历提交：http://dwz.cn/XpoFdepe （你将有机会直接获得面试资格）", source: https://ss1.bdstatic.com/5eN1bjq8AAUYm2zgoY3K/r/www/cache/static/protocol/https/global/js/all_async_search_8936f95.js (179)
[1219/002945:INFO:CONSOLE(179)] "同学，祝贺你喜提彩蛋~
或许你们还在犹豫是否加入，我会坦诚的告诉你我们超酷；
在这里大家都用无人车代步，AI音箱不仅播放还可以交互；
人工智能是发展的核心技术，做自己让未来不只领先几步；
在这里做自己，欢迎来到百度！
", source: https://ss1.bdstatic.com/5eN1bjq8AAUYm2zgoY3K/r/www/cache/static/protocol/https/global/js/all_async_search_8936f95.js (179)
[1219/002945:INFO:CONSOLE(179)] "%c百度2019校园招聘简历提交：http://dwz.cn/XpoFdepe （你将有机会直接获得面试资格）", source: https://ss1.bdstatic.com/5eN1bjq8AAUYm2zgoY3K/r/www/cache/static/protocol/https/global/js/all_async_search_8936f95.js (179)
[1219/003556:INFO:CONSOLE(179)] "同学，祝贺你喜提彩蛋~
或许你们还在犹豫是否加入，我会坦诚的告诉你我们超酷；
在这里大家都用无人车代步，AI音箱不仅播放还可以交互；
人工智能是发展的核心技术，做自己让未来不只领先几步；
在这里做自己，欢迎来到百度！
", source: https://ss1.bdstatic.com/5eN1bjq8AAUYm2zgoY3K/r/www/cache/static/protocol/https/global/js/all_async_search_8936f95.js (179)
[1219/003556:INFO:CONSOLE(179)] "%c百度2019校园招聘简历提交：http://dwz.cn/XpoFdepe （你将有机会直接获得面试资格）", source: https://ss1.bdstatic.com/5eN1bjq8AAUYm2zgoY3K/r/www/cache/static/protocol/https/global/js/all_async_search_8936f95.js (179)
[1219/212712:INFO:CONSOLE(179)] "同学，祝贺你喜提彩蛋~
或许你们还在犹豫是否加入，我会坦诚的告诉你我们超酷；
在这里大家都用无人车代步，AI音箱不仅播放还可以交互；
人工智能是发展的核心技术，做自己让未来不只领先几步；
在这里做自己，欢迎来到百度！
", source: https://ss1.bdstatic.com/5eN1bjq8AAUYm2zgoY3K/r/www/cache/static/protocol/https/global/js/all_async_search_8936f95.js (179)
[1219/212712:INFO:CONSOLE(179)] "%c百度2019校园招聘简历提交：http://dwz.cn/XpoFdepe （你将有机会直接获得面试资格）", source: https://ss1.bdstatic.com/5eN1bjq8AAUYm2zgoY3K/r/www/cache/static/protocol/https/global/js/all_async_search_8936f95.js (179)
[1219/214258:INFO:CONSOLE(16)] "'login' may be abandoned in the future Please use 'LOGIN'", source: https://ndim.101.com/app.8cf7971ff26843ff786d.js (16)
[1219/214259:INFO:CONSOLE(16)] "'login' may be abandoned in the future Please use 'LOGIN'", source: https://ndim.101.com/app.8cf7971ff26843ff786d.js (16)
[1219/214259:INFO:CONSOLE(68)] "%c欢迎来到网龙99游", source: https://ndim.101.com/app.8cf7971ff26843ff786d.js (68)
[1219/215003:INFO:CONSOLE(16)] "'login' may be abandoned in the future Please use 'LOGIN'", source: https://ndim.101.com/app.8cf7971ff26843ff786d.js (16)
[1219/215005:INFO:CONSOLE(16)] "'login' may be abandoned in the future Please use 'LOGIN'", source: https://ndim.101.com/app.8cf7971ff26843ff786d.js (16)
[1219/215005:INFO:CONSOLE(68)] "%c欢迎来到网龙99游", source: https://ndim.101.com/app.8cf7971ff26843ff786d.js (68)
[1219/231016:INFO:CONSOLE(16)] "'login' may be abandoned in the future Please use 'LOGIN'", source: https://ndim.101.com/app.8cf7971ff26843ff786d.js (16)
[1219/231017:INFO:CONSOLE(16)] "'login' may be abandoned in the future Please use 'LOGIN'", source: https://ndim.101.com/app.8cf7971ff26843ff786d.js (16)
[1219/231017:INFO:CONSOLE(68)] "%c欢迎来到网龙99游", source: https://ndim.101.com/app.8cf7971ff26843ff786d.js (68)
[1219/231306:INFO:CONSOLE(16)] "'login' may be abandoned in the future Please use 'LOGIN'", source: https://ndim.101.com/app.8cf7971ff26843ff786d.js (16)
[1219/231308:INFO:CONSOLE(16)] "'login' may be abandoned in the future Please use 'LOGIN'", source: https://ndim.101.com/app.8cf7971ff26843ff786d.js (16)
[1219/231308:INFO:CONSOLE(68)] "%c欢迎来到网龙99游", source: https://ndim.101.com/app.8cf7971ff26843ff786d.js (68)
[1219/231438:INFO:CONSOLE(16)] "'login' may be abandoned in the future Please use 'LOGIN'", source: https://ndim.101.com/app.8cf7971ff26843ff786d.js (16)
[1219/231440:INFO:CONSOLE(16)] "'login' may be abandoned in the future Please use 'LOGIN'", source: https://ndim.101.com/app.8cf7971ff26843ff786d.js (16)
[1219/231440:INFO:CONSOLE(68)] "%c欢迎来到网龙99游", source: https://ndim.101.com/app.8cf7971ff26843ff786d.js (68)
[1219/231654:INFO:CONSOLE(16)] "'login' may be abandoned in the future Please use 'LOGIN'", source: https://ndim.101.com/app.8cf7971ff26843ff786d.js (16)
[1219/231655:INFO:CONSOLE(16)] "'login' may be abandoned in the future Please use 'LOGIN'", source: https://ndim.101.com/app.8cf7971ff26843ff786d.js (16)
[1219/231656:INFO:CONSOLE(68)] "%c欢迎来到网龙99游", source: https://ndim.101.com/app.8cf7971ff26843ff786d.js (68)
[1219/232408:INFO:CONSOLE(16)] "'login' may be abandoned in the future Please use 'LOGIN'", source: https://ndim.101.com/app.8cf7971ff26843ff786d.js (16)
[1219/232409:INFO:CONSOLE(16)] "'login' may be abandoned in the future Please use 'LOGIN'", source: https://ndim.101.com/app.8cf7971ff26843ff786d.js (16)
[1219/232410:INFO:CONSOLE(68)] "%c欢迎来到网龙99游", source: https://ndim.101.com/app.8cf7971ff26843ff786d.js (68)
[1219/233536:INFO:CONSOLE(16)] "'login' may be abandoned in the future Please use 'LOGIN'", source: https://ndim.101.com/app.8cf7971ff26843ff786d.js (16)
[1219/233538:INFO:CONSOLE(16)] "'login' may be abandoned in the future Please use 'LOGIN'", source: https://ndim.101.com/app.8cf7971ff26843ff786d.js (16)
[1219/233538:INFO:CONSOLE(68)] "%c欢迎来到网龙99游", source: https://ndim.101.com/app.8cf7971ff26843ff786d.js (68)
[1219/233840:INFO:CONSOLE(16)] "'login' may be abandoned in the future Please use 'LOGIN'", source: https://ndim.101.com/app.8cf7971ff26843ff786d.js (16)
[1219/233841:INFO:CONSOLE(16)] "'login' may be abandoned in the future Please use 'LOGIN'", source: https://ndim.101.com/app.8cf7971ff26843ff786d.js (16)
[1219/233841:INFO:CONSOLE(68)] "%c欢迎来到网龙99游", source: https://ndim.101.com/app.8cf7971ff26843ff786d.js (68)
[1219/233845:INFO:CONSOLE(16)] "'login' may be abandoned in the future Please use 'LOGIN'", source: https://ndim.101.com/app.8cf7971ff26843ff786d.js (16)
[1219/233846:INFO:CONSOLE(16)] "'login' may be abandoned in the future Please use 'LOGIN'", source: https://ndim.101.com/app.8cf7971ff26843ff786d.js (16)
[1219/233846:INFO:CONSOLE(68)] "%c欢迎来到网龙99游", source: https://ndim.101.com/app.8cf7971ff26843ff786d.js (68)
[1219/234223:INFO:CONSOLE(16)] "'login' may be abandoned in the future Please use 'LOGIN'", source: https://ndim.101.com/app.8cf7971ff26843ff786d.js (16)
[1219/234224:INFO:CONSOLE(16)] "'login' may be abandoned in the future Please use 'LOGIN'", source: https://ndim.101.com/app.8cf7971ff26843ff786d.js (16)
[1219/234224:INFO:CONSOLE(68)] "%c欢迎来到网龙99游", source: https://ndim.101.com/app.8cf7971ff26843ff786d.js (68)
[1219/235129:INFO:CONSOLE(16)] "'login' may be abandoned in the future Please use 'LOGIN'", source: https://ndim.101.com/app.8cf7971ff26843ff786d.js (16)
[1219/235131:INFO:CONSOLE(16)] "'login' may be abandoned in the future Please use 'LOGIN'", source: https://ndim.101.com/app.8cf7971ff26843ff786d.js (16)
[1219/235131:INFO:CONSOLE(68)] "%c欢迎来到网龙99游", source: https://ndim.101.com/app.8cf7971ff26843ff786d.js (68)
[1219/235848:INFO:CONSOLE(16)] "'login' may be abandoned in the future Please use 'LOGIN'", source: https://ndim.101.com/app.8cf7971ff26843ff786d.js (16)
[1219/235850:INFO:CONSOLE(16)] "'login' may be abandoned in the future Please use 'LOGIN'", source: https://ndim.101.com/app.8cf7971ff26843ff786d.js (16)
[1219/235850:INFO:CONSOLE(68)] "%c欢迎来到网龙99游", source: https://ndim.101.com/app.8cf7971ff26843ff786d.js (68)
[1220/000328:INFO:CONSOLE(16)] "'login' may be abandoned in the future Please use 'LOGIN'", source: https://ndim.101.com/app.8cf7971ff26843ff786d.js (16)
[1220/000329:INFO:CONSOLE(16)] "'login' may be abandoned in the future Please use 'LOGIN'", source: https://ndim.101.com/app.8cf7971ff26843ff786d.js (16)
[1220/000330:INFO:CONSOLE(68)] "%c欢迎来到网龙99游", source: https://ndim.101.com/app.8cf7971ff26843ff786d.js (68)
[1220/000917:INFO:CONSOLE(16)] "'login' may be abandoned in the future Please use 'LOGIN'", source: https://ndim.101.com/app.8cf7971ff26843ff786d.js (16)
[1220/000919:INFO:CONSOLE(16)] "'login' may be abandoned in the future Please use 'LOGIN'", source: https://ndim.101.com/app.8cf7971ff26843ff786d.js (16)
[1220/000919:INFO:CONSOLE(68)] "%c欢迎来到网龙99游", source: https://ndim.101.com/app.8cf7971ff26843ff786d.js (68)
[1220/001009:INFO:CONSOLE(16)] "'login' may be abandoned in the future Please use 'LOGIN'", source: https://ndim.101.com/app.8cf7971ff26843ff786d.js (16)
[1220/001011:INFO:CONSOLE(16)] "'login' may be abandoned in the future Please use 'LOGIN'", source: https://ndim.101.com/app.8cf7971ff26843ff786d.js (16)
[1220/001012:INFO:CONSOLE(68)] "%c欢迎来到网龙99游", source: https://ndim.101.com/app.8cf7971ff26843ff786d.js (68)
[1220/001446:INFO:CONSOLE(16)] "'login' may be abandoned in the future Please use 'LOGIN'", source: https://ndim.101.com/app.8cf7971ff26843ff786d.js (16)
[1220/001448:INFO:CONSOLE(16)] "'login' may be abandoned in the future Please use 'LOGIN'", source: https://ndim.101.com/app.8cf7971ff26843ff786d.js (16)
[1220/001448:INFO:CONSOLE(68)] "%c欢迎来到网龙99游", source: https://ndim.101.com/app.8cf7971ff26843ff786d.js (68)
[1220/001513:INFO:CONSOLE(31)] "%c凌晨好, 欢迎使用IM云盘", source: https://im-cloud.sdp.101.com/app.834459ec7504576b9e23.js (31)
[1220/001643:INFO:CONSOLE(16)] "'login' may be abandoned in the future Please use 'LOGIN'", source: https://ndim.101.com/app.8cf7971ff26843ff786d.js (16)
[1220/001644:INFO:CONSOLE(16)] "'login' may be abandoned in the future Please use 'LOGIN'", source: https://ndim.101.com/app.8cf7971ff26843ff786d.js (16)
[1220/001645:INFO:CONSOLE(68)] "%c欢迎来到网龙99游", source: https://ndim.101.com/app.8cf7971ff26843ff786d.js (68)
[1220/002153:INFO:CONSOLE(16)] "'login' may be abandoned in the future Please use 'LOGIN'", source: https://ndim.101.com/app.8cf7971ff26843ff786d.js (16)
[1220/002154:INFO:CONSOLE(16)] "'login' may be abandoned in the future Please use 'LOGIN'", source: https://ndim.101.com/app.8cf7971ff26843ff786d.js (16)
[1220/002155:INFO:CONSOLE(68)] "%c欢迎来到网龙99游", source: https://ndim.101.com/app.8cf7971ff26843ff786d.js (68)
[1220/113349:INFO:CONSOLE(16)] "'login' may be abandoned in the future Please use 'LOGIN'", source: https://ndim.101.com/app.8cf7971ff26843ff786d.js (16)
[1220/113350:INFO:CONSOLE(16)] "'login' may be abandoned in the future Please use 'LOGIN'", source: https://ndim.101.com/app.8cf7971ff26843ff786d.js (16)
[1220/113351:INFO:CONSOLE(68)] "%c欢迎来到网龙99游", source: https://ndim.101.com/app.8cf7971ff26843ff786d.js (68)
[1220/120240:INFO:CONSOLE(16)] "'login' may be abandoned in the future Please use 'LOGIN'", source: https://ndim.101.com/app.8cf7971ff26843ff786d.js (16)
[1220/120243:INFO:CONSOLE(16)] "'login' may be abandoned in the future Please use 'LOGIN'", source: https://ndim.101.com/app.8cf7971ff26843ff786d.js (16)
[1220/120244:INFO:CONSOLE(68)] "%c欢迎来到网龙99游", source: https://ndim.101.com/app.8cf7971ff26843ff786d.js (68)
[1220/151435:INFO:CONSOLE(16)] "'login' may be abandoned in the future Please use 'LOGIN'", source: https://ndim.101.com/app.8cf7971ff26843ff786d.js (16)
[1220/151444:INFO:CONSOLE(16)] "'login' may be abandoned in the future Please use 'LOGIN'", source: https://ndim.101.com/app.8cf7971ff26843ff786d.js (16)
[1220/151444:INFO:CONSOLE(68)] "%c欢迎来到网龙99游", source: https://ndim.101.com/app.8cf7971ff26843ff786d.js (68)
[1220/160004:INFO:CONSOLE(16)] "'login' may be abandoned in the future Please use 'LOGIN'", source: https://ndim.101.com/app.8cf7971ff26843ff786d.js (16)
[1220/160006:INFO:CONSOLE(16)] "'login' may be abandoned in the future Please use 'LOGIN'", source: https://ndim.101.com/app.8cf7971ff26843ff786d.js (16)
[1220/160006:INFO:CONSOLE(68)] "%c欢迎来到网龙99游", source: https://ndim.101.com/app.8cf7971ff26843ff786d.js (68)
[1220/160518:INFO:CONSOLE(16)] "'login' may be abandoned in the future Please use 'LOGIN'", source: https://ndim.101.com/app.8cf7971ff26843ff786d.js (16)
[1220/160520:INFO:CONSOLE(16)] "'login' may be abandoned in the future Please use 'LOGIN'", source: https://ndim.101.com/app.8cf7971ff26843ff786d.js (16)
[1220/160520:INFO:CONSOLE(68)] "%c欢迎来到网龙99游", source: https://ndim.101.com/app.8cf7971ff26843ff786d.js (68)
[1220/161537:INFO:CONSOLE(16)] "'login' may be abandoned in the future Please use 'LOGIN'", source: https://ndim.101.com/app.8cf7971ff26843ff786d.js (16)
[1220/161556:INFO:CONSOLE(16)] "'login' may be abandoned in the future Please use 'LOGIN'", source: https://ndim.101.com/app.8cf7971ff26843ff786d.js (16)
[1220/161557:INFO:CONSOLE(68)] "%c欢迎来到网龙99游", source: https://ndim.101.com/app.8cf7971ff26843ff786d.js (68)
[1220/162246:INFO:CONSOLE(16)] "'login' may be abandoned in the future Please use 'LOGIN'", source: https://ndim.101.com/app.8cf7971ff26843ff786d.js (16)
[1220/162301:INFO:CONSOLE(16)] "'login' may be abandoned in the future Please use 'LOGIN'", source: https://ndim.101.com/app.8cf7971ff26843ff786d.js (16)
[1220/162302:INFO:CONSOLE(68)] "%c欢迎来到网龙99游", source: https://ndim.101.com/app.8cf7971ff26843ff786d.js (68)
[1220/162328:ERROR:ipc_channel_win.cc(502)] pipe error: 232
[1220/162404:INFO:CONSOLE(16)] "'login' may be abandoned in the future Please use 'LOGIN'", source: https://ndim.101.com/app.8cf7971ff26843ff786d.js (16)
[1220/162406:INFO:CONSOLE(16)] "'login' may be abandoned in the future Please use 'LOGIN'", source: https://ndim.101.com/app.8cf7971ff26843ff786d.js (16)
[1220/162407:INFO:CONSOLE(68)] "%c欢迎来到网龙99游", source: https://ndim.101.com/app.8cf7971ff26843ff786d.js (68)
[1220/194553:INFO:CONSOLE(16)] "'login' may be abandoned in the future Please use 'LOGIN'", source: https://ndim.101.com/app.8cf7971ff26843ff786d.js (16)
[1220/194554:INFO:CONSOLE(16)] "'login' may be abandoned in the future Please use 'LOGIN'", source: https://ndim.101.com/app.8cf7971ff26843ff786d.js (16)
[1220/194555:INFO:CONSOLE(68)] "%c欢迎来到网龙99游", source: https://ndim.101.com/app.8cf7971ff26843ff786d.js (68)
[1220/194727:INFO:CONSOLE(16)] "'login' may be abandoned in the future Please use 'LOGIN'", source: https://ndim.101.com/app.8cf7971ff26843ff786d.js (16)
[1220/194728:INFO:CONSOLE(16)] "'login' may be abandoned in the future Please use 'LOGIN'", source: https://ndim.101.com/app.8cf7971ff26843ff786d.js (16)
[1220/194729:INFO:CONSOLE(68)] "%c欢迎来到网龙99游", source: https://ndim.101.com/app.8cf7971ff26843ff786d.js (68)
[1220/194823:INFO:CONSOLE(16)] "'login' may be abandoned in the future Please use 'LOGIN'", source: https://ndim.101.com/app.8cf7971ff26843ff786d.js (16)
[1220/194826:INFO:CONSOLE(16)] "'login' may be abandoned in the future Please use 'LOGIN'", source: https://ndim.101.com/app.8cf7971ff26843ff786d.js (16)
[1220/194826:INFO:CONSOLE(68)] "%c欢迎来到网龙99游", source: https://ndim.101.com/app.8cf7971ff26843ff786d.js (68)
[1220/194950:INFO:CONSOLE(16)] "'login' may be abandoned in the future Please use 'LOGIN'", source: https://ndim.101.com/app.8cf7971ff26843ff786d.js (16)
[1220/194951:INFO:CONSOLE(16)] "'login' may be abandoned in the future Please use 'LOGIN'", source: https://ndim.101.com/app.8cf7971ff26843ff786d.js (16)
[1220/194951:INFO:CONSOLE(68)] "%c欢迎来到网龙99游", source: https://ndim.101.com/app.8cf7971ff26843ff786d.js (68)
[1220/221715:INFO:CONSOLE(16)] "'login' may be abandoned in the future Please use 'LOGIN'", source: https://ndim.101.com/app.8cf7971ff26843ff786d.js (16)
[1220/221717:INFO:CONSOLE(16)] "'login' may be abandoned in the future Please use 'LOGIN'", source: https://ndim.101.com/app.8cf7971ff26843ff786d.js (16)
[1220/221717:INFO:CONSOLE(68)] "%c欢迎来到网龙99游", source: https://ndim.101.com/app.8cf7971ff26843ff786d.js (68)
[1221/182555:WARNING:dns_config_service_win.cc(673)] Failed to read DnsConfig.
[1221/182600:WARNING:dns_config_service_win.cc(673)] Failed to read DnsConfig.
[1221/182605:WARNING:dns_config_service_win.cc(673)] Failed to read DnsConfig.
[1221/182610:WARNING:dns_config_service_win.cc(673)] Failed to read DnsConfig.
[1221/182612:WARNING:dns_config_service_win.cc(673)] Failed to read DnsConfig.
[1221/182612:WARNING:dns_config_service_win.cc(673)] Failed to read DnsConfig.
